#
# There is insufficient memory for the Java Runtime Environment to continue.
# Native memory allocation (malloc) failed to allocate 602656 bytes for Chunk::new
# Possible reasons:
#   The system is out of physical RAM or swap space
#   The process is running with CompressedOops enabled, and the Java Heap may be blocking the growth of the native heap
# Possible solutions:
#   Reduce memory load on the system
#   Increase physical memory or swap space
#   Check if swap backing store is full
#   Decrease Java heap size (-Xmx/-Xms)
#   Decrease number of Java threads
#   Decrease Java thread stack sizes (-Xss)
#   Set larger code cache with -XX:ReservedCodeCacheSize=
#   JVM is running with Unscaled Compressed Oops mode in which the Java heap is
#     placed in the first 4GB address space. The Java Heap base address is the
#     maximum limit for the native heap growth. Please use -XX:HeapBaseMinAddress
#     to set the Java Heap base and to place the Java Heap above 4GB virtual address.
# This output file may be truncated or incomplete.
#
#  Out of Memory Error (allocation.cpp:389), pid=10656, tid=0x00000000000003b4
#
# JRE version: OpenJDK Runtime Environment (8.0_242-b01) (build 1.8.0_242-release-1644-b01)
# Java VM: OpenJDK 64-Bit Server VM (25.242-b01 mixed mode windows-amd64 compressed oops)
# Failed to write core dump. Minidumps are not enabled by default on client versions of Windows
#

---------------  T H R E A D  ---------------

Current thread (0x000000001800a000):  JavaThread "C2 CompilerThread0" daemon [_thread_in_native, id=948, stack(0x000000001a700000,0x000000001a800000)]

Stack: [0x000000001a700000,0x000000001a800000]
[error occurred during error reporting (printing stack bounds), id 0xc0000005]

Native frames: (J=compiled Java code, j=interpreted, Vv=VM code, C=native code)


Current CompileTask:
C2:  65533 17606       4       com.android.tools.build.apkzlib.zip.FileUseMap::add (131 bytes)


---------------  P R O C E S S  ---------------

Java Threads: ( => current thread )
  0x000000001c8cd000 JavaThread "WorkerExecutor Queue Thread 10" [_thread_blocked, id=7308, stack(0x000000002ec70000,0x000000002ed70000)]
  0x00000000288d2000 JavaThread "ForkJoinPool.commonPool-worker-7" daemon [_thread_blocked, id=11216, stack(0x000000002e970000,0x000000002ea70000)]
  0x00000000288d1800 JavaThread "ForkJoinPool.commonPool-worker-6" daemon [_thread_blocked, id=9928, stack(0x000000002e870000,0x000000002e970000)]
  0x00000000288cd800 JavaThread "ForkJoinPool.commonPool-worker-5" daemon [_thread_blocked, id=12448, stack(0x000000002e770000,0x000000002e870000)]
  0x00000000288cd000 JavaThread "ForkJoinPool.commonPool-worker-4" daemon [_thread_blocked, id=9480, stack(0x000000002e670000,0x000000002e770000)]
  0x00000000288d0800 JavaThread "ForkJoinPool.commonPool-worker-3" daemon [_thread_blocked, id=8616, stack(0x000000002e570000,0x000000002e670000)]
  0x00000000288cb800 JavaThread "ForkJoinPool.commonPool-worker-2" daemon [_thread_blocked, id=10104, stack(0x000000002e470000,0x000000002e570000)]
  0x00000000288c4000 JavaThread "ForkJoinPool.commonPool-worker-1" daemon [_thread_blocked, id=5188, stack(0x000000002c6b0000,0x000000002c7b0000)]
  0x00000000288cf000 JavaThread "Cache worker for Java compile cache (C:\Users\juana\Documents\POOProject\AplicacionMovil\.gradle\6.1.1\javaCompile)" [_thread_blocked, id=10896, stack(0x00000000013f0000,0x00000000014f0000)]
  0x00000000288d0000 JavaThread "Cache worker for Java compile cache (C:\Users\juana\.gradle\caches\6.1.1\javaCompile)" [_thread_blocked, id=9804, stack(0x00000000011f0000,0x00000000012f0000)]
  0x00000000288cc000 JavaThread "RMI TCP Connection(1)-127.0.0.1" daemon [_thread_in_native, id=5348, stack(0x000000002c4b0000,0x000000002c5b0000)]
  0x00000000288c3000 JavaThread "RMI Reaper" [_thread_blocked, id=17288, stack(0x000000002df70000,0x000000002e070000)]
  0x00000000288c6000 JavaThread "RMI TCP Accept-0" daemon [_thread_in_native, id=14288, stack(0x000000002de70000,0x000000002df70000)]
  0x00000000288c4800 JavaThread "GC Daemon" daemon [_thread_blocked, id=6232, stack(0x000000002cd50000,0x000000002ce50000)]
  0x00000000288ca000 JavaThread "RMI Scheduler(0)" daemon [_thread_blocked, id=12064, stack(0x000000002c220000,0x000000002c320000)]
  0x00000000288c7000 JavaThread "WorkerExecutor Queue Thread 9" [_thread_in_vm, id=6648, stack(0x000000002bed0000,0x000000002bfd0000)]
  0x00000000288c5800 JavaThread "stdout" [_thread_in_native, id=13240, stack(0x000000002d970000,0x000000002da70000)]
  0x00000000288c9000 JavaThread "stderr" [_thread_in_native, id=4732, stack(0x000000002d870000,0x000000002d970000)]
  0x00000000288c7800 JavaThread "stdout" [_thread_in_native, id=9888, stack(0x000000002d770000,0x000000002d870000)]
  0x000000001ce0f800 JavaThread "stderr" [_thread_in_native, id=14668, stack(0x000000002d670000,0x000000002d770000)]
  0x000000001ce0e800 JavaThread "stdout" [_thread_in_native, id=15060, stack(0x000000002d570000,0x000000002d670000)]
  0x000000001ce0d000 JavaThread "stderr" [_thread_in_native, id=4412, stack(0x000000002d470000,0x000000002d570000)]
  0x000000001ce0c800 JavaThread "stdout" [_thread_in_native, id=10648, stack(0x000000002d370000,0x000000002d470000)]
  0x000000001ce0e000 JavaThread "stderr" [_thread_in_native, id=15788, stack(0x000000002d270000,0x000000002d370000)]
  0x000000001ce0b800 JavaThread "stdout" [_thread_in_native, id=9324, stack(0x000000002d170000,0x000000002d270000)]
  0x000000001ce0a000 JavaThread "stderr" [_thread_in_native, id=12936, stack(0x000000002d070000,0x000000002d170000)]
  0x000000001ce10000 JavaThread "stdout" [_thread_in_native, id=14128, stack(0x000000002cf70000,0x000000002d070000)]
  0x000000001ce09800 JavaThread "stderr" [_thread_in_native, id=13024, stack(0x000000002ce70000,0x000000002cf70000)]
  0x000000001ce0b000 JavaThread "stdout" [_thread_in_native, id=15204, stack(0x000000002cc50000,0x000000002cd50000)]
  0x000000001ce02000 JavaThread "stderr" [_thread_in_native, id=9328, stack(0x000000002cb50000,0x000000002cc50000)]
  0x000000001ce08800 JavaThread "stdout" [_thread_in_native, id=4224, stack(0x000000002ca50000,0x000000002cb50000)]
  0x000000001ce01000 JavaThread "stderr" [_thread_in_native, id=13996, stack(0x000000002c950000,0x000000002ca50000)]
  0x000000001ce05000 JavaThread "pool-4-thread-1" [_thread_blocked, id=11056, stack(0x000000002c850000,0x000000002c950000)]
  0x000000001ce03800 JavaThread "WorkerExecutor Queue Thread 8" [_thread_in_Java, id=10768, stack(0x000000002bdd0000,0x000000002bed0000)]
  0x000000001ce08000 JavaThread "WorkerExecutor Queue Thread 7" [_thread_in_Java, id=15744, stack(0x000000002c5b0000,0x000000002c6b0000)]
  0x000000001ce04000 JavaThread "WorkerExecutor Queue Thread 6" [_thread_in_Java, id=14748, stack(0x000000002bcd0000,0x000000002bdd0000)]
  0x000000001ce07000 JavaThread "WorkerExecutor Queue Thread 5" [_thread_blocked, id=8424, stack(0x000000002bbd0000,0x000000002bcd0000)]
  0x000000001ce05800 JavaThread "WorkerExecutor Queue Thread 3" [_thread_in_Java, id=15580, stack(0x000000002c3b0000,0x000000002c4b0000)]
  0x000000001c8c9000 JavaThread "WorkerExecutor Queue Thread 2" [_thread_in_vm, id=3688, stack(0x000000002c120000,0x000000002c220000)]
  0x000000001c8c8800 JavaThread "WorkerExecutor Queue" [_thread_in_Java, id=17024, stack(0x000000002c020000,0x000000002c120000)]
  0x000000001f606000 JavaThread "Cache worker for execution history cache (C:\Users\juana\Documents\POOProject\AplicacionMovil\.gradle\6.1.1\executionHistory)" [_thread_blocked, id=11616, stack(0x000000002b8d0000,0x000000002b9d0000)]
  0x000000001f60d000 JavaThread "Execution worker for ':' Thread 7" [_thread_blocked, id=16996, stack(0x000000002b7d0000,0x000000002b8d0000)]
  0x000000001f608800 JavaThread "Execution worker for ':' Thread 6" [_thread_blocked, id=8696, stack(0x000000002b6d0000,0x000000002b7d0000)]
  0x000000001f60c000 JavaThread "Execution worker for ':' Thread 5" [_thread_blocked, id=5712, stack(0x000000002b5d0000,0x000000002b6d0000)]
  0x000000001f609000 JavaThread "Execution worker for ':' Thread 4" [_thread_blocked, id=2028, stack(0x000000002b4d0000,0x000000002b5d0000)]
  0x000000001f605800 JavaThread "Execution worker for ':' Thread 3" [_thread_blocked, id=9916, stack(0x000000002b3d0000,0x000000002b4d0000)]
  0x000000001f60b800 JavaThread "Execution worker for ':' Thread 2" [_thread_blocked, id=11080, stack(0x0000000026fd0000,0x00000000270d0000)]
  0x000000001f60a800 JavaThread "Execution worker for ':'" [_thread_blocked, id=3312, stack(0x0000000026ed0000,0x0000000026fd0000)]
  0x000000001f607000 JavaThread "Cache worker for file content cache (C:\Users\juana\Documents\POOProject\AplicacionMovil\.gradle\6.1.1\fileContent)" [_thread_blocked, id=3204, stack(0x000000002b0d0000,0x000000002b1d0000)]
  0x000000001f5fe000 JavaThread "Cache worker for file content cache (C:\Users\juana\.gradle\caches\6.1.1\fileContent)" [_thread_blocked, id=10020, stack(0x000000002afd0000,0x000000002b0d0000)]
  0x000000001f604800 JavaThread "Memory manager" [_thread_blocked, id=1316, stack(0x000000002ac80000,0x000000002ad80000)]
  0x000000001f600000 JavaThread "Cache worker for Build Output Cleanup Cache (C:\Users\juana\Documents\POOProject\AplicacionMovil\.gradle\buildOutputCleanup)" [_thread_blocked, id=9084, stack(0x00000000268d0000,0x00000000269d0000)]
  0x000000001f602800 JavaThread "pool-3-thread-1" [_thread_blocked, id=11688, stack(0x0000000026300000,0x0000000026400000)]
  0x000000001fb01800 JavaThread "Build operations Thread 8" [_thread_blocked, id=14016, stack(0x0000000025800000,0x0000000025900000)]
  0x000000001fb05000 JavaThread "Build operations Thread 7" [_thread_blocked, id=15432, stack(0x0000000025500000,0x0000000025600000)]
  0x000000001fafd800 JavaThread "Build operations Thread 6" [_thread_blocked, id=13524, stack(0x0000000025000000,0x0000000025100000)]
  0x000000001fb04800 JavaThread "Build operations Thread 5" [_thread_blocked, id=5584, stack(0x0000000024f00000,0x0000000025000000)]
  0x000000001fb03800 JavaThread "Build operations Thread 4" [_thread_blocked, id=14060, stack(0x0000000024bf0000,0x0000000024cf0000)]
  0x000000001fb00800 JavaThread "Build operations Thread 3" [_thread_blocked, id=1548, stack(0x0000000024af0000,0x0000000024bf0000)]
  0x000000001fb00000 JavaThread "Build operations Thread 2" [_thread_blocked, id=12760, stack(0x00000000249f0000,0x0000000024af0000)]
  0x000000001faff000 JavaThread "Build operations" [_thread_blocked, id=5464, stack(0x00000000246a0000,0x00000000247a0000)]
  0x000000001fb03000 JavaThread "Cache worker for cache directory md-rule (C:\Users\juana\.gradle\caches\6.1.1\md-rule)" [_thread_blocked, id=13548, stack(0x0000000024350000,0x0000000024450000)]
  0x000000001fb02000 JavaThread "Cache worker for cache directory md-supplier (C:\Users\juana\.gradle\caches\6.1.1\md-supplier)" [_thread_blocked, id=16868, stack(0x0000000024250000,0x0000000024350000)]
  0x000000001faf7800 JavaThread "Cache worker for file hash cache (C:\Users\juana\Documents\POOProject\AplicacionMovil\.gradle\6.1.1\fileHashes)" [_thread_blocked, id=1208, stack(0x0000000021440000,0x0000000021540000)]
  0x000000001fafb800 JavaThread "Cache worker for checksums cache (C:\Users\juana\Documents\POOProject\AplicacionMovil\.gradle\checksums)" [_thread_blocked, id=9996, stack(0x0000000021340000,0x0000000021440000)]
  0x000000001fafe800 JavaThread "Thread-38" [_thread_blocked, id=6676, stack(0x000000001fe20000,0x000000001ff20000)]
  0x000000001fafa800 JavaThread "Stdin handler" [_thread_blocked, id=6236, stack(0x000000001e650000,0x000000001e750000)]
  0x000000001faf7000 JavaThread "Asynchronous log dispatcher for DefaultDaemonConnection: socket connection from /127.0.0.1:50115 to /127.0.0.1:50153" [_thread_blocked, id=2104, stack(0x000000001e550000,0x000000001e650000)]
  0x000000001faf8800 JavaThread "Cancel handler" [_thread_blocked, id=9280, stack(0x000000001e450000,0x000000001e550000)]
  0x000000001fafa000 JavaThread "Handler for socket connection from /127.0.0.1:50115 to /127.0.0.1:50153" [_thread_in_native, id=9716, stack(0x000000001e250000,0x000000001e350000)]
  0x000000001f603000 JavaThread "Cache worker for execution history cache (C:\Users\juana\.gradle\caches\6.1.1\executionHistory)" [_thread_blocked, id=15560, stack(0x0000000022780000,0x0000000022880000)]
  0x000000001c8cb800 JavaThread "Cache worker for file hash cache (C:\Users\juana\.gradle\caches\6.1.1\fileHashes)" [_thread_blocked, id=15096, stack(0x000000001eb50000,0x000000001ec50000)]
  0x000000001c8ca800 JavaThread "File lock request listener" [_thread_in_native, id=9516, stack(0x000000001ea50000,0x000000001eb50000)]
  0x000000001c8ca000 JavaThread "Cache worker for journal cache (C:\Users\juana\.gradle\caches\journal-1)" [_thread_blocked, id=8532, stack(0x000000001e950000,0x000000001ea50000)]
  0x000000001c8cd800 JavaThread "Daemon worker" [_thread_blocked, id=1536, stack(0x000000001e350000,0x000000001e450000)]
  0x000000001c8aa800 JavaThread "Daemon" [_thread_blocked, id=15480, stack(0x000000001de50000,0x000000001df50000)]
  0x000000001c850000 JavaThread "Daemon periodic checks" [_thread_blocked, id=10500, stack(0x000000001dd50000,0x000000001de50000)]
  0x000000001c84e000 JavaThread "Incoming local TCP Connector on port 50115" [_thread_in_native, id=11084, stack(0x000000001dae0000,0x000000001dbe0000)]
  0x000000001c7f4800 JavaThread "Daemon health stats" [_thread_blocked, id=12504, stack(0x000000001d4a0000,0x000000001d5a0000)]
  0x0000000019e9b000 JavaThread "Service Thread" daemon [_thread_blocked, id=13772, stack(0x000000001ab00000,0x000000001ac00000)]
  0x0000000019e16800 JavaThread "C1 CompilerThread3" daemon [_thread_in_native, id=4184, stack(0x000000001aa00000,0x000000001ab00000)]
  0x0000000019e12800 JavaThread "C2 CompilerThread2" daemon [_thread_in_native, id=16616, stack(0x000000001a900000,0x000000001aa00000)]
  0x000000001800d000 JavaThread "C2 CompilerThread1" daemon [_thread_in_native, id=17032, stack(0x000000001a800000,0x000000001a900000)]
=>0x000000001800a000 JavaThread "C2 CompilerThread0" daemon [_thread_in_native, id=948, stack(0x000000001a700000,0x000000001a800000)]
  0x0000000019e02800 JavaThread "Attach Listener" daemon [_thread_blocked, id=14396, stack(0x000000001a600000,0x000000001a700000)]
  0x0000000019e06000 JavaThread "Signal Dispatcher" daemon [_thread_blocked, id=13736, stack(0x000000001a500000,0x000000001a600000)]
  0x0000000002f4e000 JavaThread "Finalizer" daemon [_thread_blocked, id=1592, stack(0x000000001a2d0000,0x000000001a3d0000)]
  0x0000000019df0800 JavaThread "Reference Handler" daemon [_thread_blocked, id=11232, stack(0x000000001a1d0000,0x000000001a2d0000)]
  0x0000000002d2e000 JavaThread "main" [_thread_blocked, id=14816, stack(0x0000000002d40000,0x0000000002e40000)]

Other Threads:
  0x0000000017ff8000 VMThread [stack: 0x0000000019cd0000,0x0000000019dd0000] [id=12508]
  0x0000000019e56000 WatcherThread [stack: 0x000000001ac00000,0x000000001ad00000] [id=1704]

VM state:not at safepoint (normal execution)

VM Mutex/Monitor currently owned by a thread: None

heap address: 0x0000000080000000, size: 2048 MB, Compressed Oops mode: 32-bit
Narrow klass base: 0x0000000000000000, Narrow klass shift: 3
Compressed class space size: 1073741824 Address: 0x0000000100000000

Heap:
 PSYoungGen      total 287232K, used 243415K [0x00000000d5580000, 0x00000000ea700000, 0x0000000100000000)
  eden space 242176K, 86% used [0x00000000d5580000,0x00000000e2169778,0x00000000e4200000)
  from space 45056K, 76% used [0x00000000e7100000,0x00000000e92cc820,0x00000000e9d00000)
  to   space 48128K, 0% used [0x00000000e4200000,0x00000000e4200000,0x00000000e7100000)
 ParOldGen       total 142848K, used 73911K [0x0000000080000000, 0x0000000088b80000, 0x00000000d5580000)
  object space 142848K, 51% used [0x0000000080000000,0x000000008482df90,0x0000000088b80000)
 Metaspace       used 106681K, capacity 112050K, committed 112152K, reserved 1148928K
  class space    used 14023K, capacity 15085K, committed 15152K, reserved 1048576K

Card table byte_map: [0x0000000012320000,0x0000000012730000] byte_map_base: 0x0000000011f20000

Marking Bits: (ParMarkBitMap*) 0x000000005aeef030
 Begin Bits: [0x00000000131e0000, 0x00000000151e0000)
 End Bits:   [0x00000000151e0000, 0x00000000171e0000)

Polling page: 0x0000000002d10000

CodeCache: size=245760Kb used=49173Kb max_used=49173Kb free=196586Kb
 bounds [0x0000000002f60000, 0x0000000005fa0000, 0x0000000011f60000]
 total_blobs=15825 nmethods=14892 adapters=845
 compilation: enabled

Compilation events (10 events):
Event: 65.527 Thread 0x0000000019e16800 nmethod 17717 0x0000000005f93250 code [0x0000000005f933c0, 0x0000000005f93548]
Event: 65.527 Thread 0x0000000019e16800 17713       3       com.android.tools.r8.s.a.b.m.c::g (28 bytes)
Event: 65.527 Thread 0x0000000019e16800 nmethod 17713 0x0000000005f935d0 code [0x0000000005f93740, 0x0000000005f939c8]
Event: 65.527 Thread 0x0000000019e16800 17710       3       com.android.tools.r8.v.a.a.a.h.V$f::hasNext (13 bytes)
Event: 65.528 Thread 0x0000000019e16800 nmethod 17710 0x0000000005f93b10 code [0x0000000005f93c60, 0x0000000005f93e10]
Event: 65.528 Thread 0x0000000019e16800 17719       3       com.android.tools.r8.ir.regalloc.a::a (106 bytes)
Event: 65.529 Thread 0x0000000019e16800 nmethod 17719 0x0000000005f93e90 code [0x0000000005f941a0, 0x0000000005f957f8]
Event: 65.530 Thread 0x0000000019e16800 17733       3       java.util.TimSort::mergeLo (659 bytes)
Event: 65.532 Thread 0x0000000019e16800 nmethod 17733 0x0000000005f96a90 code [0x0000000005f96dc0, 0x0000000005f98f58]
Event: 65.532 Thread 0x0000000019e16800 17724       2       com.android.tools.r8.ir.regalloc.a::a (3993 bytes)

GC Heap History (10 events):
Event: 55.450 GC heap before
{Heap before GC invocations=20 (full 3):
 PSYoungGen      total 237056K, used 232362K [0x00000000d5580000, 0x00000000e6080000, 0x0000000100000000)
  eden space 206848K, 100% used [0x00000000d5580000,0x00000000e1f80000,0x00000000e1f80000)
  from space 30208K, 84% used [0x00000000e4300000,0x00000000e5beaaa0,0x00000000e6080000)
  to   space 33280K, 0% used [0x00000000e1f80000,0x00000000e1f80000,0x00000000e4000000)
 ParOldGen       total 142848K, used 59418K [0x0000000080000000, 0x0000000088b80000, 0x00000000d5580000)
  object space 142848K, 41% used [0x0000000080000000,0x0000000083a06a98,0x0000000088b80000)
 Metaspace       used 87792K, capacity 92258K, committed 92312K, reserved 1128448K
  class space    used 11570K, capacity 12451K, committed 12464K, reserved 1048576K
Event: 55.476 GC heap after
Heap after GC invocations=20 (full 3):
 PSYoungGen      total 240128K, used 33276K [0x00000000d5580000, 0x00000000e8900000, 0x0000000100000000)
  eden space 206848K, 0% used [0x00000000d5580000,0x00000000d5580000,0x00000000e1f80000)
  from space 33280K, 99% used [0x00000000e1f80000,0x00000000e3fff088,0x00000000e4000000)
  to   space 43520K, 0% used [0x00000000e5e80000,0x00000000e5e80000,0x00000000e8900000)
 ParOldGen       total 142848K, used 73448K [0x0000000080000000, 0x0000000088b80000, 0x00000000d5580000)
  object space 142848K, 51% used [0x0000000080000000,0x00000000847ba3f0,0x0000000088b80000)
 Metaspace       used 87792K, capacity 92258K, committed 92312K, reserved 1128448K
  class space    used 11570K, capacity 12451K, committed 12464K, reserved 1048576K
}
Event: 58.237 GC heap before
{Heap before GC invocations=21 (full 3):
 PSYoungGen      total 240128K, used 240124K [0x00000000d5580000, 0x00000000e8900000, 0x0000000100000000)
  eden space 206848K, 100% used [0x00000000d5580000,0x00000000e1f80000,0x00000000e1f80000)
  from space 33280K, 99% used [0x00000000e1f80000,0x00000000e3fff088,0x00000000e4000000)
  to   space 43520K, 0% used [0x00000000e5e80000,0x00000000e5e80000,0x00000000e8900000)
 ParOldGen       total 142848K, used 73448K [0x0000000080000000, 0x0000000088b80000, 0x00000000d5580000)
  object space 142848K, 51% used [0x0000000080000000,0x00000000847ba3f0,0x0000000088b80000)
 Metaspace       used 90748K, capacity 95516K, committed 95768K, reserved 1132544K
  class space    used 11888K, capacity 12804K, committed 12848K, reserved 1048576K
Event: 58.260 GC heap after
Heap after GC invocations=21 (full 3):
 PSYoungGen      total 267264K, used 23652K [0x00000000d5580000, 0x00000000e8680000, 0x0000000100000000)
  eden space 226304K, 0% used [0x00000000d5580000,0x00000000d5580000,0x00000000e3280000)
  from space 40960K, 57% used [0x00000000e5e80000,0x00000000e75992d8,0x00000000e8680000)
  to   space 43008K, 0% used [0x00000000e3280000,0x00000000e3280000,0x00000000e5c80000)
 ParOldGen       total 142848K, used 94430K [0x0000000080000000, 0x0000000088b80000, 0x00000000d5580000)
  object space 142848K, 66% used [0x0000000080000000,0x0000000085c37830,0x0000000088b80000)
 Metaspace       used 90748K, capacity 95516K, committed 95768K, reserved 1132544K
  class space    used 11888K, capacity 12804K, committed 12848K, reserved 1048576K
}
Event: 62.351 GC heap before
{Heap before GC invocations=22 (full 3):
 PSYoungGen      total 267264K, used 100232K [0x00000000d5580000, 0x00000000e8680000, 0x0000000100000000)
  eden space 226304K, 33% used [0x00000000d5580000,0x00000000da0490d8,0x00000000e3280000)
  from space 40960K, 57% used [0x00000000e5e80000,0x00000000e75992d8,0x00000000e8680000)
  to   space 43008K, 0% used [0x00000000e3280000,0x00000000e3280000,0x00000000e5c80000)
 ParOldGen       total 142848K, used 94430K [0x0000000080000000, 0x0000000088b80000, 0x00000000d5580000)
  object space 142848K, 66% used [0x0000000080000000,0x0000000085c37830,0x0000000088b80000)
 Metaspace       used 93546K, capacity 98514K, committed 98584K, reserved 1134592K
  class space    used 12307K, capacity 13297K, committed 13360K, reserved 1048576K
Event: 62.368 GC heap after
Heap after GC invocations=22 (full 3):
 PSYoungGen      total 269312K, used 30647K [0x00000000d5580000, 0x00000000e9d00000, 0x0000000100000000)
  eden space 226304K, 0% used [0x00000000d5580000,0x00000000d5580000,0x00000000e3280000)
  from space 43008K, 71% used [0x00000000e3280000,0x00000000e506de08,0x00000000e5c80000)
  to   space 45056K, 0% used [0x00000000e7100000,0x00000000e7100000,0x00000000e9d00000)
 ParOldGen       total 142848K, used 94438K [0x0000000080000000, 0x0000000088b80000, 0x00000000d5580000)
  object space 142848K, 66% used [0x0000000080000000,0x0000000085c39830,0x0000000088b80000)
 Metaspace       used 93546K, capacity 98514K, committed 98584K, reserved 1134592K
  class space    used 12307K, capacity 13297K, committed 13360K, reserved 1048576K
}
Event: 62.368 GC heap before
{Heap before GC invocations=23 (full 4):
 PSYoungGen      total 269312K, used 30647K [0x00000000d5580000, 0x00000000e9d00000, 0x0000000100000000)
  eden space 226304K, 0% used [0x00000000d5580000,0x00000000d5580000,0x00000000e3280000)
  from space 43008K, 71% used [0x00000000e3280000,0x00000000e506de08,0x00000000e5c80000)
  to   space 45056K, 0% used [0x00000000e7100000,0x00000000e7100000,0x00000000e9d00000)
 ParOldGen       total 142848K, used 94438K [0x0000000080000000, 0x0000000088b80000, 0x00000000d5580000)
  object space 142848K, 66% used [0x0000000080000000,0x0000000085c39830,0x0000000088b80000)
 Metaspace       used 93546K, capacity 98514K, committed 98584K, reserved 1134592K
  class space    used 12307K, capacity 13297K, committed 13360K, reserved 1048576K
Event: 62.549 GC heap after
Heap after GC invocations=23 (full 4):
 PSYoungGen      total 269312K, used 0K [0x00000000d5580000, 0x00000000e9d00000, 0x0000000100000000)
  eden space 226304K, 0% used [0x00000000d5580000,0x00000000d5580000,0x00000000e3280000)
  from space 43008K, 0% used [0x00000000e3280000,0x00000000e3280000,0x00000000e5c80000)
  to   space 45056K, 0% used [0x00000000e7100000,0x00000000e7100000,0x00000000e9d00000)
 ParOldGen       total 142848K, used 73903K [0x0000000080000000, 0x0000000088b80000, 0x00000000d5580000)
  object space 142848K, 51% used [0x0000000080000000,0x000000008482bf90,0x0000000088b80000)
 Metaspace       used 93224K, capacity 97570K, committed 98584K, reserved 1134592K
  class space    used 12203K, capacity 13113K, committed 13360K, reserved 1048576K
}
Event: 64.626 GC heap before
{Heap before GC invocations=24 (full 4):
 PSYoungGen      total 269312K, used 226304K [0x00000000d5580000, 0x00000000e9d00000, 0x0000000100000000)
  eden space 226304K, 100% used [0x00000000d5580000,0x00000000e3280000,0x00000000e3280000)
  from space 43008K, 0% used [0x00000000e3280000,0x00000000e3280000,0x00000000e5c80000)
  to   space 45056K, 0% used [0x00000000e7100000,0x00000000e7100000,0x00000000e9d00000)
 ParOldGen       total 142848K, used 73903K [0x0000000080000000, 0x0000000088b80000, 0x00000000d5580000)
  object space 142848K, 51% used [0x0000000080000000,0x000000008482bf90,0x0000000088b80000)
 Metaspace       used 101314K, capacity 106114K, committed 106392K, reserved 1140736K
  class space    used 13266K, capacity 14229K, committed 14256K, reserved 1048576K
Event: 64.648 GC heap after
Heap after GC invocations=24 (full 4):
 PSYoungGen      total 287232K, used 34610K [0x00000000d5580000, 0x00000000ea700000, 0x0000000100000000)
  eden space 242176K, 0% used [0x00000000d5580000,0x00000000d5580000,0x00000000e4200000)
  from space 45056K, 76% used [0x00000000e7100000,0x00000000e92cc820,0x00000000e9d00000)
  to   space 48128K, 0% used [0x00000000e4200000,0x00000000e4200000,0x00000000e7100000)
 ParOldGen       total 142848K, used 73911K [0x0000000080000000, 0x0000000088b80000, 0x00000000d5580000)
  object space 142848K, 51% used [0x0000000080000000,0x000000008482df90,0x0000000088b80000)
 Metaspace       used 101314K, capacity 106114K, committed 106392K, reserved 1140736K
  class space    used 13266K, capacity 14229K, committed 14256K, reserved 1048576K
}

Deoptimization events (10 events):
Event: 65.501 Thread 0x000000001c8c9000 Uncommon trap: reason=bimorphic action=maybe_recompile pc=0x0000000005e8b944 method=com.android.tools.r8.u.b.m1.n()Lcom/android/tools/r8/u/b/x; @ 28
Event: 65.514 Thread 0x000000001c8c9000 Uncommon trap: reason=class_check action=maybe_recompile pc=0x0000000005ec83f0 method=com.android.tools.r8.u.b.n.a(ILcom/android/tools/r8/u/b/m1;Lcom/android/tools/r8/u/b/n$c;)V @ 32
Event: 65.514 Thread 0x000000001c8c9000 Uncommon trap: reason=class_check action=maybe_recompile pc=0x0000000005ec83f0 method=com.android.tools.r8.u.b.n.a(ILcom/android/tools/r8/u/b/m1;Lcom/android/tools/r8/u/b/n$c;)V @ 32
Event: 65.514 Thread 0x000000001c8c9000 Uncommon trap: reason=class_check action=maybe_recompile pc=0x0000000005e7cc1c method=com.android.tools.r8.ir.conversion.N.c(Lcom/android/tools/r8/u/b/h0;)V @ 146
Event: 65.522 Thread 0x000000001c8c9000 Uncommon trap: reason=bimorphic action=maybe_recompile pc=0x0000000005e7ae1c method=com.android.tools.r8.u.b.m1.a(Lcom/android/tools/r8/u/b/p1;)Lcom/android/tools/r8/ir/analysis/type/u; @ 264
Event: 65.522 Thread 0x000000001c8c9000 Uncommon trap: reason=bimorphic action=maybe_recompile pc=0x0000000005f22420 method=com.android.tools.r8.u.a.i.e.b(Lcom/android/tools/r8/u/b/h0;)V @ 89
Event: 65.522 Thread 0x000000001c8c9000 Uncommon trap: reason=bimorphic action=maybe_recompile pc=0x0000000005f22420 method=com.android.tools.r8.u.a.i.e.b(Lcom/android/tools/r8/u/b/h0;)V @ 89
Event: 65.522 Thread 0x000000001c8c9000 Uncommon trap: reason=bimorphic action=maybe_recompile pc=0x0000000005f22420 method=com.android.tools.r8.u.a.i.e.b(Lcom/android/tools/r8/u/b/h0;)V @ 89
Event: 65.522 Thread 0x000000001c8c9000 Uncommon trap: reason=bimorphic action=maybe_recompile pc=0x0000000005f22420 method=com.android.tools.r8.u.a.i.e.b(Lcom/android/tools/r8/u/b/h0;)V @ 89
Event: 65.530 Thread 0x000000001c8c9000 Uncommon trap: reason=bimorphic action=maybe_recompile pc=0x0000000004fa9030 method=java.util.Collections$UnmodifiableCollection.contains(Ljava/lang/Object;)Z @ 5

Classes redefined (0 events):
No events

Internal exceptions (10 events):
Event: 63.929 Thread 0x000000001f60d000 Exception <a 'java/lang/NoSuchMethodError': <clinit>> (0x00000000dc4abb90) thrown at [C:\src\AOSP-openjdk-git\hotspot\src\share\vm\prims\jni.cpp, line 1615]
Event: 63.967 Thread 0x000000001c8c8800 Exception <a 'java/lang/NoSuchMethodError': java.lang.Object.lambda$asRunnable$0(Lcom/android/tools/build/apkzlib/utils/IOExceptionRunnable;)V> (0x00000000dca8bf40) thrown at [C:\src\AOSP-openjdk-git\hotspot\src\share\vm\interpreter\linkResolver.cpp, line
Event: 64.090 Thread 0x000000001c8c8800 Exception <a 'java/lang/NoSuchMethodError': java.lang.Object.newSystemTemporaryDirectory()Lcom/android/tools/build/apkzlib/bytestorage/TemporaryDirectory;> (0x00000000dda3f0c0) thrown at [C:\src\AOSP-openjdk-git\hotspot\src\share\vm\interpreter\linkResolv
Event: 64.221 Thread 0x00000000288d0800 Exception <a 'java/lang/NoSuchMethodError': java.lang.Object.lambda$static$0(Ljava/lang/String;)Z> (0x00000000de6d2600) thrown at [C:\src\AOSP-openjdk-git\hotspot\src\share\vm\interpreter\linkResolver.cpp, line 620]
Event: 64.314 Thread 0x000000001f60c000 Exception <a 'java/lang/NoSuchMethodError': <clinit>> (0x00000000df79ea40) thrown at [C:\src\AOSP-openjdk-git\hotspot\src\share\vm\prims\jni.cpp, line 1615]
Event: 64.406 Thread 0x000000001f609000 Exception <a 'java/lang/NoSuchMethodError': <clinit>> (0x00000000e019ea50) thrown at [C:\src\AOSP-openjdk-git\hotspot\src\share\vm\prims\jni.cpp, line 1615]
Event: 64.469 Thread 0x000000001c8c9000 Exception <a 'sun/nio/fs/WindowsException'> (0x00000000e0a93a28) thrown at [C:\src\AOSP-openjdk-git\hotspot\src\share\vm\prims\jni.cpp, line 710]
Event: 64.580 Thread 0x000000001ce04000 Exception <a 'sun/nio/fs/WindowsException'> (0x00000000e29fc4f8) thrown at [C:\src\AOSP-openjdk-git\hotspot\src\share\vm\prims\jni.cpp, line 710]
Event: 64.993 Thread 0x000000001ce08000 Exception <a 'java/lang/NoSuchMethodError': java.lang.Object.lambda$maxBy$1(Ljava/util/Comparator;Ljava/lang/Object;Ljava/lang/Object;)Ljava/lang/Object;> (0x00000000db7524f0) thrown at [C:\src\AOSP-openjdk-git\hotspot\src\share\vm\interpreter\linkResolve
Event: 65.345 Thread 0x000000001c8c9000 Implicit null exception at 0x0000000005e27828 to 0x0000000005e279d1

Events (10 events):
Event: 65.531 loading class com/android/tools/r8/graph/H done
Event: 65.531 loading class com/android/tools/r8/graph/H
Event: 65.531 loading class com/android/tools/r8/graph/H done
Event: 65.532 loading class com/android/tools/r8/graph/H
Event: 65.532 loading class com/android/tools/r8/graph/H done
Event: 65.532 loading class com/android/tools/r8/graph/H
Event: 65.532 loading class com/android/tools/r8/graph/H done
Event: 65.532 loading class java/util/stream/Nodes
Event: 65.533 loading class java/util/stream/Nodes done
Event: 65.533 loading class java/util/stream/Nodes$EmptyNode$OfRef


Dynamic libraries:
0x00007ff675570000 - 0x00007ff6755a1000 	C:\Program Files\Android\Android Studio\jre\bin\java.exe
0x00007fffdae40000 - 0x00007fffdb030000 	C:\windows\SYSTEM32\ntdll.dll
0x00007fffda830000 - 0x00007fffda8e2000 	C:\windows\System32\KERNEL32.DLL
0x00007fffd8310000 - 0x00007fffd85b5000 	C:\windows\System32\KERNELBASE.dll
0x00007fffdabd0000 - 0x00007fffdac73000 	C:\windows\System32\ADVAPI32.dll
0x00007fffda8f0000 - 0x00007fffda98e000 	C:\windows\System32\msvcrt.dll
0x00007fffda990000 - 0x00007fffdaa27000 	C:\windows\System32\sechost.dll
0x00007fffd9310000 - 0x00007fffd9430000 	C:\windows\System32\RPCRT4.dll
0x00007fffdaa30000 - 0x00007fffdabc5000 	C:\windows\System32\USER32.dll
0x00007fffd85c0000 - 0x00007fffd85e1000 	C:\windows\System32\win32u.dll
0x00007fffd9430000 - 0x00007fffd9456000 	C:\windows\System32\GDI32.dll
0x00007fffd80f0000 - 0x00007fffd8286000 	C:\windows\System32\gdi32full.dll
0x00007fffd7ff0000 - 0x00007fffd808e000 	C:\windows\System32\msvcp_win.dll
0x00007fffd8620000 - 0x00007fffd871a000 	C:\windows\System32\ucrtbase.dll
0x00007fffbe430000 - 0x00007fffbe6b4000 	C:\windows\WinSxS\amd64_microsoft.windows.common-controls_6595b64144ccf1df_6.0.18362.1082_none_9e8193e1e45b25c1\COMCTL32.dll
0x00007fffd8fd0000 - 0x00007fffd9305000 	C:\windows\System32\combase.dll
0x00007fffd8290000 - 0x00007fffd8310000 	C:\windows\System32\bcryptPrimitives.dll
0x00007fffda100000 - 0x00007fffda12e000 	C:\windows\System32\IMM32.DLL
0x000000005a330000 - 0x000000005a402000 	C:\Program Files\Android\Android Studio\jre\jre\bin\msvcr100.dll
0x000000005a720000 - 0x000000005af6b000 	C:\Program Files\Android\Android Studio\jre\jre\bin\server\jvm.dll
0x00007fffd9750000 - 0x00007fffd9758000 	C:\windows\System32\PSAPI.DLL
0x00007fffd3020000 - 0x00007fffd3044000 	C:\windows\SYSTEM32\WINMM.dll
0x00007fffd2e70000 - 0x00007fffd2e7a000 	C:\windows\SYSTEM32\VERSION.dll
0x00007fffd46b0000 - 0x00007fffd46b9000 	C:\windows\SYSTEM32\WSOCK32.dll
0x00007fffda7c0000 - 0x00007fffda82f000 	C:\windows\System32\WS2_32.dll
0x00007fffd3680000 - 0x00007fffd36ad000 	C:\windows\SYSTEM32\WINMMBASE.dll
0x00007fffd8720000 - 0x00007fffd876a000 	C:\windows\System32\cfgmgr32.dll
0x00007fffd46a0000 - 0x00007fffd46af000 	C:\Program Files\Android\Android Studio\jre\jre\bin\verify.dll
0x00007fffcfb90000 - 0x00007fffcfbb9000 	C:\Program Files\Android\Android Studio\jre\jre\bin\java.dll
0x00007fffbd620000 - 0x00007fffbd636000 	C:\Program Files\Android\Android Studio\jre\jre\bin\zip.dll
0x00007fffd9760000 - 0x00007fffd9e47000 	C:\windows\System32\SHELL32.dll
0x00007fffd9690000 - 0x00007fffd9739000 	C:\windows\System32\shcore.dll
0x00007fffd8770000 - 0x00007fffd8ef0000 	C:\windows\System32\windows.storage.dll
0x00007fffd7da0000 - 0x00007fffd7dc3000 	C:\windows\System32\profapi.dll
0x00007fffd7d50000 - 0x00007fffd7d9a000 	C:\windows\System32\powrprof.dll
0x00007fffd7d00000 - 0x00007fffd7d10000 	C:\windows\System32\UMPDC.dll
0x00007fffdac80000 - 0x00007fffdacd2000 	C:\windows\System32\shlwapi.dll
0x00007fffd7d30000 - 0x00007fffd7d41000 	C:\windows\System32\kernel.appcore.dll
0x00007fffd7f20000 - 0x00007fffd7f37000 	C:\windows\System32\cryptsp.dll
0x00007fffbd5a0000 - 0x00007fffbd5ba000 	C:\Program Files\Android\Android Studio\jre\jre\bin\net.dll
0x00007fffd7550000 - 0x00007fffd75b7000 	C:\windows\system32\mswsock.dll
0x00007fffba860000 - 0x00007fffba873000 	C:\Program Files\Android\Android Studio\jre\jre\bin\nio.dll
0x00007fffa2f80000 - 0x00007fffa2fa6000 	C:\Users\juana\.gradle\native\31\windows-amd64\native-platform.dll
0x00007fffd2bc0000 - 0x00007fffd2bcd000 	C:\Program Files\Android\Android Studio\jre\jre\bin\management.dll
0x00007fffd70c0000 - 0x00007fffd70f3000 	C:\windows\system32\rsaenh.dll
0x00007fffd85f0000 - 0x00007fffd8616000 	C:\windows\System32\bcrypt.dll
0x00007fffd7be0000 - 0x00007fffd7c05000 	C:\windows\SYSTEM32\USERENV.dll
0x00007fffd7720000 - 0x00007fffd772c000 	C:\windows\SYSTEM32\CRYPTBASE.dll
0x00007fffd7260000 - 0x00007fffd729a000 	C:\windows\SYSTEM32\IPHLPAPI.DLL
0x00007fffd9e50000 - 0x00007fffd9e58000 	C:\windows\System32\NSI.dll
0x00007fffcef30000 - 0x00007fffcef46000 	C:\windows\SYSTEM32\dhcpcsvc6.DLL
0x00007fffd0570000 - 0x00007fffd058c000 	C:\windows\SYSTEM32\dhcpcsvc.DLL
0x00007fffd72b0000 - 0x00007fffd737b000 	C:\windows\SYSTEM32\DNSAPI.dll
0x00007fffd33c0000 - 0x00007fffd33de000 	C:\Users\juana\AppData\Local\Temp\native-platform7491698561488184522dir\native-platform.dll

VM Arguments:
jvm_args: -Xmx2048m -Dfile.encoding=windows-1252 -Duser.country=GT -Duser.language=es -Duser.variant 
java_command: org.gradle.launcher.daemon.bootstrap.GradleDaemon 6.1.1
java_class_path (initial): C:\Users\juana\.gradle\wrapper\dists\gradle-6.1.1-all\cfmwm155h49vnt3hynmlrsdst\gradle-6.1.1\lib\gradle-launcher-6.1.1.jar
Launcher Type: SUN_STANDARD

Environment Variables:
PATH=C:\Program Files (x86)\Razer\ChromaBroadcast\bin;C:\Program Files\Razer\ChromaBroadcast\bin;C:\Program Files\Java\jdk-14.0.1\bin;C:\windows\system32;C:\windows\System32\Wbem;C:\windows\System32\WindowsPowerShell\v1.0\;C:\windows\System32\OpenSSH\;C:\Program Files (x86)\NVIDIA Corporation\PhysX\Common;C:\Program Files\NVIDIA Corporation\NVIDIA NvDLISR;C:\Program Files\dotnet\;C:\Program Files\Microsoft SQL Server\130\Tools\Binn\;C:\Program Files\Microsoft SQL Server\Client SDK\ODBC\170\Tools\Binn\;C:\Users\juana\AppData\Local\Microsoft\WindowsApps;C:\Users\juana\.dotnet\tools;C:\Program Files\Git\cmd;C:\Program Files\MySQL\MySQL Shell 8.0\bin\;C:\Users\juana\AppData\Local\Microsoft\WindowsApps;C:\Program Files\FlutterFolder\flutter\bin;C:\Users\juana\AppData\Local\Programs\Microsoft VS Code\bin;C:\Users\juana\AppData\Local\GitHubDesktop\bin
USERNAME=juana
OS=Windows_NT
PROCESSOR_IDENTIFIER=Intel64 Family 6 Model 158 Stepping 13, GenuineIntel



---------------  S Y S T E M  ---------------

OS: Windows 10.0 , 64 bit Build 18362 (10.0.18362.1082)

CPU:total 8 (initial active 8) (4 cores per cpu, 2 threads per core) family 6 model 158 stepping 13, cmov, cx8, fxsr, mmx, sse, sse2, sse3, ssse3, sse4.1, sse4.2, popcnt, avx, avx2, aes, clmul, erms, 3dnowpref, lzcnt, ht, tsc, tscinvbit, bmi1, bmi2, adx

Memory: 4k page, physical 8192024k(1007496k free), swap 10133528k(2656k free)

vm_info: OpenJDK 64-Bit Server VM (25.242-b01) for windows-amd64 JRE (1.8.0_242-release-1644-b01), built by "builder" with MS VC++ 10.0 (VS2010)

time: Wed Sep 23 11:27:32 2020
timezone: Hora estándar, América Central
elapsed time: 65 seconds (0d 0h 1m 5s)

