#
# There is insufficient memory for the Java Runtime Environment to continue.
# Native memory allocation (malloc) failed to allocate 1381696 bytes for Chunk::new
# Possible reasons:
#   The system is out of physical RAM or swap space
#   The process is running with CompressedOops enabled, and the Java Heap may be blocking the growth of the native heap
# Possible solutions:
#   Reduce memory load on the system
#   Increase physical memory or swap space
#   Check if swap backing store is full
#   Decrease Java heap size (-Xmx/-Xms)
#   Decrease number of Java threads
#   Decrease Java thread stack sizes (-Xss)
#   Set larger code cache with -XX:ReservedCodeCacheSize=
#   JVM is running with Unscaled Compressed Oops mode in which the Java heap is
#     placed in the first 4GB address space. The Java Heap base address is the
#     maximum limit for the native heap growth. Please use -XX:HeapBaseMinAddress
#     to set the Java Heap base and to place the Java Heap above 4GB virtual address.
# This output file may be truncated or incomplete.
#
#  Out of Memory Error (allocation.cpp:389), pid=12448, tid=0x0000000000002284
#
# JRE version: OpenJDK Runtime Environment (8.0_242-b01) (build 1.8.0_242-release-1644-b01)
# Java VM: OpenJDK 64-Bit Server VM (25.242-b01 mixed mode windows-amd64 compressed oops)
# Failed to write core dump. Minidumps are not enabled by default on client versions of Windows
#

---------------  T H R E A D  ---------------

Current thread (0x0000000017a3c800):  JavaThread "C2 CompilerThread1" daemon [_thread_in_native, id=8836, stack(0x000000001a240000,0x000000001a340000)]

Stack: [0x000000001a240000,0x000000001a340000]
[error occurred during error reporting (printing stack bounds), id 0xc0000005]

Native frames: (J=compiled Java code, j=interpreted, Vv=VM code, C=native code)


Current CompileTask:
C2:   5042 4258       4       java.security.SecureClassLoader::defineClass (16 bytes)


---------------  P R O C E S S  ---------------

Java Threads: ( => current thread )
  0x000000001c4fb000 JavaThread "Build operations Thread 8" [_thread_blocked, id=10272, stack(0x00000000256e0000,0x00000000257e0000)]
  0x000000001c4f5000 JavaThread "Build operations Thread 7" [_thread_blocked, id=16936, stack(0x00000000255e0000,0x00000000256e0000)]
  0x000000001c4fa000 JavaThread "Build operations Thread 6" [_thread_blocked, id=4496, stack(0x00000000254e0000,0x00000000255e0000)]
  0x000000001c4f3800 JavaThread "Build operations Thread 5" [_thread_blocked, id=5484, stack(0x00000000253e0000,0x00000000254e0000)]
  0x000000001c4f2800 JavaThread "Build operations Thread 4" [_thread_blocked, id=7224, stack(0x00000000240c0000,0x00000000241c0000)]
  0x000000001c4f6800 JavaThread "Build operations Thread 3" [_thread_blocked, id=17220, stack(0x0000000023fc0000,0x00000000240c0000)]
  0x000000001c4f9800 JavaThread "Build operations Thread 2" [_thread_blocked, id=2636, stack(0x0000000023ec0000,0x0000000023fc0000)]
  0x000000001c4f2000 JavaThread "Build operations" [_thread_blocked, id=17180, stack(0x0000000020f30000,0x0000000021030000)]
  0x000000001c44d000 JavaThread "Cache worker for execution history cache (C:\Users\juana\.gradle\caches\6.1.1\executionHistory)" [_thread_blocked, id=2616, stack(0x0000000020c30000,0x0000000020d30000)]
  0x000000001c449800 JavaThread "Cache worker for cache directory md-rule (C:\Users\juana\.gradle\caches\6.1.1\md-rule)" [_thread_blocked, id=16628, stack(0x0000000020b30000,0x0000000020c30000)]
  0x000000001c44c800 JavaThread "Cache worker for cache directory md-supplier (C:\Users\juana\.gradle\caches\6.1.1\md-supplier)" [_thread_blocked, id=10524, stack(0x0000000020a30000,0x0000000020b30000)]
  0x000000001c448000 JavaThread "Cache worker for file hash cache (C:\Users\juana\Documents\POOProject\AplicacionMovil\.gradle\6.1.1\fileHashes)" [_thread_blocked, id=3920, stack(0x00000000221f0000,0x00000000222f0000)]
  0x000000001c44b800 JavaThread "Cache worker for checksums cache (C:\Users\juana\Documents\POOProject\AplicacionMovil\.gradle\checksums)" [_thread_blocked, id=10036, stack(0x00000000220f0000,0x00000000221f0000)]
  0x000000001c448800 JavaThread "Cache worker for file hash cache (C:\Users\juana\.gradle\caches\6.1.1\fileHashes)" [_thread_blocked, id=9544, stack(0x000000001e590000,0x000000001e690000)]
  0x000000001c447000 JavaThread "File lock request listener" [_thread_in_native, id=2120, stack(0x000000001e490000,0x000000001e590000)]
  0x000000001c4be800 JavaThread "Cache worker for journal cache (C:\Users\juana\.gradle\caches\journal-1)" [_thread_blocked, id=1140, stack(0x000000001e390000,0x000000001e490000)]
  0x000000001a80b000 JavaThread "Thread-9" [_thread_blocked, id=13780, stack(0x000000001e090000,0x000000001e190000)]
  0x000000001c38c800 JavaThread "Stdin handler" [_thread_blocked, id=2192, stack(0x000000001df90000,0x000000001e090000)]
  0x000000001c38c000 JavaThread "Asynchronous log dispatcher for DefaultDaemonConnection: socket connection from /127.0.0.1:50560 to /127.0.0.1:50561" [_thread_blocked, id=9140, stack(0x000000001de90000,0x000000001df90000)]
  0x000000001c3a5000 JavaThread "Daemon worker" [_thread_in_vm, id=12296, stack(0x000000001dd90000,0x000000001de90000)]
  0x000000001c3a4800 JavaThread "Cancel handler" [_thread_blocked, id=12332, stack(0x000000001dc90000,0x000000001dd90000)]
  0x000000001c375000 JavaThread "Handler for socket connection from /127.0.0.1:50560 to /127.0.0.1:50561" [_thread_in_native, id=12744, stack(0x000000001d990000,0x000000001da90000)]
  0x000000001c371000 JavaThread "Daemon" [_thread_blocked, id=5860, stack(0x000000001d890000,0x000000001d990000)]
  0x000000001c2ee000 JavaThread "Daemon periodic checks" [_thread_blocked, id=16956, stack(0x000000001d790000,0x000000001d890000)]
  0x000000001c2fb000 JavaThread "Incoming local TCP Connector on port 50560" [_thread_in_native, id=8828, stack(0x000000001d520000,0x000000001d620000)]
  0x000000001a863000 JavaThread "Daemon health stats" [_thread_blocked, id=8216, stack(0x000000001cee0000,0x000000001cfe0000)]
  0x000000001987a000 JavaThread "Service Thread" daemon [_thread_blocked, id=16236, stack(0x000000001a540000,0x000000001a640000)]
  0x000000001985d800 JavaThread "C1 CompilerThread3" daemon [_thread_blocked, id=12304, stack(0x000000001a440000,0x000000001a540000)]
  0x0000000017a3e000 JavaThread "C2 CompilerThread2" daemon [_thread_in_native, id=15376, stack(0x000000001a340000,0x000000001a440000)]
=>0x0000000017a3c800 JavaThread "C2 CompilerThread1" daemon [_thread_in_native, id=8836, stack(0x000000001a240000,0x000000001a340000)]
  0x0000000019853800 JavaThread "C2 CompilerThread0" daemon [_thread_blocked, id=16996, stack(0x000000001a140000,0x000000001a240000)]
  0x0000000019852800 JavaThread "Attach Listener" daemon [_thread_blocked, id=8424, stack(0x000000001a040000,0x000000001a140000)]
  0x0000000019856000 JavaThread "Signal Dispatcher" daemon [_thread_blocked, id=10900, stack(0x0000000019f40000,0x000000001a040000)]
  0x00000000028cd800 JavaThread "Finalizer" daemon [_thread_blocked, id=10316, stack(0x0000000019d20000,0x0000000019e20000)]
  0x0000000019840800 JavaThread "Reference Handler" daemon [_thread_blocked, id=14576, stack(0x0000000019c20000,0x0000000019d20000)]
  0x00000000029be000 JavaThread "main" [_thread_blocked, id=16872, stack(0x0000000002690000,0x0000000002790000)]

Other Threads:
  0x0000000017a28000 VMThread [stack: 0x0000000019720000,0x0000000019820000] [id=252]
  0x000000001987a800 WatcherThread [stack: 0x000000001a640000,0x000000001a740000] [id=17072]

VM state:not at safepoint (normal execution)

VM Mutex/Monitor currently owned by a thread: None

heap address: 0x0000000080000000, size: 2048 MB, Compressed Oops mode: 32-bit
Narrow klass base: 0x0000000000000000, Narrow klass shift: 3
Compressed class space size: 1073741824 Address: 0x0000000100000000

Heap:
 PSYoungGen      total 138752K, used 32650K [0x00000000d5580000, 0x00000000df100000, 0x0000000100000000)
  eden space 129536K, 18% used [0x00000000d5580000,0x00000000d6c90e90,0x00000000dd400000)
  from space 9216K, 97% used [0x00000000de800000,0x00000000df0d1a50,0x00000000df100000)
  to   space 12288K, 0% used [0x00000000dd900000,0x00000000dd900000,0x00000000de500000)
 ParOldGen       total 90624K, used 16305K [0x0000000080000000, 0x0000000085880000, 0x00000000d5580000)
  object space 90624K, 17% used [0x0000000080000000,0x0000000080fec728,0x0000000085880000)
 Metaspace       used 42472K, capacity 44278K, committed 44584K, reserved 1087488K
  class space    used 5736K, capacity 6098K, committed 6184K, reserved 1048576K

Card table byte_map: [0x0000000011d80000,0x0000000012190000] byte_map_base: 0x0000000011980000

Marking Bits: (ParMarkBitMap*) 0x000000006659f030
 Begin Bits: [0x0000000012c40000, 0x0000000014c40000)
 End Bits:   [0x0000000014c40000, 0x0000000016c40000)

Polling page: 0x0000000000990000

CodeCache: size=245760Kb used=15557Kb max_used=15557Kb free=230202Kb
 bounds [0x00000000029c0000, 0x0000000003900000, 0x00000000119c0000]
 total_blobs=5059 nmethods=4310 adapters=662
 compilation: enabled

Compilation events (10 events):
Event: 5.034 Thread 0x000000001985d800 4346       1       java.nio.charset.CharsetDecoder::charset (5 bytes)
Event: 5.035 Thread 0x000000001985d800 nmethod 4346 0x00000000038ed610 code [0x00000000038ed760, 0x00000000038ed870]
Event: 5.038 Thread 0x000000001985d800 4347       3       jdk.internal.org.objectweb.asm.AnnotationWriter::put (109 bytes)
Event: 5.038 Thread 0x000000001985d800 nmethod 4347 0x00000000038ecd10 code [0x00000000038ecec0, 0x00000000038ed378]
Event: 5.038 Thread 0x000000001985d800 4348       3       java.lang.StringBuilder::append (8 bytes)
Event: 5.038 Thread 0x000000001985d800 nmethod 4348 0x00000000038ec990 code [0x00000000038ecb00, 0x00000000038ecc88]
Event: 5.038 Thread 0x000000001985d800 4349       3       java.lang.StringBuilder::append (6 bytes)
Event: 5.039 Thread 0x000000001985d800 nmethod 4349 0x00000000038ec4d0 code [0x00000000038ec640, 0x00000000038ec8a8]
Event: 5.040 Thread 0x000000001985d800 4350       3       java.util.regex.Pattern$CharProperty$1::isSatisfiedBy (17 bytes)
Event: 5.040 Thread 0x000000001985d800 nmethod 4350 0x00000000038f84d0 code [0x00000000038f8640, 0x00000000038f88a8]

GC Heap History (10 events):
Event: 2.596 GC heap before
{Heap before GC invocations=8 (full 1):
 PSYoungGen      total 74752K, used 64512K [0x00000000d5580000, 0x00000000dab80000, 0x0000000100000000)
  eden space 64512K, 100% used [0x00000000d5580000,0x00000000d9480000,0x00000000d9480000)
  from space 10240K, 0% used [0x00000000d9f80000,0x00000000d9f80000,0x00000000da980000)
  to   space 11264K, 0% used [0x00000000d9480000,0x00000000d9480000,0x00000000d9f80000)
 ParOldGen       total 59392K, used 9218K [0x0000000080000000, 0x0000000083a00000, 0x00000000d5580000)
  object space 59392K, 15% used [0x0000000080000000,0x0000000080900830,0x0000000083a00000)
 Metaspace       used 27992K, capacity 28892K, committed 29232K, reserved 1075200K
  class space    used 3864K, capacity 4109K, committed 4144K, reserved 1048576K
Event: 2.601 GC heap after
Heap after GC invocations=8 (full 1):
 PSYoungGen      total 75776K, used 7916K [0x00000000d5580000, 0x00000000dcf00000, 0x0000000100000000)
  eden space 64512K, 0% used [0x00000000d5580000,0x00000000d5580000,0x00000000d9480000)
  from space 11264K, 70% used [0x00000000d9480000,0x00000000d9c3b1c8,0x00000000d9f80000)
  to   space 11264K, 0% used [0x00000000dc400000,0x00000000dc400000,0x00000000dcf00000)
 ParOldGen       total 59392K, used 9226K [0x0000000080000000, 0x0000000083a00000, 0x00000000d5580000)
  object space 59392K, 15% used [0x0000000080000000,0x0000000080902830,0x0000000083a00000)
 Metaspace       used 27992K, capacity 28892K, committed 29232K, reserved 1075200K
  class space    used 3864K, capacity 4109K, committed 4144K, reserved 1048576K
}
Event: 3.121 GC heap before
{Heap before GC invocations=9 (full 1):
 PSYoungGen      total 75776K, used 72428K [0x00000000d5580000, 0x00000000dcf00000, 0x0000000100000000)
  eden space 64512K, 100% used [0x00000000d5580000,0x00000000d9480000,0x00000000d9480000)
  from space 11264K, 70% used [0x00000000d9480000,0x00000000d9c3b1c8,0x00000000d9f80000)
  to   space 11264K, 0% used [0x00000000dc400000,0x00000000dc400000,0x00000000dcf00000)
 ParOldGen       total 59392K, used 9226K [0x0000000080000000, 0x0000000083a00000, 0x00000000d5580000)
  object space 59392K, 15% used [0x0000000080000000,0x0000000080902830,0x0000000083a00000)
 Metaspace       used 32162K, capacity 33082K, committed 33328K, reserved 1077248K
  class space    used 4353K, capacity 4630K, committed 4656K, reserved 1048576K
Event: 3.129 GC heap after
Heap after GC invocations=9 (full 1):
 PSYoungGen      total 112640K, used 8568K [0x00000000d5580000, 0x00000000dd000000, 0x0000000100000000)
  eden space 101376K, 0% used [0x00000000d5580000,0x00000000d5580000,0x00000000db880000)
  from space 11264K, 76% used [0x00000000dc400000,0x00000000dcc5e030,0x00000000dcf00000)
  to   space 11776K, 0% used [0x00000000db880000,0x00000000db880000,0x00000000dc400000)
 ParOldGen       total 59392K, used 9234K [0x0000000080000000, 0x0000000083a00000, 0x00000000d5580000)
  object space 59392K, 15% used [0x0000000080000000,0x0000000080904830,0x0000000083a00000)
 Metaspace       used 32162K, capacity 33082K, committed 33328K, reserved 1077248K
  class space    used 4353K, capacity 4630K, committed 4656K, reserved 1048576K
}
Event: 3.529 GC heap before
{Heap before GC invocations=10 (full 1):
 PSYoungGen      total 112640K, used 48275K [0x00000000d5580000, 0x00000000dd000000, 0x0000000100000000)
  eden space 101376K, 39% used [0x00000000d5580000,0x00000000d7c46d58,0x00000000db880000)
  from space 11264K, 76% used [0x00000000dc400000,0x00000000dcc5e030,0x00000000dcf00000)
  to   space 11776K, 0% used [0x00000000db880000,0x00000000db880000,0x00000000dc400000)
 ParOldGen       total 59392K, used 9234K [0x0000000080000000, 0x0000000083a00000, 0x00000000d5580000)
  object space 59392K, 15% used [0x0000000080000000,0x0000000080904830,0x0000000083a00000)
 Metaspace       used 34306K, capacity 35394K, committed 35496K, reserved 1079296K
  class space    used 4660K, capacity 4945K, committed 5032K, reserved 1048576K
Event: 3.538 GC heap after
Heap after GC invocations=10 (full 1):
 PSYoungGen      total 113152K, used 9309K [0x00000000d5580000, 0x00000000df400000, 0x0000000100000000)
  eden space 101376K, 0% used [0x00000000d5580000,0x00000000d5580000,0x00000000db880000)
  from space 11776K, 79% used [0x00000000db880000,0x00000000dc1976a8,0x00000000dc400000)
  to   space 12288K, 0% used [0x00000000de800000,0x00000000de800000,0x00000000df400000)
 ParOldGen       total 59392K, used 9242K [0x0000000080000000, 0x0000000083a00000, 0x00000000d5580000)
  object space 59392K, 15% used [0x0000000080000000,0x0000000080906830,0x0000000083a00000)
 Metaspace       used 34306K, capacity 35394K, committed 35496K, reserved 1079296K
  class space    used 4660K, capacity 4945K, committed 5032K, reserved 1048576K
}
Event: 3.538 GC heap before
{Heap before GC invocations=11 (full 2):
 PSYoungGen      total 113152K, used 9309K [0x00000000d5580000, 0x00000000df400000, 0x0000000100000000)
  eden space 101376K, 0% used [0x00000000d5580000,0x00000000d5580000,0x00000000db880000)
  from space 11776K, 79% used [0x00000000db880000,0x00000000dc1976a8,0x00000000dc400000)
  to   space 12288K, 0% used [0x00000000de800000,0x00000000de800000,0x00000000df400000)
 ParOldGen       total 59392K, used 9242K [0x0000000080000000, 0x0000000083a00000, 0x00000000d5580000)
  object space 59392K, 15% used [0x0000000080000000,0x0000000080906830,0x0000000083a00000)
 Metaspace       used 34306K, capacity 35394K, committed 35496K, reserved 1079296K
  class space    used 4660K, capacity 4945K, committed 5032K, reserved 1048576K
Event: 3.575 GC heap after
Heap after GC invocations=11 (full 2):
 PSYoungGen      total 113152K, used 0K [0x00000000d5580000, 0x00000000df400000, 0x0000000100000000)
  eden space 101376K, 0% used [0x00000000d5580000,0x00000000d5580000,0x00000000db880000)
  from space 11776K, 0% used [0x00000000db880000,0x00000000db880000,0x00000000dc400000)
  to   space 12288K, 0% used [0x00000000de800000,0x00000000de800000,0x00000000df400000)
 ParOldGen       total 90624K, used 16297K [0x0000000080000000, 0x0000000085880000, 0x00000000d5580000)
  object space 90624K, 17% used [0x0000000080000000,0x0000000080fea728,0x0000000085880000)
 Metaspace       used 34306K, capacity 35394K, committed 35496K, reserved 1079296K
  class space    used 4660K, capacity 4945K, committed 5032K, reserved 1048576K
}
Event: 4.501 GC heap before
{Heap before GC invocations=12 (full 2):
 PSYoungGen      total 113152K, used 101376K [0x00000000d5580000, 0x00000000df400000, 0x0000000100000000)
  eden space 101376K, 100% used [0x00000000d5580000,0x00000000db880000,0x00000000db880000)
  from space 11776K, 0% used [0x00000000db880000,0x00000000db880000,0x00000000dc400000)
  to   space 12288K, 0% used [0x00000000de800000,0x00000000de800000,0x00000000df400000)
 ParOldGen       total 90624K, used 16297K [0x0000000080000000, 0x0000000085880000, 0x00000000d5580000)
  object space 90624K, 17% used [0x0000000080000000,0x0000000080fea728,0x0000000085880000)
 Metaspace       used 39155K, capacity 40768K, committed 41128K, reserved 1085440K
  class space    used 5317K, capacity 5675K, committed 5800K, reserved 1048576K
Event: 4.512 GC heap after
Heap after GC invocations=12 (full 2):
 PSYoungGen      total 138752K, used 9030K [0x00000000d5580000, 0x00000000df100000, 0x0000000100000000)
  eden space 129536K, 0% used [0x00000000d5580000,0x00000000d5580000,0x00000000dd400000)
  from space 9216K, 97% used [0x00000000de800000,0x00000000df0d1a50,0x00000000df100000)
  to   space 12288K, 0% used [0x00000000dd900000,0x00000000dd900000,0x00000000de500000)
 ParOldGen       total 90624K, used 16305K [0x0000000080000000, 0x0000000085880000, 0x00000000d5580000)
  object space 90624K, 17% used [0x0000000080000000,0x0000000080fec728,0x0000000085880000)
 Metaspace       used 39155K, capacity 40768K, committed 41128K, reserved 1085440K
  class space    used 5317K, capacity 5675K, committed 5800K, reserved 1048576K
}

Deoptimization events (10 events):
Event: 4.973 Thread 0x000000001c3a5000 Uncommon trap: reason=bimorphic action=maybe_recompile pc=0x00000000033a0920 method=java.util.AbstractCollection.addAll(Ljava/util/Collection;)Z @ 29
Event: 5.001 Thread 0x000000001c3a5000 Uncommon trap: reason=bimorphic action=maybe_recompile pc=0x000000000349a2a8 method=java.util.Arrays.binarySearch0([Ljava/lang/Object;IILjava/lang/Object;Ljava/util/Comparator;)I @ 48
Event: 5.001 Thread 0x000000001c3a5000 Uncommon trap: reason=bimorphic action=maybe_recompile pc=0x000000000349a2a8 method=java.util.Arrays.binarySearch0([Ljava/lang/Object;IILjava/lang/Object;Ljava/util/Comparator;)I @ 48
Event: 5.001 Thread 0x000000001c3a5000 Uncommon trap: reason=bimorphic action=maybe_recompile pc=0x000000000349a2a8 method=java.util.Arrays.binarySearch0([Ljava/lang/Object;IILjava/lang/Object;Ljava/util/Comparator;)I @ 48
Event: 5.001 Thread 0x000000001c3a5000 Uncommon trap: reason=bimorphic action=maybe_recompile pc=0x000000000349a2a8 method=java.util.Arrays.binarySearch0([Ljava/lang/Object;IILjava/lang/Object;Ljava/util/Comparator;)I @ 48
Event: 5.031 Thread 0x000000001c3a5000 Uncommon trap: reason=bimorphic action=maybe_recompile pc=0x000000000376a7a0 method=java.util.regex.Pattern$CharProperty.match(Ljava/util/regex/Matcher;ILjava/lang/CharSequence;)Z @ 18
Event: 5.031 Thread 0x000000001c3a5000 Uncommon trap: reason=bimorphic action=maybe_recompile pc=0x000000000376a7a0 method=java.util.regex.Pattern$CharProperty.match(Ljava/util/regex/Matcher;ILjava/lang/CharSequence;)Z @ 18
Event: 5.031 Thread 0x000000001c3a5000 Uncommon trap: reason=bimorphic action=maybe_recompile pc=0x000000000376a7a0 method=java.util.regex.Pattern$CharProperty.match(Ljava/util/regex/Matcher;ILjava/lang/CharSequence;)Z @ 18
Event: 5.031 Thread 0x000000001c3a5000 Uncommon trap: reason=bimorphic action=maybe_recompile pc=0x000000000376a7a0 method=java.util.regex.Pattern$CharProperty.match(Ljava/util/regex/Matcher;ILjava/lang/CharSequence;)Z @ 18
Event: 5.035 Thread 0x000000001c3a5000 Uncommon trap: reason=unstable_if action=reinterpret pc=0x0000000002ac4a8c method=java.security.CodeSource.hashCode()I @ 4

Classes redefined (0 events):
No events

Internal exceptions (10 events):
Event: 4.294 Thread 0x000000001c3a5000 Exception <a 'java/lang/ClassNotFoundException': org/gradle/api/DefaultTaskBeanInfo> (0x00000000daa86130) thrown at [C:\src\AOSP-openjdk-git\hotspot\src\share\vm\classfile\systemDictionary.cpp, line 210]
Event: 4.294 Thread 0x000000001c3a5000 Exception <a 'java/lang/ClassNotFoundException': org/gradle/api/internal/AbstractTaskBeanInfo> (0x00000000daabbb28) thrown at [C:\src\AOSP-openjdk-git\hotspot\src\share\vm\classfile\systemDictionary.cpp, line 210]
Event: 4.295 Thread 0x000000001c3a5000 Exception <a 'java/lang/ClassNotFoundException': org/gradle/api/internal/AbstractTaskCustomizer> (0x00000000daaf24f8) thrown at [C:\src\AOSP-openjdk-git\hotspot\src\share\vm\classfile\systemDictionary.cpp, line 210]
Event: 4.297 Thread 0x000000001c3a5000 Exception <a 'java/lang/ClassNotFoundException': org/gradle/api/DefaultTaskCustomizer> (0x00000000dab88ca0) thrown at [C:\src\AOSP-openjdk-git\hotspot\src\share\vm\classfile\systemDictionary.cpp, line 210]
Event: 4.297 Thread 0x000000001c3a5000 Exception <a 'java/lang/ClassNotFoundException': org/gradle/api/internal/ConventionTaskCustomizer> (0x00000000dabd1300) thrown at [C:\src\AOSP-openjdk-git\hotspot\src\share\vm\classfile\systemDictionary.cpp, line 210]
Event: 4.298 Thread 0x000000001c3a5000 Exception <a 'java/lang/ClassNotFoundException': org/gradle/api/tasks/DeleteCustomizer> (0x00000000dac15a10) thrown at [C:\src\AOSP-openjdk-git\hotspot\src\share\vm\classfile\systemDictionary.cpp, line 210]
Event: 4.299 Thread 0x000000001c3a5000 Exception <a 'java/lang/ClassNotFoundException': org/gradle/api/tasks/Delete_DecoratedCustomizer> (0x00000000dac68560) thrown at [C:\src\AOSP-openjdk-git\hotspot\src\share\vm\classfile\systemDictionary.cpp, line 210]
Event: 4.739 Thread 0x000000001c3a5000 Exception <a 'java/lang/ClassNotFoundException': build_6d63ssrtgfrmoyx13iv97opo4BeanInfo> (0x00000000d5f6ad30) thrown at [C:\src\AOSP-openjdk-git\hotspot\src\share\vm\classfile\systemDictionary.cpp, line 210]
Event: 4.742 Thread 0x000000001c3a5000 Exception <a 'java/lang/ClassNotFoundException': build_6d63ssrtgfrmoyx13iv97opo4Customizer> (0x00000000d5f77ed0) thrown at [C:\src\AOSP-openjdk-git\hotspot\src\share\vm\classfile\systemDictionary.cpp, line 210]
Event: 5.035 Thread 0x000000001c3a5000 Implicit null exception at 0x0000000002ac4795 to 0x0000000002ac4a7d

Events (10 events):
Event: 5.035 loading class com/google/common/base/Verify
Event: 5.035 loading class com/google/common/base/Verify done
Event: 5.036 loading class com/google/common/base/VerifyException
Event: 5.036 loading class com/google/common/base/VerifyException done
Event: 5.038 loading class com/android/build/gradle/internal/BuildSessionImpl
Event: 5.038 loading class com/android/build/gradle/internal/BuildSessionImpl done
Event: 5.039 loading class com/android/build/gradle/internal/BuildSession
Event: 5.039 loading class com/android/build/gradle/internal/BuildSession done
Event: 5.040 loading class com/android/build/gradle/internal/BuildSessionImpl$BuildState
Event: 5.040 loading class com/android/build/gradle/internal/BuildSessionImpl$BuildState done


Dynamic libraries:
0x00007ff6e3710000 - 0x00007ff6e3741000 	C:\Program Files\Android\Android Studio\jre\bin\java.exe
0x00007ffec4280000 - 0x00007ffec4470000 	C:\windows\SYSTEM32\ntdll.dll
0x00007ffec3990000 - 0x00007ffec3a42000 	C:\windows\System32\KERNEL32.DLL
0x00007ffec1630000 - 0x00007ffec18d5000 	C:\windows\System32\KERNELBASE.dll
0x00007ffec4130000 - 0x00007ffec41d3000 	C:\windows\System32\ADVAPI32.dll
0x00007ffec3a50000 - 0x00007ffec3aee000 	C:\windows\System32\msvcrt.dll
0x00007ffec4010000 - 0x00007ffec40a7000 	C:\windows\System32\sechost.dll
0x00007ffec2f50000 - 0x00007ffec3070000 	C:\windows\System32\RPCRT4.dll
0x00007ffec3cc0000 - 0x00007ffec3e55000 	C:\windows\System32\USER32.dll
0x00007ffec1360000 - 0x00007ffec1381000 	C:\windows\System32\win32u.dll
0x00007ffec28c0000 - 0x00007ffec28e6000 	C:\windows\System32\GDI32.dll
0x00007ffec1490000 - 0x00007ffec1626000 	C:\windows\System32\gdi32full.dll
0x00007ffec1ac0000 - 0x00007ffec1b5e000 	C:\windows\System32\msvcp_win.dll
0x00007ffec18e0000 - 0x00007ffec19da000 	C:\windows\System32\ucrtbase.dll
0x00007ffea5370000 - 0x00007ffea55f4000 	C:\windows\WinSxS\amd64_microsoft.windows.common-controls_6595b64144ccf1df_6.0.18362.1082_none_9e8193e1e45b25c1\COMCTL32.dll
0x00007ffec28f0000 - 0x00007ffec2c25000 	C:\windows\System32\combase.dll
0x00007ffec19e0000 - 0x00007ffec1a60000 	C:\windows\System32\bcryptPrimitives.dll
0x00007ffec3b00000 - 0x00007ffec3b2e000 	C:\windows\System32\IMM32.DLL
0x0000000065280000 - 0x0000000065352000 	C:\Program Files\Android\Android Studio\jre\jre\bin\msvcr100.dll
0x0000000065dd0000 - 0x000000006661b000 	C:\Program Files\Android\Android Studio\jre\jre\bin\server\jvm.dll
0x00007ffec3af0000 - 0x00007ffec3af8000 	C:\windows\System32\PSAPI.DLL
0x00007ffebc690000 - 0x00007ffebc699000 	C:\windows\SYSTEM32\WSOCK32.dll
0x00007ffebc900000 - 0x00007ffebc924000 	C:\windows\SYSTEM32\WINMM.dll
0x00007ffeb9d10000 - 0x00007ffeb9d1a000 	C:\windows\SYSTEM32\VERSION.dll
0x00007ffec3b30000 - 0x00007ffec3b9f000 	C:\windows\System32\WS2_32.dll
0x00007ffebc8a0000 - 0x00007ffebc8cd000 	C:\windows\SYSTEM32\WINMMBASE.dll
0x00007ffec1440000 - 0x00007ffec148a000 	C:\windows\System32\cfgmgr32.dll
0x00007ffebc680000 - 0x00007ffebc68f000 	C:\Program Files\Android\Android Studio\jre\jre\bin\verify.dll
0x00007ffebc650000 - 0x00007ffebc679000 	C:\Program Files\Android\Android Studio\jre\jre\bin\java.dll
0x00007ffea4530000 - 0x00007ffea4546000 	C:\Program Files\Android\Android Studio\jre\jre\bin\zip.dll
0x00007ffec3140000 - 0x00007ffec3827000 	C:\windows\System32\SHELL32.dll
0x00007ffec3ba0000 - 0x00007ffec3c49000 	C:\windows\System32\shcore.dll
0x00007ffec1bb0000 - 0x00007ffec2330000 	C:\windows\System32\windows.storage.dll
0x00007ffec1190000 - 0x00007ffec11b3000 	C:\windows\System32\profapi.dll
0x00007ffec11c0000 - 0x00007ffec120a000 	C:\windows\System32\powrprof.dll
0x00007ffec1140000 - 0x00007ffec1150000 	C:\windows\System32\UMPDC.dll
0x00007ffec2340000 - 0x00007ffec2392000 	C:\windows\System32\shlwapi.dll
0x00007ffec1150000 - 0x00007ffec1161000 	C:\windows\System32\kernel.appcore.dll
0x00007ffec1b60000 - 0x00007ffec1b77000 	C:\windows\System32\cryptsp.dll
0x00007ffea4510000 - 0x00007ffea452a000 	C:\Program Files\Android\Android Studio\jre\jre\bin\net.dll
0x00007ffec0990000 - 0x00007ffec09f7000 	C:\windows\system32\mswsock.dll
0x00007ffea3e40000 - 0x00007ffea3e53000 	C:\Program Files\Android\Android Studio\jre\jre\bin\nio.dll
0x00007ffeae250000 - 0x00007ffeae276000 	C:\Users\juana\.gradle\native\31\windows-amd64\native-platform.dll
0x00007ffea4a40000 - 0x00007ffea4a4d000 	C:\Program Files\Android\Android Studio\jre\jre\bin\management.dll
0x00007ffec0500000 - 0x00007ffec0533000 	C:\windows\system32\rsaenh.dll
0x00007ffec1b80000 - 0x00007ffec1ba6000 	C:\windows\System32\bcrypt.dll
0x00007ffec1060000 - 0x00007ffec1085000 	C:\windows\SYSTEM32\USERENV.dll
0x00007ffec0b60000 - 0x00007ffec0b6c000 	C:\windows\SYSTEM32\CRYPTBASE.dll
0x00007ffec06a0000 - 0x00007ffec06da000 	C:\windows\SYSTEM32\IPHLPAPI.DLL
0x00007ffec3980000 - 0x00007ffec3988000 	C:\windows\System32\NSI.dll
0x00007ffeb8ff0000 - 0x00007ffeb9006000 	C:\windows\SYSTEM32\dhcpcsvc6.DLL
0x00007ffeba010000 - 0x00007ffeba02c000 	C:\windows\SYSTEM32\dhcpcsvc.DLL
0x00007ffec06e0000 - 0x00007ffec07ab000 	C:\windows\SYSTEM32\DNSAPI.dll

VM Arguments:
jvm_args: -Xmx2048m -Dfile.encoding=windows-1252 -Duser.country=GT -Duser.language=es -Duser.variant 
java_command: org.gradle.launcher.daemon.bootstrap.GradleDaemon 6.1.1
java_class_path (initial): C:\Users\juana\.gradle\wrapper\dists\gradle-6.1.1-all\cfmwm155h49vnt3hynmlrsdst\gradle-6.1.1\lib\gradle-launcher-6.1.1.jar
Launcher Type: SUN_STANDARD

Environment Variables:
PATH=C:\Program Files (x86)\Razer\ChromaBroadcast\bin;C:\Program Files\Razer\ChromaBroadcast\bin;C:\Program Files\Java\jdk-14.0.1\bin;C:\windows\system32;C:\windows\System32\Wbem;C:\windows\System32\WindowsPowerShell\v1.0\;C:\windows\System32\OpenSSH\;C:\Program Files (x86)\NVIDIA Corporation\PhysX\Common;C:\Program Files\NVIDIA Corporation\NVIDIA NvDLISR;C:\Program Files\dotnet\;C:\Program Files\Microsoft SQL Server\130\Tools\Binn\;C:\Program Files\Microsoft SQL Server\Client SDK\ODBC\170\Tools\Binn\;C:\Users\juana\AppData\Local\Microsoft\WindowsApps;C:\Users\juana\.dotnet\tools;C:\Program Files\Git\cmd;C:\Program Files\MySQL\MySQL Shell 8.0\bin\;C:\Users\juana\AppData\Local\Microsoft\WindowsApps;C:\Program Files\FlutterFolder\flutter\bin;C:\Users\juana\AppData\Local\Programs\Microsoft VS Code\bin;C:\Users\juana\AppData\Local\GitHubDesktop\bin
USERNAME=juana
OS=Windows_NT
PROCESSOR_IDENTIFIER=Intel64 Family 6 Model 158 Stepping 13, GenuineIntel



---------------  S Y S T E M  ---------------

OS: Windows 10.0 , 64 bit Build 18362 (10.0.18362.1082)

CPU:total 8 (initial active 8) (4 cores per cpu, 2 threads per core) family 6 model 158 stepping 13, cmov, cx8, fxsr, mmx, sse, sse2, sse3, ssse3, sse4.1, sse4.2, popcnt, avx, avx2, aes, clmul, erms, 3dnowpref, lzcnt, ht, tsc, tscinvbit, bmi1, bmi2, adx

Memory: 4k page, physical 8192024k(1244076k free), swap 10133528k(6024k free)

vm_info: OpenJDK 64-Bit Server VM (25.242-b01) for windows-amd64 JRE (1.8.0_242-release-1644-b01), built by "builder" with MS VC++ 10.0 (VS2010)

time: Wed Sep 23 13:31:37 2020
timezone: Hora estándar, América Central
elapsed time: 5 seconds (0d 0h 0m 5s)

