#
# There is insufficient memory for the Java Runtime Environment to continue.
# Native memory allocation (malloc) failed to allocate 1785072 bytes for Chunk::new
# Possible reasons:
#   The system is out of physical RAM or swap space
#   The process is running with CompressedOops enabled, and the Java Heap may be blocking the growth of the native heap
# Possible solutions:
#   Reduce memory load on the system
#   Increase physical memory or swap space
#   Check if swap backing store is full
#   Decrease Java heap size (-Xmx/-Xms)
#   Decrease number of Java threads
#   Decrease Java thread stack sizes (-Xss)
#   Set larger code cache with -XX:ReservedCodeCacheSize=
#   JVM is running with Unscaled Compressed Oops mode in which the Java heap is
#     placed in the first 4GB address space. The Java Heap base address is the
#     maximum limit for the native heap growth. Please use -XX:HeapBaseMinAddress
#     to set the Java Heap base and to place the Java Heap above 4GB virtual address.
# This output file may be truncated or incomplete.
#
#  Out of Memory Error (allocation.cpp:389), pid=15552, tid=0x0000000000003050
#
# JRE version: OpenJDK Runtime Environment (8.0_242-b01) (build 1.8.0_242-release-1644-b01)
# Java VM: OpenJDK 64-Bit Server VM (25.242-b01 mixed mode windows-amd64 compressed oops)
# Failed to write core dump. Minidumps are not enabled by default on client versions of Windows
#

---------------  T H R E A D  ---------------

Current thread (0x0000000019ef4000):  JavaThread "C2 CompilerThread0" daemon [_thread_in_native, id=12368, stack(0x000000001a7e0000,0x000000001a8e0000)]

Stack: [0x000000001a7e0000,0x000000001a8e0000]
[error occurred during error reporting (printing stack bounds), id 0xc0000005]

Native frames: (J=compiled Java code, j=interpreted, Vv=VM code, C=native code)


Current CompileTask:
C2:   2222 1483   !   4       java.net.URLClassLoader$1::run (63 bytes)


---------------  P R O C E S S  ---------------

Java Threads: ( => current thread )
  0x0000000019f00000 JavaThread "Cache worker for file hash cache (C:\Users\juana\Documents\POOProject\AplicacionMovil\.gradle\6.1.1\fileHashes)" [_thread_blocked, id=11600, stack(0x0000000021370000,0x0000000021470000)]
  0x0000000019efe800 JavaThread "Cache worker for checksums cache (C:\Users\juana\Documents\POOProject\AplicacionMovil\.gradle\checksums)" [_thread_blocked, id=11716, stack(0x0000000021270000,0x0000000021370000)]
  0x0000000019f03800 JavaThread "Cache worker for file hash cache (C:\Users\juana\.gradle\caches\6.1.1\fileHashes)" [_thread_blocked, id=17316, stack(0x000000001ec30000,0x000000001ed30000)]
  0x0000000019f00800 JavaThread "File lock request listener" [_thread_in_native, id=16948, stack(0x000000001eb30000,0x000000001ec30000)]
  0x000000001c9ff800 JavaThread "Cache worker for journal cache (C:\Users\juana\.gradle\caches\journal-1)" [_thread_blocked, id=13952, stack(0x000000001ea30000,0x000000001eb30000)]
  0x000000001c83e800 JavaThread "Thread-9" [_thread_blocked, id=996, stack(0x000000001e730000,0x000000001e830000)]
  0x000000001c884800 JavaThread "Stdin handler" [_thread_blocked, id=17140, stack(0x000000001e630000,0x000000001e730000)]
  0x000000001c887800 JavaThread "Asynchronous log dispatcher for DefaultDaemonConnection: socket connection from /127.0.0.1:50576 to /127.0.0.1:50577" [_thread_blocked, id=15888, stack(0x000000001e530000,0x000000001e630000)]
  0x000000001c832800 JavaThread "Daemon worker" [_thread_in_native, id=10640, stack(0x000000001e430000,0x000000001e530000)]
  0x000000001c831800 JavaThread "Cancel handler" [_thread_blocked, id=17360, stack(0x000000001e330000,0x000000001e430000)]
  0x000000001c7f4800 JavaThread "Handler for socket connection from /127.0.0.1:50576 to /127.0.0.1:50577" [_thread_in_native, id=14940, stack(0x000000001e030000,0x000000001e130000)]
  0x000000001c7f7000 JavaThread "Daemon" [_thread_blocked, id=13928, stack(0x000000001df30000,0x000000001e030000)]
  0x000000001c818800 JavaThread "Daemon periodic checks" [_thread_blocked, id=8252, stack(0x000000001de30000,0x000000001df30000)]
  0x000000001c7a7000 JavaThread "Incoming local TCP Connector on port 50576" [_thread_in_native, id=10016, stack(0x000000001dbc0000,0x000000001dcc0000)]
  0x000000001c6e7800 JavaThread "Daemon health stats" [_thread_blocked, id=15292, stack(0x000000001d580000,0x000000001d680000)]
  0x0000000019f85000 JavaThread "Service Thread" daemon [_thread_blocked, id=7604, stack(0x000000001abe0000,0x000000001ace0000)]
  0x0000000019f01800 JavaThread "C1 CompilerThread3" daemon [_thread_in_native, id=16792, stack(0x000000001aae0000,0x000000001abe0000)]
  0x0000000019f03000 JavaThread "C2 CompilerThread2" daemon [_thread_in_native, id=1344, stack(0x000000001a9e0000,0x000000001aae0000)]
  0x0000000019ef8000 JavaThread "C2 CompilerThread1" daemon [_thread_blocked, id=16428, stack(0x000000001a8e0000,0x000000001a9e0000)]
=>0x0000000019ef4000 JavaThread "C2 CompilerThread0" daemon [_thread_in_native, id=12368, stack(0x000000001a7e0000,0x000000001a8e0000)]
  0x0000000019ef2800 JavaThread "Attach Listener" daemon [_thread_blocked, id=10336, stack(0x000000001a6e0000,0x000000001a7e0000)]
  0x0000000019ef6000 JavaThread "Signal Dispatcher" daemon [_thread_blocked, id=3400, stack(0x000000001a5e0000,0x000000001a6e0000)]
  0x0000000019ee1000 JavaThread "Finalizer" daemon [_thread_blocked, id=8888, stack(0x000000001a3c0000,0x000000001a4c0000)]
  0x0000000019ee0800 JavaThread "Reference Handler" daemon [_thread_blocked, id=11312, stack(0x000000001a2c0000,0x000000001a3c0000)]
  0x0000000002d6e000 JavaThread "main" [_thread_blocked, id=2148, stack(0x0000000002e70000,0x0000000002f70000)]

Other Threads:
  0x00000000180d8000 VMThread [stack: 0x0000000019dc0000,0x0000000019ec0000] [id=7572]
  0x0000000019f89800 WatcherThread [stack: 0x000000001ace0000,0x000000001ade0000] [id=16980]

VM state:not at safepoint (normal execution)

VM Mutex/Monitor currently owned by a thread: None

heap address: 0x0000000080000000, size: 2048 MB, Compressed Oops mode: 32-bit
Narrow klass base: 0x0000000000000000, Narrow klass shift: 3
Compressed class space size: 1073741824 Address: 0x0000000100000000

Heap:
 PSYoungGen      total 70656K, used 62425K [0x00000000d5580000, 0x00000000ddf80000, 0x0000000100000000)
  eden space 65536K, 87% used [0x00000000d5580000,0x00000000d8d7a710,0x00000000d9580000)
  from space 5120K, 99% used [0x00000000d9580000,0x00000000d9a7c030,0x00000000d9a80000)
  to   space 5120K, 0% used [0x00000000dda80000,0x00000000dda80000,0x00000000ddf80000)
 ParOldGen       total 86016K, used 4323K [0x0000000080000000, 0x0000000085400000, 0x00000000d5580000)
  object space 86016K, 5% used [0x0000000080000000,0x0000000080438cd0,0x0000000085400000)
 Metaspace       used 19639K, capacity 20266K, committed 20352K, reserved 1067008K
  class space    used 2745K, capacity 2943K, committed 2944K, reserved 1048576K

Card table byte_map: [0x0000000012430000,0x0000000012840000] byte_map_base: 0x0000000012030000

Marking Bits: (ParMarkBitMap*) 0x000000006659f030
 Begin Bits: [0x00000000132f0000, 0x00000000152f0000)
 End Bits:   [0x00000000152f0000, 0x00000000172f0000)

Polling page: 0x0000000001080000

CodeCache: size=245760Kb used=5801Kb max_used=5811Kb free=239958Kb
 bounds [0x0000000003070000, 0x0000000003620000, 0x0000000012070000]
 total_blobs=2106 nmethods=1683 adapters=336
 compilation: enabled

Compilation events (10 events):
Event: 2.197 Thread 0x0000000019ef8000 1682       4       java.io.DataOutputStream::writeByte (14 bytes)
Event: 2.197 Thread 0x0000000019f01800 1683       3       sun.misc.ProxyGenerator::access$1000 (7 bytes)
Event: 2.197 Thread 0x0000000019f01800 nmethod 1683 0x000000000360fe90 code [0x0000000003610000, 0x0000000003610168]
Event: 2.197 Thread 0x0000000019f01800 1684       3       sun.misc.ProxyGenerator::code_ipush (90 bytes)
Event: 2.197 Thread 0x0000000019ef8000 nmethod 1682 0x000000000361a7d0 code [0x000000000361a920, 0x000000000361a9b8]
Event: 2.197 Thread 0x0000000019ef8000 1685  s    4       java.io.DataOutputStream::write (14 bytes)
Event: 2.198 Thread 0x0000000019f01800 nmethod 1684 0x0000000003618f10 code [0x0000000003619160, 0x000000000361a1e8]
Event: 2.202 Thread 0x0000000019ef8000 nmethod 1685 0x0000000003617e90 code [0x0000000003618000, 0x00000000036188a8]
Event: 2.205 Thread 0x0000000019ef8000 1687  s    4       java.lang.StringBuffer::toString (36 bytes)
Event: 2.209 Thread 0x0000000019ef8000 nmethod 1687 0x000000000361ba90 code [0x000000000361bbe0, 0x000000000361c178]

GC Heap History (6 events):
Event: 0.782 GC heap before
{Heap before GC invocations=1 (full 0):
 PSYoungGen      total 37888K, used 32768K [0x00000000d5580000, 0x00000000d7f80000, 0x0000000100000000)
  eden space 32768K, 100% used [0x00000000d5580000,0x00000000d7580000,0x00000000d7580000)
  from space 5120K, 0% used [0x00000000d7a80000,0x00000000d7a80000,0x00000000d7f80000)
  to   space 5120K, 0% used [0x00000000d7580000,0x00000000d7580000,0x00000000d7a80000)
 ParOldGen       total 86016K, used 0K [0x0000000080000000, 0x0000000085400000, 0x00000000d5580000)
  object space 86016K, 0% used [0x0000000080000000,0x0000000080000000,0x0000000085400000)
 Metaspace       used 7496K, capacity 7772K, committed 8064K, reserved 1056768K
  class space    used 924K, capacity 1036K, committed 1152K, reserved 1048576K
Event: 0.792 GC heap after
Heap after GC invocations=1 (full 0):
 PSYoungGen      total 37888K, used 4440K [0x00000000d5580000, 0x00000000d9f80000, 0x0000000100000000)
  eden space 32768K, 0% used [0x00000000d5580000,0x00000000d5580000,0x00000000d7580000)
  from space 5120K, 86% used [0x00000000d7580000,0x00000000d79d6258,0x00000000d7a80000)
  to   space 5120K, 0% used [0x00000000d9a80000,0x00000000d9a80000,0x00000000d9f80000)
 ParOldGen       total 86016K, used 8K [0x0000000080000000, 0x0000000085400000, 0x00000000d5580000)
  object space 86016K, 0% used [0x0000000080000000,0x0000000080002000,0x0000000085400000)
 Metaspace       used 7496K, capacity 7772K, committed 8064K, reserved 1056768K
  class space    used 924K, capacity 1036K, committed 1152K, reserved 1048576K
}
Event: 0.996 GC heap before
{Heap before GC invocations=2 (full 0):
 PSYoungGen      total 37888K, used 37208K [0x00000000d5580000, 0x00000000d9f80000, 0x0000000100000000)
  eden space 32768K, 100% used [0x00000000d5580000,0x00000000d7580000,0x00000000d7580000)
  from space 5120K, 86% used [0x00000000d7580000,0x00000000d79d6258,0x00000000d7a80000)
  to   space 5120K, 0% used [0x00000000d9a80000,0x00000000d9a80000,0x00000000d9f80000)
 ParOldGen       total 86016K, used 8K [0x0000000080000000, 0x0000000085400000, 0x00000000d5580000)
  object space 86016K, 0% used [0x0000000080000000,0x0000000080002000,0x0000000085400000)
 Metaspace       used 7738K, capacity 8084K, committed 8320K, reserved 1056768K
  class space    used 949K, capacity 1076K, committed 1152K, reserved 1048576K
Event: 0.999 GC heap after
Heap after GC invocations=2 (full 0):
 PSYoungGen      total 70656K, used 3421K [0x00000000d5580000, 0x00000000d9f80000, 0x0000000100000000)
  eden space 65536K, 0% used [0x00000000d5580000,0x00000000d5580000,0x00000000d9580000)
  from space 5120K, 66% used [0x00000000d9a80000,0x00000000d9dd7760,0x00000000d9f80000)
  to   space 5120K, 0% used [0x00000000d9580000,0x00000000d9580000,0x00000000d9a80000)
 ParOldGen       total 86016K, used 16K [0x0000000080000000, 0x0000000085400000, 0x00000000d5580000)
  object space 86016K, 0% used [0x0000000080000000,0x0000000080004000,0x0000000085400000)
 Metaspace       used 7738K, capacity 8084K, committed 8320K, reserved 1056768K
  class space    used 949K, capacity 1076K, committed 1152K, reserved 1048576K
}
Event: 1.790 GC heap before
{Heap before GC invocations=3 (full 0):
 PSYoungGen      total 70656K, used 68957K [0x00000000d5580000, 0x00000000d9f80000, 0x0000000100000000)
  eden space 65536K, 100% used [0x00000000d5580000,0x00000000d9580000,0x00000000d9580000)
  from space 5120K, 66% used [0x00000000d9a80000,0x00000000d9dd7760,0x00000000d9f80000)
  to   space 5120K, 0% used [0x00000000d9580000,0x00000000d9580000,0x00000000d9a80000)
 ParOldGen       total 86016K, used 16K [0x0000000080000000, 0x0000000085400000, 0x00000000d5580000)
  object space 86016K, 0% used [0x0000000080000000,0x0000000080004000,0x0000000085400000)
 Metaspace       used 15018K, capacity 15492K, committed 15744K, reserved 1062912K
  class space    used 1988K, capacity 2128K, committed 2176K, reserved 1048576K
Event: 1.797 GC heap after
Heap after GC invocations=3 (full 0):
 PSYoungGen      total 70656K, used 5104K [0x00000000d5580000, 0x00000000ddf80000, 0x0000000100000000)
  eden space 65536K, 0% used [0x00000000d5580000,0x00000000d5580000,0x00000000d9580000)
  from space 5120K, 99% used [0x00000000d9580000,0x00000000d9a7c030,0x00000000d9a80000)
  to   space 5120K, 0% used [0x00000000dda80000,0x00000000dda80000,0x00000000ddf80000)
 ParOldGen       total 86016K, used 4323K [0x0000000080000000, 0x0000000085400000, 0x00000000d5580000)
  object space 86016K, 5% used [0x0000000080000000,0x0000000080438cd0,0x0000000085400000)
 Metaspace       used 15018K, capacity 15492K, committed 15744K, reserved 1062912K
  class space    used 1988K, capacity 2128K, committed 2176K, reserved 1048576K
}

Deoptimization events (10 events):
Event: 1.579 Thread 0x000000001c832800 Uncommon trap: reason=bimorphic action=maybe_recompile pc=0x000000000331fa90 method=java.util.HashMap.putVal(ILjava/lang/Object;Ljava/lang/Object;ZZ)Ljava/lang/Object; @ 253
Event: 1.580 Thread 0x000000001c832800 Uncommon trap: reason=bimorphic action=maybe_recompile pc=0x000000000331fa90 method=java.util.HashMap.putVal(ILjava/lang/Object;Ljava/lang/Object;ZZ)Ljava/lang/Object; @ 253
Event: 1.580 Thread 0x000000001c832800 Uncommon trap: reason=bimorphic action=maybe_recompile pc=0x000000000331fa90 method=java.util.HashMap.putVal(ILjava/lang/Object;Ljava/lang/Object;ZZ)Ljava/lang/Object; @ 253
Event: 1.719 Thread 0x000000001c832800 Uncommon trap: reason=class_check action=maybe_recompile pc=0x0000000003393798 method=java.util.regex.Matcher.match(II)Z @ 86
Event: 1.730 Thread 0x000000001c832800 Uncommon trap: reason=class_check action=maybe_recompile pc=0x0000000003393798 method=java.util.regex.Matcher.match(II)Z @ 86
Event: 1.730 Thread 0x000000001c832800 Uncommon trap: reason=class_check action=maybe_recompile pc=0x0000000003393798 method=java.util.regex.Matcher.match(II)Z @ 86
Event: 1.730 Thread 0x000000001c832800 Uncommon trap: reason=class_check action=maybe_recompile pc=0x0000000003225fdc method=java.util.regex.Matcher.match(II)Z @ 86
Event: 1.876 Thread 0x000000001c832800 Uncommon trap: reason=unstable_if action=reinterpret pc=0x0000000003396bdc method=java.io.File.getName()Ljava/lang/String; @ 16
Event: 2.112 Thread 0x000000001c832800 Uncommon trap: reason=unstable_if action=reinterpret pc=0x0000000003235948 method=java.net.URI.match(CJJ)Z @ 19
Event: 2.112 Thread 0x000000001c832800 Uncommon trap: reason=unstable_if action=reinterpret pc=0x00000000033016c0 method=java.net.URI.match(CJJ)Z @ 19

Classes redefined (0 events):
No events

Internal exceptions (10 events):
Event: 1.548 Thread 0x000000001c7f4800 Exception <a 'java/lang/NoSuchMethodError': <clinit>> (0x00000000d74bb2f0) thrown at [C:\src\AOSP-openjdk-git\hotspot\src\share\vm\prims\jni.cpp, line 1615]
Event: 1.549 Thread 0x000000001c7f4800 Exception <a 'java/lang/NoSuchMethodError': <clinit>> (0x00000000d74c3e90) thrown at [C:\src\AOSP-openjdk-git\hotspot\src\share\vm\prims\jni.cpp, line 1615]
Event: 1.550 Thread 0x000000001c7f4800 Exception <a 'java/lang/NoSuchMethodError': <clinit>> (0x00000000d74da2c0) thrown at [C:\src\AOSP-openjdk-git\hotspot\src\share\vm\prims\jni.cpp, line 1615]
Event: 1.558 Thread 0x000000001c7f4800 Exception <a 'java/lang/NoSuchMethodError': <clinit>> (0x00000000d753df88) thrown at [C:\src\AOSP-openjdk-git\hotspot\src\share\vm\prims\jni.cpp, line 1615]
Event: 1.561 Thread 0x000000001c7f4800 Exception <a 'java/lang/NoSuchMethodError': <clinit>> (0x00000000d756a6b0) thrown at [C:\src\AOSP-openjdk-git\hotspot\src\share\vm\prims\jni.cpp, line 1615]
Event: 1.565 Thread 0x000000001c7f4800 Exception <a 'java/lang/NoSuchMethodError': <clinit>> (0x00000000d7598d38) thrown at [C:\src\AOSP-openjdk-git\hotspot\src\share\vm\prims\jni.cpp, line 1615]
Event: 1.565 Thread 0x000000001c7f4800 Exception <a 'java/lang/NoSuchMethodError': <clinit>> (0x00000000d75a3d08) thrown at [C:\src\AOSP-openjdk-git\hotspot\src\share\vm\prims\jni.cpp, line 1615]
Event: 1.899 Thread 0x000000001c832800 Exception <a 'java/lang/NoSuchMethodError': java.lang.Object.lambda$and$0(Ljava/util/function/Predicate;Ljava/lang/Object;)Z> (0x00000000d69f6b90) thrown at [C:\src\AOSP-openjdk-git\hotspot\src\share\vm\interpreter\linkResolver.cpp, line 620]
Event: 1.903 Thread 0x000000001c832800 Exception <a 'java/lang/IncompatibleClassChangeError': Found class java.lang.Object, but interface was expected> (0x00000000d6a07380) thrown at [C:\src\AOSP-openjdk-git\hotspot\src\share\vm\interpreter\linkResolver.cpp, line 653]
Event: 1.904 Thread 0x000000001c832800 Exception <a 'java/lang/NoSuchMethodError': java.lang.Object.lambda$or$2(Ljava/util/function/Predicate;Ljava/lang/Object;)Z> (0x00000000d6a0c2a0) thrown at [C:\src\AOSP-openjdk-git\hotspot\src\share\vm\interpreter\linkResolver.cpp, line 620]

Events (10 events):
Event: 2.213 loading class org/gradle/tooling/internal/provider/BuildModelAction
Event: 2.213 loading class org/gradle/tooling/internal/provider/BuildModelAction done
Event: 2.213 loading class org/gradle/tooling/internal/provider/TestExecutionRequestAction
Event: 2.213 loading class org/gradle/tooling/internal/provider/TestExecutionRequestAction done
Event: 2.214 loading class org/gradle/tooling/internal/provider/ClientProvidedBuildAction
Event: 2.214 loading class org/gradle/tooling/internal/provider/ClientProvidedBuildAction done
Event: 2.214 loading class org/gradle/tooling/internal/provider/serialization/DefaultPayloadClassLoaderRegistry$2
Event: 2.214 loading class org/gradle/tooling/internal/provider/serialization/DefaultPayloadClassLoaderRegistry$2 done
Event: 2.214 loading class org/gradle/tooling/internal/provider/serialization/WellKnownClassLoaderRegistry$2
Event: 2.214 loading class org/gradle/tooling/internal/provider/serialization/WellKnownClassLoaderRegistry$2 done


Dynamic libraries:
0x00007ff6e3710000 - 0x00007ff6e3741000 	C:\Program Files\Android\Android Studio\jre\bin\java.exe
0x00007ffec4280000 - 0x00007ffec4470000 	C:\windows\SYSTEM32\ntdll.dll
0x00007ffec3990000 - 0x00007ffec3a42000 	C:\windows\System32\KERNEL32.DLL
0x00007ffec1630000 - 0x00007ffec18d5000 	C:\windows\System32\KERNELBASE.dll
0x00007ffec4130000 - 0x00007ffec41d3000 	C:\windows\System32\ADVAPI32.dll
0x00007ffec3a50000 - 0x00007ffec3aee000 	C:\windows\System32\msvcrt.dll
0x00007ffec4010000 - 0x00007ffec40a7000 	C:\windows\System32\sechost.dll
0x00007ffec2f50000 - 0x00007ffec3070000 	C:\windows\System32\RPCRT4.dll
0x00007ffec3cc0000 - 0x00007ffec3e55000 	C:\windows\System32\USER32.dll
0x00007ffec1360000 - 0x00007ffec1381000 	C:\windows\System32\win32u.dll
0x00007ffec28c0000 - 0x00007ffec28e6000 	C:\windows\System32\GDI32.dll
0x00007ffec1490000 - 0x00007ffec1626000 	C:\windows\System32\gdi32full.dll
0x00007ffec1ac0000 - 0x00007ffec1b5e000 	C:\windows\System32\msvcp_win.dll
0x00007ffec18e0000 - 0x00007ffec19da000 	C:\windows\System32\ucrtbase.dll
0x00007ffea5370000 - 0x00007ffea55f4000 	C:\windows\WinSxS\amd64_microsoft.windows.common-controls_6595b64144ccf1df_6.0.18362.1082_none_9e8193e1e45b25c1\COMCTL32.dll
0x00007ffec28f0000 - 0x00007ffec2c25000 	C:\windows\System32\combase.dll
0x00007ffec19e0000 - 0x00007ffec1a60000 	C:\windows\System32\bcryptPrimitives.dll
0x00007ffec3b00000 - 0x00007ffec3b2e000 	C:\windows\System32\IMM32.DLL
0x0000000065280000 - 0x0000000065352000 	C:\Program Files\Android\Android Studio\jre\jre\bin\msvcr100.dll
0x0000000065dd0000 - 0x000000006661b000 	C:\Program Files\Android\Android Studio\jre\jre\bin\server\jvm.dll
0x00007ffec3af0000 - 0x00007ffec3af8000 	C:\windows\System32\PSAPI.DLL
0x00007ffebc690000 - 0x00007ffebc699000 	C:\windows\SYSTEM32\WSOCK32.dll
0x00007ffec3b30000 - 0x00007ffec3b9f000 	C:\windows\System32\WS2_32.dll
0x00007ffeb9d10000 - 0x00007ffeb9d1a000 	C:\windows\SYSTEM32\VERSION.dll
0x00007ffebc900000 - 0x00007ffebc924000 	C:\windows\SYSTEM32\WINMM.dll
0x00007ffebc8a0000 - 0x00007ffebc8cd000 	C:\windows\SYSTEM32\WINMMBASE.dll
0x00007ffec1440000 - 0x00007ffec148a000 	C:\windows\System32\cfgmgr32.dll
0x00007ffebc680000 - 0x00007ffebc68f000 	C:\Program Files\Android\Android Studio\jre\jre\bin\verify.dll
0x00007ffebc650000 - 0x00007ffebc679000 	C:\Program Files\Android\Android Studio\jre\jre\bin\java.dll
0x00007ffea4530000 - 0x00007ffea4546000 	C:\Program Files\Android\Android Studio\jre\jre\bin\zip.dll
0x00007ffec3140000 - 0x00007ffec3827000 	C:\windows\System32\SHELL32.dll
0x00007ffec3ba0000 - 0x00007ffec3c49000 	C:\windows\System32\shcore.dll
0x00007ffec1bb0000 - 0x00007ffec2330000 	C:\windows\System32\windows.storage.dll
0x00007ffec1190000 - 0x00007ffec11b3000 	C:\windows\System32\profapi.dll
0x00007ffec11c0000 - 0x00007ffec120a000 	C:\windows\System32\powrprof.dll
0x00007ffec1140000 - 0x00007ffec1150000 	C:\windows\System32\UMPDC.dll
0x00007ffec2340000 - 0x00007ffec2392000 	C:\windows\System32\shlwapi.dll
0x00007ffec1150000 - 0x00007ffec1161000 	C:\windows\System32\kernel.appcore.dll
0x00007ffec1b60000 - 0x00007ffec1b77000 	C:\windows\System32\cryptsp.dll
0x00007ffea4510000 - 0x00007ffea452a000 	C:\Program Files\Android\Android Studio\jre\jre\bin\net.dll
0x00007ffec0990000 - 0x00007ffec09f7000 	C:\windows\system32\mswsock.dll
0x00007ffea3e40000 - 0x00007ffea3e53000 	C:\Program Files\Android\Android Studio\jre\jre\bin\nio.dll
0x00007ffeae250000 - 0x00007ffeae276000 	C:\Users\juana\.gradle\native\31\windows-amd64\native-platform.dll
0x00007ffea4a40000 - 0x00007ffea4a4d000 	C:\Program Files\Android\Android Studio\jre\jre\bin\management.dll
0x00007ffec0500000 - 0x00007ffec0533000 	C:\windows\system32\rsaenh.dll
0x00007ffec1b80000 - 0x00007ffec1ba6000 	C:\windows\System32\bcrypt.dll
0x00007ffec1060000 - 0x00007ffec1085000 	C:\windows\SYSTEM32\USERENV.dll
0x00007ffec0b60000 - 0x00007ffec0b6c000 	C:\windows\SYSTEM32\CRYPTBASE.dll
0x00007ffec06a0000 - 0x00007ffec06da000 	C:\windows\SYSTEM32\IPHLPAPI.DLL
0x00007ffec3980000 - 0x00007ffec3988000 	C:\windows\System32\NSI.dll
0x00007ffeb8ff0000 - 0x00007ffeb9006000 	C:\windows\SYSTEM32\dhcpcsvc6.DLL
0x00007ffeba010000 - 0x00007ffeba02c000 	C:\windows\SYSTEM32\dhcpcsvc.DLL
0x00007ffec06e0000 - 0x00007ffec07ab000 	C:\windows\SYSTEM32\DNSAPI.dll

VM Arguments:
jvm_args: -Xmx2048m -Dfile.encoding=windows-1252 -Duser.country=GT -Duser.language=es -Duser.variant 
java_command: org.gradle.launcher.daemon.bootstrap.GradleDaemon 6.1.1
java_class_path (initial): C:\Users\juana\.gradle\wrapper\dists\gradle-6.1.1-all\cfmwm155h49vnt3hynmlrsdst\gradle-6.1.1\lib\gradle-launcher-6.1.1.jar
Launcher Type: SUN_STANDARD

Environment Variables:
PATH=C:\Program Files (x86)\Razer\ChromaBroadcast\bin;C:\Program Files\Razer\ChromaBroadcast\bin;C:\Program Files\Java\jdk-14.0.1\bin;C:\windows\system32;C:\windows\System32\Wbem;C:\windows\System32\WindowsPowerShell\v1.0\;C:\windows\System32\OpenSSH\;C:\Program Files (x86)\NVIDIA Corporation\PhysX\Common;C:\Program Files\NVIDIA Corporation\NVIDIA NvDLISR;C:\Program Files\dotnet\;C:\Program Files\Microsoft SQL Server\130\Tools\Binn\;C:\Program Files\Microsoft SQL Server\Client SDK\ODBC\170\Tools\Binn\;C:\Users\juana\AppData\Local\Microsoft\WindowsApps;C:\Users\juana\.dotnet\tools;C:\Program Files\Git\cmd;C:\Program Files\MySQL\MySQL Shell 8.0\bin\;C:\Users\juana\AppData\Local\Microsoft\WindowsApps;C:\Program Files\FlutterFolder\flutter\bin;C:\Users\juana\AppData\Local\Programs\Microsoft VS Code\bin;C:\Users\juana\AppData\Local\GitHubDesktop\bin
USERNAME=juana
OS=Windows_NT
PROCESSOR_IDENTIFIER=Intel64 Family 6 Model 158 Stepping 13, GenuineIntel



---------------  S Y S T E M  ---------------

OS: Windows 10.0 , 64 bit Build 18362 (10.0.18362.1082)

CPU:total 8 (initial active 8) (4 cores per cpu, 2 threads per core) family 6 model 158 stepping 13, cmov, cx8, fxsr, mmx, sse, sse2, sse3, ssse3, sse4.1, sse4.2, popcnt, avx, avx2, aes, clmul, erms, 3dnowpref, lzcnt, ht, tsc, tscinvbit, bmi1, bmi2, adx

Memory: 4k page, physical 8192024k(1396068k free), swap 10133528k(5188k free)

vm_info: OpenJDK 64-Bit Server VM (25.242-b01) for windows-amd64 JRE (1.8.0_242-release-1644-b01), built by "builder" with MS VC++ 10.0 (VS2010)

time: Wed Sep 23 13:32:45 2020
timezone: Hora estándar, América Central
elapsed time: 2 seconds (0d 0h 0m 2s)

