#
# There is insufficient memory for the Java Runtime Environment to continue.
# Native memory allocation (malloc) failed to allocate 353456 bytes for Chunk::new
# Possible reasons:
#   The system is out of physical RAM or swap space
#   The process is running with CompressedOops enabled, and the Java Heap may be blocking the growth of the native heap
# Possible solutions:
#   Reduce memory load on the system
#   Increase physical memory or swap space
#   Check if swap backing store is full
#   Decrease Java heap size (-Xmx/-Xms)
#   Decrease number of Java threads
#   Decrease Java thread stack sizes (-Xss)
#   Set larger code cache with -XX:ReservedCodeCacheSize=
#   JVM is running with Unscaled Compressed Oops mode in which the Java heap is
#     placed in the first 4GB address space. The Java Heap base address is the
#     maximum limit for the native heap growth. Please use -XX:HeapBaseMinAddress
#     to set the Java Heap base and to place the Java Heap above 4GB virtual address.
# This output file may be truncated or incomplete.
#
#  Out of Memory Error (allocation.cpp:389), pid=3792, tid=0x0000000000001e8c
#
# JRE version: OpenJDK Runtime Environment (8.0_242-b01) (build 1.8.0_242-release-1644-b01)
# Java VM: OpenJDK 64-Bit Server VM (25.242-b01 mixed mode windows-amd64 compressed oops)
# Failed to write core dump. Minidumps are not enabled by default on client versions of Windows
#

---------------  T H R E A D  ---------------

Current thread (0x00000000194f5000):  JavaThread "C2 CompilerThread2" daemon [_thread_in_native, id=7820, stack(0x0000000019fd0000,0x000000001a0d0000)]

Stack: [0x0000000019fd0000,0x000000001a0d0000]
[error occurred during error reporting (printing stack bounds), id 0xc0000005]

Native frames: (J=compiled Java code, j=interpreted, Vv=VM code, C=native code)


Current CompileTask:
C2:   1964 1461       4       java.net.URLClassLoader$1::run (5 bytes)


---------------  P R O C E S S  ---------------

Java Threads: ( => current thread )
  0x000000001c0e1800 JavaThread "Cache worker for file hash cache (C:\Users\juana\.gradle\caches\6.1.1\fileHashes)" [_thread_blocked, id=8960, stack(0x000000001e220000,0x000000001e320000)]
  0x000000001c0e4800 JavaThread "File lock request listener" [_thread_in_native, id=9200, stack(0x000000001e120000,0x000000001e220000)]
  0x000000001b8c4800 JavaThread "Cache worker for journal cache (C:\Users\juana\.gradle\caches\journal-1)" [_thread_blocked, id=4136, stack(0x000000001e020000,0x000000001e120000)]
  0x000000001a41f800 JavaThread "Thread-9" [_thread_blocked, id=3260, stack(0x000000001dd20000,0x000000001de20000)]
  0x000000001bfa2800 JavaThread "Stdin handler" [_thread_blocked, id=8656, stack(0x000000001dc20000,0x000000001dd20000)]
  0x000000001bf94800 JavaThread "Asynchronous log dispatcher for DefaultDaemonConnection: socket connection from /127.0.0.1:49925 to /127.0.0.1:49926" [_thread_blocked, id=2948, stack(0x000000001db20000,0x000000001dc20000)]
  0x000000001bf8f800 JavaThread "Daemon worker" [_thread_in_native, id=4352, stack(0x000000001da20000,0x000000001db20000)]
  0x000000001bf87000 JavaThread "Cancel handler" [_thread_blocked, id=15400, stack(0x000000001d920000,0x000000001da20000)]
  0x000000001bfe0000 JavaThread "Handler for socket connection from /127.0.0.1:49925 to /127.0.0.1:49926" [_thread_in_native, id=4388, stack(0x000000001d620000,0x000000001d720000)]
  0x000000001bfdd800 JavaThread "Daemon" [_thread_blocked, id=2248, stack(0x000000001d520000,0x000000001d620000)]
  0x000000001bf85800 JavaThread "Daemon periodic checks" [_thread_blocked, id=16348, stack(0x000000001d420000,0x000000001d520000)]
  0x000000001bf3d000 JavaThread "Incoming local TCP Connector on port 49925" [_thread_in_native, id=2244, stack(0x000000001d1b0000,0x000000001d2b0000)]
  0x000000001a470000 JavaThread "Daemon health stats" [_thread_blocked, id=2172, stack(0x000000001cb70000,0x000000001cc70000)]
  0x0000000019533000 JavaThread "Service Thread" daemon [_thread_blocked, id=16328, stack(0x000000001a1d0000,0x000000001a2d0000)]
  0x00000000194fa800 JavaThread "C1 CompilerThread3" daemon [_thread_blocked, id=12332, stack(0x000000001a0d0000,0x000000001a1d0000)]
=>0x00000000194f5000 JavaThread "C2 CompilerThread2" daemon [_thread_in_native, id=7820, stack(0x0000000019fd0000,0x000000001a0d0000)]
  0x00000000176dc000 JavaThread "C2 CompilerThread1" daemon [_thread_blocked, id=16196, stack(0x0000000019ed0000,0x0000000019fd0000)]
  0x00000000176d9000 JavaThread "C2 CompilerThread0" daemon [_thread_in_native, id=16500, stack(0x0000000019dd0000,0x0000000019ed0000)]
  0x00000000194e2800 JavaThread "Attach Listener" daemon [_thread_blocked, id=15152, stack(0x0000000019cd0000,0x0000000019dd0000)]
  0x00000000194e6000 JavaThread "Signal Dispatcher" daemon [_thread_blocked, id=16084, stack(0x0000000019bd0000,0x0000000019cd0000)]
  0x000000000265c800 JavaThread "Finalizer" daemon [_thread_blocked, id=4424, stack(0x00000000199b0000,0x0000000019ab0000)]
  0x00000000194d0800 JavaThread "Reference Handler" daemon [_thread_blocked, id=10012, stack(0x00000000198b0000,0x00000000199b0000)]
  0x0000000000bae000 JavaThread "main" [_thread_blocked, id=2524, stack(0x00000000023b0000,0x00000000024b0000)]

Other Threads:
  0x00000000176c8000 VMThread [stack: 0x00000000193b0000,0x00000000194b0000] [id=13252]
  0x000000001957e800 WatcherThread [stack: 0x000000001a2d0000,0x000000001a3d0000] [id=5040]

VM state:not at safepoint (normal execution)

VM Mutex/Monitor currently owned by a thread: None

heap address: 0x0000000080000000, size: 2048 MB, Compressed Oops mode: 32-bit
Narrow klass base: 0x0000000000000000, Narrow klass shift: 3
Compressed class space size: 1073741824 Address: 0x0000000100000000

Heap:
 PSYoungGen      total 37888K, used 23925K [0x00000000d5580000, 0x00000000d9f80000, 0x0000000100000000)
  eden space 32768K, 57% used [0x00000000d5580000,0x00000000d67e4740,0x00000000d7580000)
  from space 5120K, 99% used [0x00000000d7a80000,0x00000000d7f78d90,0x00000000d7f80000)
  to   space 5120K, 0% used [0x00000000d7580000,0x00000000d7580000,0x00000000d7a80000)
 ParOldGen       total 86016K, used 3967K [0x0000000080000000, 0x0000000085400000, 0x00000000d5580000)
  object space 86016K, 4% used [0x0000000080000000,0x00000000803dfd20,0x0000000085400000)
 Metaspace       used 16675K, capacity 17224K, committed 17664K, reserved 1064960K
  class space    used 2262K, capacity 2434K, committed 2560K, reserved 1048576K

Card table byte_map: [0x0000000011a20000,0x0000000011e30000] byte_map_base: 0x0000000011620000

Marking Bits: (ParMarkBitMap*) 0x00000000624af030
 Begin Bits: [0x00000000128e0000, 0x00000000148e0000)
 End Bits:   [0x00000000148e0000, 0x00000000168e0000)

Polling page: 0x00000000005f0000

CodeCache: size=245760Kb used=5384Kb max_used=5384Kb free=240375Kb
 bounds [0x0000000002660000, 0x0000000002bb0000, 0x0000000011660000]
 total_blobs=1923 nmethods=1523 adapters=313
 compilation: enabled

Compilation events (10 events):
Event: 1.954 Thread 0x00000000194fa800 nmethod 1521 0x0000000002ba2b50 code [0x0000000002ba2ce0, 0x0000000002ba30c8]
Event: 1.954 Thread 0x00000000194fa800 1522       3       java.lang.invoke.LambdaForm::returnType (26 bytes)
Event: 1.954 Thread 0x00000000194fa800 nmethod 1522 0x0000000002ba3290 code [0x0000000002ba3400, 0x0000000002ba35d0]
Event: 1.954 Thread 0x00000000194fa800 1524       3       sun.reflect.MethodAccessorImpl::<init> (5 bytes)
Event: 1.954 Thread 0x00000000194fa800 nmethod 1524 0x0000000002ba36d0 code [0x0000000002ba3840, 0x0000000002ba3a50]
Event: 1.954 Thread 0x00000000194fa800 1525       3       java.lang.reflect.Method::setMethodAccessor (21 bytes)
Event: 1.954 Thread 0x00000000194fa800 nmethod 1525 0x0000000002ba3b10 code [0x0000000002ba3c80, 0x0000000002ba4028]
Event: 1.954 Thread 0x00000000194fa800 1523       1       java.lang.reflect.Method::getMethodAccessor (5 bytes)
Event: 1.954 Thread 0x00000000194fa800 nmethod 1523 0x0000000002ba4150 code [0x0000000002ba42a0, 0x0000000002ba43b0]
Event: 1.963 Thread 0x00000000194fa800 1526       1       java.util.concurrent.atomic.AtomicInteger::get (5 bytes)

GC Heap History (8 events):
Event: 0.698 GC heap before
{Heap before GC invocations=1 (full 0):
 PSYoungGen      total 37888K, used 32768K [0x00000000d5580000, 0x00000000d7f80000, 0x0000000100000000)
  eden space 32768K, 100% used [0x00000000d5580000,0x00000000d7580000,0x00000000d7580000)
  from space 5120K, 0% used [0x00000000d7a80000,0x00000000d7a80000,0x00000000d7f80000)
  to   space 5120K, 0% used [0x00000000d7580000,0x00000000d7580000,0x00000000d7a80000)
 ParOldGen       total 86016K, used 0K [0x0000000080000000, 0x0000000085400000, 0x00000000d5580000)
  object space 86016K, 0% used [0x0000000080000000,0x0000000080000000,0x0000000085400000)
 Metaspace       used 7513K, capacity 7772K, committed 8064K, reserved 1056768K
  class space    used 924K, capacity 1036K, committed 1152K, reserved 1048576K
Event: 0.704 GC heap after
Heap after GC invocations=1 (full 0):
 PSYoungGen      total 37888K, used 4492K [0x00000000d5580000, 0x00000000d7f80000, 0x0000000100000000)
  eden space 32768K, 0% used [0x00000000d5580000,0x00000000d5580000,0x00000000d7580000)
  from space 5120K, 87% used [0x00000000d7580000,0x00000000d79e32e8,0x00000000d7a80000)
  to   space 5120K, 0% used [0x00000000d7a80000,0x00000000d7a80000,0x00000000d7f80000)
 ParOldGen       total 86016K, used 16K [0x0000000080000000, 0x0000000085400000, 0x00000000d5580000)
  object space 86016K, 0% used [0x0000000080000000,0x0000000080004000,0x0000000085400000)
 Metaspace       used 7513K, capacity 7772K, committed 8064K, reserved 1056768K
  class space    used 924K, capacity 1036K, committed 1152K, reserved 1048576K
}
Event: 0.945 GC heap before
{Heap before GC invocations=2 (full 0):
 PSYoungGen      total 37888K, used 37260K [0x00000000d5580000, 0x00000000d7f80000, 0x0000000100000000)
  eden space 32768K, 100% used [0x00000000d5580000,0x00000000d7580000,0x00000000d7580000)
  from space 5120K, 87% used [0x00000000d7580000,0x00000000d79e32e8,0x00000000d7a80000)
  to   space 5120K, 0% used [0x00000000d7a80000,0x00000000d7a80000,0x00000000d7f80000)
 ParOldGen       total 86016K, used 16K [0x0000000080000000, 0x0000000085400000, 0x00000000d5580000)
  object space 86016K, 0% used [0x0000000080000000,0x0000000080004000,0x0000000085400000)
 Metaspace       used 7748K, capacity 8084K, committed 8320K, reserved 1056768K
  class space    used 949K, capacity 1076K, committed 1152K, reserved 1048576K
Event: 0.947 GC heap after
Heap after GC invocations=2 (full 0):
 PSYoungGen      total 37888K, used 3441K [0x00000000d5580000, 0x00000000d7f80000, 0x0000000100000000)
  eden space 32768K, 0% used [0x00000000d5580000,0x00000000d5580000,0x00000000d7580000)
  from space 5120K, 67% used [0x00000000d7a80000,0x00000000d7ddc588,0x00000000d7f80000)
  to   space 5120K, 0% used [0x00000000d7580000,0x00000000d7580000,0x00000000d7a80000)
 ParOldGen       total 86016K, used 24K [0x0000000080000000, 0x0000000085400000, 0x00000000d5580000)
  object space 86016K, 0% used [0x0000000080000000,0x0000000080006000,0x0000000085400000)
 Metaspace       used 7748K, capacity 8084K, committed 8320K, reserved 1056768K
  class space    used 949K, capacity 1076K, committed 1152K, reserved 1048576K
}
Event: 1.552 GC heap before
{Heap before GC invocations=3 (full 0):
 PSYoungGen      total 37888K, used 36209K [0x00000000d5580000, 0x00000000d7f80000, 0x0000000100000000)
  eden space 32768K, 100% used [0x00000000d5580000,0x00000000d7580000,0x00000000d7580000)
  from space 5120K, 67% used [0x00000000d7a80000,0x00000000d7ddc588,0x00000000d7f80000)
  to   space 5120K, 0% used [0x00000000d7580000,0x00000000d7580000,0x00000000d7a80000)
 ParOldGen       total 86016K, used 24K [0x0000000080000000, 0x0000000085400000, 0x00000000d5580000)
  object space 86016K, 0% used [0x0000000080000000,0x0000000080006000,0x0000000085400000)
 Metaspace       used 12131K, capacity 12432K, committed 12544K, reserved 1060864K
  class space    used 1612K, capacity 1734K, committed 1792K, reserved 1048576K
Event: 1.556 GC heap after
Heap after GC invocations=3 (full 0):
 PSYoungGen      total 37888K, used 5104K [0x00000000d5580000, 0x00000000d7f80000, 0x0000000100000000)
  eden space 32768K, 0% used [0x00000000d5580000,0x00000000d5580000,0x00000000d7580000)
  from space 5120K, 99% used [0x00000000d7580000,0x00000000d7a7c010,0x00000000d7a80000)
  to   space 5120K, 0% used [0x00000000d7a80000,0x00000000d7a80000,0x00000000d7f80000)
 ParOldGen       total 86016K, used 1256K [0x0000000080000000, 0x0000000085400000, 0x00000000d5580000)
  object space 86016K, 1% used [0x0000000080000000,0x000000008013a3a0,0x0000000085400000)
 Metaspace       used 12131K, capacity 12432K, committed 12544K, reserved 1060864K
  class space    used 1612K, capacity 1734K, committed 1792K, reserved 1048576K
}
Event: 1.828 GC heap before
{Heap before GC invocations=4 (full 0):
 PSYoungGen      total 37888K, used 37872K [0x00000000d5580000, 0x00000000d7f80000, 0x0000000100000000)
  eden space 32768K, 100% used [0x00000000d5580000,0x00000000d7580000,0x00000000d7580000)
  from space 5120K, 99% used [0x00000000d7580000,0x00000000d7a7c010,0x00000000d7a80000)
  to   space 5120K, 0% used [0x00000000d7a80000,0x00000000d7a80000,0x00000000d7f80000)
 ParOldGen       total 86016K, used 1256K [0x0000000080000000, 0x0000000085400000, 0x00000000d5580000)
  object space 86016K, 1% used [0x0000000080000000,0x000000008013a3a0,0x0000000085400000)
 Metaspace       used 15370K, capacity 15864K, committed 16128K, reserved 1062912K
  class space    used 2049K, capacity 2190K, committed 2304K, reserved 1048576K
Event: 1.833 GC heap after
Heap after GC invocations=4 (full 0):
 PSYoungGen      total 37888K, used 5091K [0x00000000d5580000, 0x00000000d9f80000, 0x0000000100000000)
  eden space 32768K, 0% used [0x00000000d5580000,0x00000000d5580000,0x00000000d7580000)
  from space 5120K, 99% used [0x00000000d7a80000,0x00000000d7f78d90,0x00000000d7f80000)
  to   space 5120K, 0% used [0x00000000d7580000,0x00000000d7580000,0x00000000d7a80000)
 ParOldGen       total 86016K, used 3967K [0x0000000080000000, 0x0000000085400000, 0x00000000d5580000)
  object space 86016K, 4% used [0x0000000080000000,0x00000000803dfd20,0x0000000085400000)
 Metaspace       used 15370K, capacity 15864K, committed 16128K, reserved 1062912K
  class space    used 2049K, capacity 2190K, committed 2304K, reserved 1048576K
}

Deoptimization events (10 events):
Event: 1.519 Thread 0x000000001bfe0000 Uncommon trap: reason=unstable_if action=reinterpret pc=0x0000000002989154 method=java.lang.String.substring(I)Ljava/lang/String; @ 35
Event: 1.546 Thread 0x000000001bf8f800 Uncommon trap: reason=bimorphic action=maybe_recompile pc=0x00000000029157cc method=java.util.HashMap.putVal(ILjava/lang/Object;Ljava/lang/Object;ZZ)Ljava/lang/Object; @ 253
Event: 1.546 Thread 0x000000001bf8f800 Uncommon trap: reason=bimorphic action=maybe_recompile pc=0x00000000029157cc method=java.util.HashMap.putVal(ILjava/lang/Object;Ljava/lang/Object;ZZ)Ljava/lang/Object; @ 253
Event: 1.546 Thread 0x000000001bf8f800 Uncommon trap: reason=bimorphic action=maybe_recompile pc=0x00000000029157cc method=java.util.HashMap.putVal(ILjava/lang/Object;Ljava/lang/Object;ZZ)Ljava/lang/Object; @ 253
Event: 1.546 Thread 0x000000001bf8f800 Uncommon trap: reason=bimorphic action=maybe_recompile pc=0x0000000002916ba0 method=java.util.HashMap.putVal(ILjava/lang/Object;Ljava/lang/Object;ZZ)Ljava/lang/Object; @ 253
Event: 1.707 Thread 0x000000001bf8f800 Uncommon trap: reason=class_check action=maybe_recompile pc=0x000000000299ddd8 method=java.util.regex.Matcher.match(II)Z @ 86
Event: 1.719 Thread 0x000000001bf8f800 Uncommon trap: reason=class_check action=maybe_recompile pc=0x000000000299ddd8 method=java.util.regex.Matcher.match(II)Z @ 86
Event: 1.719 Thread 0x000000001bf8f800 Uncommon trap: reason=class_check action=maybe_recompile pc=0x000000000299ddd8 method=java.util.regex.Matcher.match(II)Z @ 86
Event: 1.719 Thread 0x000000001bf8f800 Uncommon trap: reason=class_check action=maybe_recompile pc=0x0000000002819a5c method=java.util.regex.Matcher.match(II)Z @ 86
Event: 1.919 Thread 0x000000001bf8f800 Uncommon trap: reason=unstable_if action=reinterpret pc=0x00000000029869cc method=java.io.File.getName()Ljava/lang/String; @ 16

Classes redefined (0 events):
No events

Internal exceptions (10 events):
Event: 1.517 Thread 0x000000001bfe0000 Exception <a 'java/lang/NoSuchMethodError': <clinit>> (0x00000000d72f67e0) thrown at [C:\src\AOSP-openjdk-git\hotspot\src\share\vm\prims\jni.cpp, line 1615]
Event: 1.517 Thread 0x000000001bfe0000 Exception <a 'java/lang/NoSuchMethodError': <clinit>> (0x00000000d72ff380) thrown at [C:\src\AOSP-openjdk-git\hotspot\src\share\vm\prims\jni.cpp, line 1615]
Event: 1.518 Thread 0x000000001bfe0000 Exception <a 'java/lang/NoSuchMethodError': <clinit>> (0x00000000d7315818) thrown at [C:\src\AOSP-openjdk-git\hotspot\src\share\vm\prims\jni.cpp, line 1615]
Event: 1.523 Thread 0x000000001bfe0000 Exception <a 'java/lang/NoSuchMethodError': <clinit>> (0x00000000d736fc78) thrown at [C:\src\AOSP-openjdk-git\hotspot\src\share\vm\prims\jni.cpp, line 1615]
Event: 1.526 Thread 0x000000001bfe0000 Exception <a 'java/lang/NoSuchMethodError': <clinit>> (0x00000000d739c688) thrown at [C:\src\AOSP-openjdk-git\hotspot\src\share\vm\prims\jni.cpp, line 1615]
Event: 1.529 Thread 0x000000001bfe0000 Exception <a 'java/lang/NoSuchMethodError': <clinit>> (0x00000000d73c9868) thrown at [C:\src\AOSP-openjdk-git\hotspot\src\share\vm\prims\jni.cpp, line 1615]
Event: 1.530 Thread 0x000000001bfe0000 Exception <a 'java/lang/NoSuchMethodError': <clinit>> (0x00000000d73d48f0) thrown at [C:\src\AOSP-openjdk-git\hotspot\src\share\vm\prims\jni.cpp, line 1615]
Event: 1.947 Thread 0x000000001bf8f800 Exception <a 'java/lang/NoSuchMethodError': java.lang.Object.lambda$and$0(Ljava/util/function/Predicate;Ljava/lang/Object;)Z> (0x00000000d661dc18) thrown at [C:\src\AOSP-openjdk-git\hotspot\src\share\vm\interpreter\linkResolver.cpp, line 620]
Event: 1.950 Thread 0x000000001bf8f800 Exception <a 'java/lang/IncompatibleClassChangeError': Found class java.lang.Object, but interface was expected> (0x00000000d662e408) thrown at [C:\src\AOSP-openjdk-git\hotspot\src\share\vm\interpreter\linkResolver.cpp, line 653]
Event: 1.952 Thread 0x000000001bf8f800 Exception <a 'java/lang/NoSuchMethodError': java.lang.Object.lambda$or$2(Ljava/util/function/Predicate;Ljava/lang/Object;)Z> (0x00000000d6633328) thrown at [C:\src\AOSP-openjdk-git\hotspot\src\share\vm\interpreter\linkResolver.cpp, line 620]

Events (10 events):
Event: 1.962 loading class org/gradle/api/internal/file/DefaultFileCollectionFactory
Event: 1.962 loading class org/gradle/api/internal/file/DefaultFileCollectionFactory done
Event: 1.962 loading class org/gradle/api/internal/file/FileCollectionInternal
Event: 1.962 loading class org/gradle/api/internal/file/FileCollectionInternal done
Event: 1.963 loading class org/gradle/api/internal/tasks/TaskDependencyContainer
Event: 1.963 loading class org/gradle/api/internal/tasks/TaskDependencyContainer done
Event: 1.963 loading class org/gradle/api/internal/tasks/DefaultTaskDependencyFactory
Event: 1.963 loading class org/gradle/api/internal/tasks/DefaultTaskDependencyFactory done
Event: 1.963 loading class org/gradle/api/internal/initialization/loadercache/DefaultClasspathHasher
Event: 1.963 loading class org/gradle/api/internal/initialization/loadercache/DefaultClasspathHasher done


Dynamic libraries:
0x00007ff7b46e0000 - 0x00007ff7b4711000 	C:\Program Files\Android\Android Studio\jre\bin\java.exe
0x00007ffe10d00000 - 0x00007ffe10ef0000 	C:\windows\SYSTEM32\ntdll.dll
0x00007ffe10b30000 - 0x00007ffe10be2000 	C:\windows\System32\KERNEL32.DLL
0x00007ffe0e660000 - 0x00007ffe0e905000 	C:\windows\System32\KERNELBASE.dll
0x00007ffe0f7c0000 - 0x00007ffe0f863000 	C:\windows\System32\ADVAPI32.dll
0x00007ffe0f170000 - 0x00007ffe0f20e000 	C:\windows\System32\msvcrt.dll
0x00007ffe0f2f0000 - 0x00007ffe0f387000 	C:\windows\System32\sechost.dll
0x00007ffe10a10000 - 0x00007ffe10b30000 	C:\windows\System32\RPCRT4.dll
0x00007ffe10690000 - 0x00007ffe10825000 	C:\windows\System32\USER32.dll
0x00007ffe0dcb0000 - 0x00007ffe0dcd1000 	C:\windows\System32\win32u.dll
0x00007ffe0f940000 - 0x00007ffe0f966000 	C:\windows\System32\GDI32.dll
0x00007ffe0ec10000 - 0x00007ffe0eda6000 	C:\windows\System32\gdi32full.dll
0x00007ffe0e910000 - 0x00007ffe0e9ae000 	C:\windows\System32\msvcp_win.dll
0x00007ffe0e560000 - 0x00007ffe0e65a000 	C:\windows\System32\ucrtbase.dll
0x00007ffdf4320000 - 0x00007ffdf45a4000 	C:\windows\WinSxS\amd64_microsoft.windows.common-controls_6595b64144ccf1df_6.0.18362.1082_none_9e8193e1e45b25c1\COMCTL32.dll
0x00007ffe0f400000 - 0x00007ffe0f735000 	C:\windows\System32\combase.dll
0x00007ffe0e4e0000 - 0x00007ffe0e560000 	C:\windows\System32\bcryptPrimitives.dll
0x00007ffe0f140000 - 0x00007ffe0f16e000 	C:\windows\System32\IMM32.DLL
0x0000000061150000 - 0x0000000061222000 	C:\Program Files\Android\Android Studio\jre\jre\bin\msvcr100.dll
0x0000000061ce0000 - 0x000000006252b000 	C:\Program Files\Android\Android Studio\jre\jre\bin\server\jvm.dll
0x00007ffe0fde0000 - 0x00007ffe0fde8000 	C:\windows\System32\PSAPI.DLL
0x00007ffe09020000 - 0x00007ffe09029000 	C:\windows\SYSTEM32\WSOCK32.dll
0x00007ffe098a0000 - 0x00007ffe098c4000 	C:\windows\SYSTEM32\WINMM.dll
0x00007ffe0f390000 - 0x00007ffe0f3ff000 	C:\windows\System32\WS2_32.dll
0x00007ffe09820000 - 0x00007ffe0984d000 	C:\windows\SYSTEM32\WINMMBASE.dll
0x00007ffe0e460000 - 0x00007ffe0e4aa000 	C:\windows\System32\cfgmgr32.dll
0x00007ffe06780000 - 0x00007ffe0678a000 	C:\windows\SYSTEM32\VERSION.dll
0x00007ffe08f40000 - 0x00007ffe08f4f000 	C:\Program Files\Android\Android Studio\jre\jre\bin\verify.dll
0x00007ffde5340000 - 0x00007ffde5369000 	C:\Program Files\Android\Android Studio\jre\jre\bin\java.dll
0x00007ffdfb190000 - 0x00007ffdfb1a6000 	C:\Program Files\Android\Android Studio\jre\jre\bin\zip.dll
0x00007ffe0fdf0000 - 0x00007ffe104d7000 	C:\windows\System32\SHELL32.dll
0x00007ffe108e0000 - 0x00007ffe10989000 	C:\windows\System32\shcore.dll
0x00007ffe0dce0000 - 0x00007ffe0e460000 	C:\windows\System32\windows.storage.dll
0x00007ffe0dc20000 - 0x00007ffe0dc43000 	C:\windows\System32\profapi.dll
0x00007ffe0dbd0000 - 0x00007ffe0dc1a000 	C:\windows\System32\powrprof.dll
0x00007ffe0dbc0000 - 0x00007ffe0dbd0000 	C:\windows\System32\UMPDC.dll
0x00007ffe0f880000 - 0x00007ffe0f8d2000 	C:\windows\System32\shlwapi.dll
0x00007ffe0dc50000 - 0x00007ffe0dc61000 	C:\windows\System32\kernel.appcore.dll
0x00007ffe0dc90000 - 0x00007ffe0dca7000 	C:\windows\System32\cryptsp.dll
0x00007ffdf0e60000 - 0x00007ffdf0e7a000 	C:\Program Files\Android\Android Studio\jre\jre\bin\net.dll
0x00007ffe0d410000 - 0x00007ffe0d477000 	C:\windows\system32\mswsock.dll
0x00007ffdeecf0000 - 0x00007ffdeed03000 	C:\Program Files\Android\Android Studio\jre\jre\bin\nio.dll
0x00007ffdd3b30000 - 0x00007ffdd3b56000 	C:\Users\juana\.gradle\native\31\windows-amd64\native-platform.dll
0x00007ffdfb030000 - 0x00007ffdfb03d000 	C:\Program Files\Android\Android Studio\jre\jre\bin\management.dll
0x00007ffe0cf80000 - 0x00007ffe0cfb3000 	C:\windows\system32\rsaenh.dll
0x00007ffe0e4b0000 - 0x00007ffe0e4d6000 	C:\windows\System32\bcrypt.dll
0x00007ffe0dae0000 - 0x00007ffe0db05000 	C:\windows\SYSTEM32\USERENV.dll
0x00007ffe0d5e0000 - 0x00007ffe0d5ec000 	C:\windows\SYSTEM32\CRYPTBASE.dll
0x00007ffe0d120000 - 0x00007ffe0d15a000 	C:\windows\SYSTEM32\IPHLPAPI.DLL
0x00007ffe0f2e0000 - 0x00007ffe0f2e8000 	C:\windows\System32\NSI.dll
0x00007ffe05d50000 - 0x00007ffe05d66000 	C:\windows\SYSTEM32\dhcpcsvc6.DLL
0x00007ffe06790000 - 0x00007ffe067ac000 	C:\windows\SYSTEM32\dhcpcsvc.DLL
0x00007ffe0d160000 - 0x00007ffe0d22b000 	C:\windows\SYSTEM32\DNSAPI.dll

VM Arguments:
jvm_args: -Xmx2048m -Dfile.encoding=windows-1252 -Duser.country=GT -Duser.language=es -Duser.variant 
java_command: org.gradle.launcher.daemon.bootstrap.GradleDaemon 6.1.1
java_class_path (initial): C:\Users\juana\.gradle\wrapper\dists\gradle-6.1.1-all\cfmwm155h49vnt3hynmlrsdst\gradle-6.1.1\lib\gradle-launcher-6.1.1.jar
Launcher Type: SUN_STANDARD

Environment Variables:
PATH=C:\Program Files (x86)\Razer\ChromaBroadcast\bin;C:\Program Files\Razer\ChromaBroadcast\bin;C:\Program Files\Java\jdk-14.0.1\bin;C:\windows\system32;C:\windows\System32\Wbem;C:\windows\System32\WindowsPowerShell\v1.0\;C:\windows\System32\OpenSSH\;C:\Program Files (x86)\NVIDIA Corporation\PhysX\Common;C:\Program Files\NVIDIA Corporation\NVIDIA NvDLISR;C:\Program Files\dotnet\;C:\Program Files\Microsoft SQL Server\130\Tools\Binn\;C:\Program Files\Microsoft SQL Server\Client SDK\ODBC\170\Tools\Binn\;C:\Users\juana\AppData\Local\Microsoft\WindowsApps;C:\Users\juana\.dotnet\tools;C:\Program Files\Git\cmd;C:\Program Files\MySQL\MySQL Shell 8.0\bin\;C:\Users\juana\AppData\Local\Microsoft\WindowsApps;C:\Program Files\FlutterFolder\flutter\bin;C:\Users\juana\AppData\Local\Programs\Microsoft VS Code\bin;C:\Users\juana\AppData\Local\GitHubDesktop\bin
USERNAME=juana
OS=Windows_NT
PROCESSOR_IDENTIFIER=Intel64 Family 6 Model 158 Stepping 13, GenuineIntel



---------------  S Y S T E M  ---------------

OS: Windows 10.0 , 64 bit Build 18362 (10.0.18362.1082)

CPU:total 8 (initial active 8) (4 cores per cpu, 2 threads per core) family 6 model 158 stepping 13, cmov, cx8, fxsr, mmx, sse, sse2, sse3, ssse3, sse4.1, sse4.2, popcnt, avx, avx2, aes, clmul, erms, 3dnowpref, lzcnt, ht, tsc, tscinvbit, bmi1, bmi2, adx

Memory: 4k page, physical 8192024k(1182824k free), swap 10133528k(5300k free)

vm_info: OpenJDK 64-Bit Server VM (25.242-b01) for windows-amd64 JRE (1.8.0_242-release-1644-b01), built by "builder" with MS VC++ 10.0 (VS2010)

time: Wed Sep 23 11:04:11 2020
timezone: Hora estándar, América Central
elapsed time: 1 seconds (0d 0h 0m 1s)

