#
# There is insufficient memory for the Java Runtime Environment to continue.
# Native memory allocation (malloc) failed to allocate 1507872 bytes for Chunk::new
# Possible reasons:
#   The system is out of physical RAM or swap space
#   The process is running with CompressedOops enabled, and the Java Heap may be blocking the growth of the native heap
# Possible solutions:
#   Reduce memory load on the system
#   Increase physical memory or swap space
#   Check if swap backing store is full
#   Decrease Java heap size (-Xmx/-Xms)
#   Decrease number of Java threads
#   Decrease Java thread stack sizes (-Xss)
#   Set larger code cache with -XX:ReservedCodeCacheSize=
#   JVM is running with Unscaled Compressed Oops mode in which the Java heap is
#     placed in the first 4GB address space. The Java Heap base address is the
#     maximum limit for the native heap growth. Please use -XX:HeapBaseMinAddress
#     to set the Java Heap base and to place the Java Heap above 4GB virtual address.
# This output file may be truncated or incomplete.
#
#  Out of Memory Error (allocation.cpp:389), pid=2632, tid=0x0000000000002844
#
# JRE version: OpenJDK Runtime Environment (8.0_242-b01) (build 1.8.0_242-release-1644-b01)
# Java VM: OpenJDK 64-Bit Server VM (25.242-b01 mixed mode windows-amd64 compressed oops)
# Failed to write core dump. Minidumps are not enabled by default on client versions of Windows
#

---------------  T H R E A D  ---------------

Current thread (0x00000000198f4000):  JavaThread "C2 CompilerThread1" daemon [_thread_in_native, id=10308, stack(0x000000001a2e0000,0x000000001a3e0000)]

Stack: [0x000000001a2e0000,0x000000001a3e0000]
[error occurred during error reporting (printing stack bounds), id 0xc0000005]

Native frames: (J=compiled Java code, j=interpreted, Vv=VM code, C=native code)


Current CompileTask:
C2:   1711 1449       4       java.net.URLClassLoader$1::run (5 bytes)


---------------  P R O C E S S  ---------------

Java Threads: ( => current thread )
  0x000000001c760800 JavaThread "Cache worker for file hash cache (C:\Users\juana\.gradle\caches\6.1.1\fileHashes)" [_thread_blocked, id=6180, stack(0x000000001e630000,0x000000001e730000)]
  0x000000001c762800 JavaThread "File lock request listener" [_thread_in_native, id=1668, stack(0x000000001e530000,0x000000001e630000)]
  0x000000001c51b000 JavaThread "Cache worker for journal cache (C:\Users\juana\.gradle\caches\journal-1)" [_thread_blocked, id=2568, stack(0x000000001e430000,0x000000001e530000)]
  0x000000001c378000 JavaThread "Thread-9" [_thread_blocked, id=15892, stack(0x000000001e130000,0x000000001e230000)]
  0x000000001c404000 JavaThread "Stdin handler" [_thread_blocked, id=1880, stack(0x000000001e030000,0x000000001e130000)]
  0x000000001c403000 JavaThread "Asynchronous log dispatcher for DefaultDaemonConnection: socket connection from /127.0.0.1:50607 to /127.0.0.1:50608" [_thread_blocked, id=9260, stack(0x000000001df30000,0x000000001e030000)]
  0x000000001c382800 JavaThread "Daemon worker" [_thread_blocked, id=7656, stack(0x000000001de30000,0x000000001df30000)]
  0x000000001c380000 JavaThread "Cancel handler" [_thread_blocked, id=3996, stack(0x000000001dd30000,0x000000001de30000)]
  0x000000001c40a000 JavaThread "Handler for socket connection from /127.0.0.1:50607 to /127.0.0.1:50608" [_thread_in_native, id=15544, stack(0x000000001da30000,0x000000001db30000)]
  0x000000001c396000 JavaThread "Daemon" [_thread_blocked, id=14312, stack(0x000000001d930000,0x000000001da30000)]
  0x000000001c392000 JavaThread "Daemon periodic checks" [_thread_blocked, id=12712, stack(0x000000001d830000,0x000000001d930000)]
  0x000000001c355000 JavaThread "Incoming local TCP Connector on port 50607" [_thread_in_native, id=17280, stack(0x000000001d5c0000,0x000000001d6c0000)]
  0x000000001a874800 JavaThread "Daemon health stats" [_thread_blocked, id=2484, stack(0x000000001cf80000,0x000000001d080000)]
  0x000000001997b000 JavaThread "Service Thread" daemon [_thread_blocked, id=16500, stack(0x000000001a5e0000,0x000000001a6e0000)]
  0x0000000019905000 JavaThread "C1 CompilerThread3" daemon [_thread_blocked, id=8896, stack(0x000000001a4e0000,0x000000001a5e0000)]
  0x00000000198fb000 JavaThread "C2 CompilerThread2" daemon [_thread_blocked, id=14056, stack(0x000000001a3e0000,0x000000001a4e0000)]
=>0x00000000198f4000 JavaThread "C2 CompilerThread1" daemon [_thread_in_native, id=10308, stack(0x000000001a2e0000,0x000000001a3e0000)]
  0x00000000198f1000 JavaThread "C2 CompilerThread0" daemon [_thread_blocked, id=17012, stack(0x000000001a1e0000,0x000000001a2e0000)]
  0x00000000198f0000 JavaThread "Attach Listener" daemon [_thread_blocked, id=12100, stack(0x000000001a0e0000,0x000000001a1e0000)]
  0x00000000198ef000 JavaThread "Signal Dispatcher" daemon [_thread_blocked, id=13592, stack(0x0000000019fe0000,0x000000001a0e0000)]
  0x00000000198e1800 JavaThread "Finalizer" daemon [_thread_blocked, id=13348, stack(0x0000000019dc0000,0x0000000019ec0000)]
  0x00000000198e0800 JavaThread "Reference Handler" daemon [_thread_blocked, id=9128, stack(0x0000000019cc0000,0x0000000019dc0000)]
  0x000000000296e000 JavaThread "main" [_thread_blocked, id=14236, stack(0x0000000002800000,0x0000000002900000)]

Other Threads:
  0x0000000017ad8800 VMThread [stack: 0x00000000197c0000,0x00000000198c0000] [id=15084]
  0x000000001997b800 WatcherThread [stack: 0x000000001a6e0000,0x000000001a7e0000] [id=17060]

VM state:at safepoint (normal execution)

VM Mutex/Monitor currently owned by a thread:  ([mutex/lock_event])
[0x000000000296d2d0] Threads_lock - owner thread: 0x0000000017ad8800
[0x000000000296d6d0] Heap_lock - owner thread: 0x000000001c382800

heap address: 0x0000000080000000, size: 2048 MB, Compressed Oops mode: 32-bit
Narrow klass base: 0x0000000000000000, Narrow klass shift: 3
Compressed class space size: 1073741824 Address: 0x0000000100000000

Heap:
 PSYoungGen      total 37888K, used 37888K [0x00000000d5580000, 0x00000000d9f80000, 0x0000000100000000)
  eden space 32768K, 100% used [0x00000000d5580000,0x00000000d7580000,0x00000000d7580000)
  from space 5120K, 100% used [0x00000000d7a80000,0x00000000d7f80000,0x00000000d7f80000)
  to   space 5120K, 99% used [0x00000000d7580000,0x00000000d7a7c010,0x00000000d7a80000)
 ParOldGen       total 86016K, used 4882K [0x0000000080000000, 0x0000000085400000, 0x00000000d5580000)
  object space 86016K, 5% used [0x0000000080000000,0x00000000804c4a38,0x0000000085400000)
 Metaspace       used 18098K, capacity 18738K, committed 18816K, reserved 1064960K
  class space    used 2484K, capacity 2673K, committed 2688K, reserved 1048576K

Card table byte_map: [0x0000000011e30000,0x0000000012240000] byte_map_base: 0x0000000011a30000

Marking Bits: (ParMarkBitMap*) 0x000000006659f030
 Begin Bits: [0x0000000012cf0000, 0x0000000014cf0000)
 End Bits:   [0x0000000014cf0000, 0x0000000016cf0000)

Polling page: 0x0000000000960000

CodeCache: size=245760Kb used=5478Kb max_used=5488Kb free=240282Kb
 bounds [0x0000000002a70000, 0x0000000002fd0000, 0x0000000011a70000]
 total_blobs=2011 nmethods=1602 adapters=322
 compilation: enabled

Compilation events (10 events):
Event: 1.698 Thread 0x0000000019905000 1603       3       org.gradle.internal.service.DefaultServiceRegistry$ManagedObjectServiceProvider::requiredBy (20 bytes)
Event: 1.698 Thread 0x0000000019905000 nmethod 1603 0x0000000002fcb710 code [0x0000000002fcb8a0, 0x0000000002fcbdc8]
Event: 1.698 Thread 0x0000000019905000 1604       3       org.gradle.internal.service.DefaultServiceRegistry$ManagedObjectServiceProvider::fromSameRegistry (27 bytes)
Event: 1.698 Thread 0x0000000019905000 nmethod 1604 0x0000000002fcb110 code [0x0000000002fcb280, 0x0000000002fcb650]
Event: 1.705 Thread 0x0000000019905000 1605       3       java.util.concurrent.locks.AbstractQueuedSynchronizer::setState (6 bytes)
Event: 1.705 Thread 0x0000000019905000 nmethod 1605 0x0000000002fcae10 code [0x0000000002fcaf60, 0x0000000002fcb0b0]
Event: 1.705 Thread 0x00000000198fb000 1606       4       java.lang.ReflectiveOperationException::<init> (7 bytes)
Event: 1.707 Thread 0x00000000198fb000 nmethod 1606 0x0000000002fca7d0 code [0x0000000002fca920, 0x0000000002fcac88]
Event: 1.708 Thread 0x0000000019905000 1607       3       org.gradle.internal.service.DefaultServiceRegistry$ParentServices::getService (11 bytes)
Event: 1.708 Thread 0x0000000019905000 nmethod 1607 0x0000000002fca350 code [0x0000000002fca4c0, 0x0000000002fca6e8]

GC Heap History (9 events):
Event: 0.545 GC heap before
{Heap before GC invocations=1 (full 0):
 PSYoungGen      total 37888K, used 32768K [0x00000000d5580000, 0x00000000d7f80000, 0x0000000100000000)
  eden space 32768K, 100% used [0x00000000d5580000,0x00000000d7580000,0x00000000d7580000)
  from space 5120K, 0% used [0x00000000d7a80000,0x00000000d7a80000,0x00000000d7f80000)
  to   space 5120K, 0% used [0x00000000d7580000,0x00000000d7580000,0x00000000d7a80000)
 ParOldGen       total 86016K, used 0K [0x0000000080000000, 0x0000000085400000, 0x00000000d5580000)
  object space 86016K, 0% used [0x0000000080000000,0x0000000080000000,0x0000000085400000)
 Metaspace       used 7499K, capacity 7772K, committed 8064K, reserved 1056768K
  class space    used 924K, capacity 1036K, committed 1152K, reserved 1048576K
Event: 0.550 GC heap after
Heap after GC invocations=1 (full 0):
 PSYoungGen      total 37888K, used 4565K [0x00000000d5580000, 0x00000000d7f80000, 0x0000000100000000)
  eden space 32768K, 0% used [0x00000000d5580000,0x00000000d5580000,0x00000000d7580000)
  from space 5120K, 89% used [0x00000000d7580000,0x00000000d79f54e8,0x00000000d7a80000)
  to   space 5120K, 0% used [0x00000000d7a80000,0x00000000d7a80000,0x00000000d7f80000)
 ParOldGen       total 86016K, used 16K [0x0000000080000000, 0x0000000085400000, 0x00000000d5580000)
  object space 86016K, 0% used [0x0000000080000000,0x0000000080004000,0x0000000085400000)
 Metaspace       used 7499K, capacity 7772K, committed 8064K, reserved 1056768K
  class space    used 924K, capacity 1036K, committed 1152K, reserved 1048576K
}
Event: 0.744 GC heap before
{Heap before GC invocations=2 (full 0):
 PSYoungGen      total 37888K, used 37333K [0x00000000d5580000, 0x00000000d7f80000, 0x0000000100000000)
  eden space 32768K, 100% used [0x00000000d5580000,0x00000000d7580000,0x00000000d7580000)
  from space 5120K, 89% used [0x00000000d7580000,0x00000000d79f54e8,0x00000000d7a80000)
  to   space 5120K, 0% used [0x00000000d7a80000,0x00000000d7a80000,0x00000000d7f80000)
 ParOldGen       total 86016K, used 16K [0x0000000080000000, 0x0000000085400000, 0x00000000d5580000)
  object space 86016K, 0% used [0x0000000080000000,0x0000000080004000,0x0000000085400000)
 Metaspace       used 7749K, capacity 8084K, committed 8320K, reserved 1056768K
  class space    used 949K, capacity 1076K, committed 1152K, reserved 1048576K
Event: 0.746 GC heap after
Heap after GC invocations=2 (full 0):
 PSYoungGen      total 37888K, used 3485K [0x00000000d5580000, 0x00000000d7f80000, 0x0000000100000000)
  eden space 32768K, 0% used [0x00000000d5580000,0x00000000d5580000,0x00000000d7580000)
  from space 5120K, 68% used [0x00000000d7a80000,0x00000000d7de7780,0x00000000d7f80000)
  to   space 5120K, 0% used [0x00000000d7580000,0x00000000d7580000,0x00000000d7a80000)
 ParOldGen       total 86016K, used 24K [0x0000000080000000, 0x0000000085400000, 0x00000000d5580000)
  object space 86016K, 0% used [0x0000000080000000,0x0000000080006000,0x0000000085400000)
 Metaspace       used 7749K, capacity 8084K, committed 8320K, reserved 1056768K
  class space    used 949K, capacity 1076K, committed 1152K, reserved 1048576K
}
Event: 1.285 GC heap before
{Heap before GC invocations=3 (full 0):
 PSYoungGen      total 37888K, used 36253K [0x00000000d5580000, 0x00000000d7f80000, 0x0000000100000000)
  eden space 32768K, 100% used [0x00000000d5580000,0x00000000d7580000,0x00000000d7580000)
  from space 5120K, 68% used [0x00000000d7a80000,0x00000000d7de7780,0x00000000d7f80000)
  to   space 5120K, 0% used [0x00000000d7580000,0x00000000d7580000,0x00000000d7a80000)
 ParOldGen       total 86016K, used 24K [0x0000000080000000, 0x0000000085400000, 0x00000000d5580000)
  object space 86016K, 0% used [0x0000000080000000,0x0000000080006000,0x0000000085400000)
 Metaspace       used 12148K, capacity 12508K, committed 12800K, reserved 1060864K
  class space    used 1617K, capacity 1736K, committed 1792K, reserved 1048576K
Event: 1.289 GC heap after
Heap after GC invocations=3 (full 0):
 PSYoungGen      total 37888K, used 5088K [0x00000000d5580000, 0x00000000d7f80000, 0x0000000100000000)
  eden space 32768K, 0% used [0x00000000d5580000,0x00000000d5580000,0x00000000d7580000)
  from space 5120K, 99% used [0x00000000d7580000,0x00000000d7a78020,0x00000000d7a80000)
  to   space 5120K, 0% used [0x00000000d7a80000,0x00000000d7a80000,0x00000000d7f80000)
 ParOldGen       total 86016K, used 1316K [0x0000000080000000, 0x0000000085400000, 0x00000000d5580000)
  object space 86016K, 1% used [0x0000000080000000,0x00000000801491b8,0x0000000085400000)
 Metaspace       used 12148K, capacity 12508K, committed 12800K, reserved 1060864K
  class space    used 1617K, capacity 1736K, committed 1792K, reserved 1048576K
}
Event: 1.483 GC heap before
{Heap before GC invocations=4 (full 0):
 PSYoungGen      total 37888K, used 37856K [0x00000000d5580000, 0x00000000d7f80000, 0x0000000100000000)
  eden space 32768K, 100% used [0x00000000d5580000,0x00000000d7580000,0x00000000d7580000)
  from space 5120K, 99% used [0x00000000d7580000,0x00000000d7a78020,0x00000000d7a80000)
  to   space 5120K, 0% used [0x00000000d7a80000,0x00000000d7a80000,0x00000000d7f80000)
 ParOldGen       total 86016K, used 1316K [0x0000000080000000, 0x0000000085400000, 0x00000000d5580000)
  object space 86016K, 1% used [0x0000000080000000,0x00000000801491b8,0x0000000085400000)
 Metaspace       used 15381K, capacity 15814K, committed 16128K, reserved 1062912K
  class space    used 2054K, capacity 2193K, committed 2304K, reserved 1048576K
Event: 1.489 GC heap after
Heap after GC invocations=4 (full 0):
 PSYoungGen      total 37888K, used 5120K [0x00000000d5580000, 0x00000000d9f80000, 0x0000000100000000)
  eden space 32768K, 0% used [0x00000000d5580000,0x00000000d5580000,0x00000000d7580000)
  from space 5120K, 100% used [0x00000000d7a80000,0x00000000d7f80000,0x00000000d7f80000)
  to   space 5120K, 0% used [0x00000000d7580000,0x00000000d7580000,0x00000000d7a80000)
 ParOldGen       total 86016K, used 3994K [0x0000000080000000, 0x0000000085400000, 0x00000000d5580000)
  object space 86016K, 4% used [0x0000000080000000,0x00000000803e6a38,0x0000000085400000)
 Metaspace       used 15381K, capacity 15814K, committed 16128K, reserved 1062912K
  class space    used 2054K, capacity 2193K, committed 2304K, reserved 1048576K
}
Event: 1.710 GC heap before
{Heap before GC invocations=5 (full 0):
 PSYoungGen      total 37888K, used 37888K [0x00000000d5580000, 0x00000000d9f80000, 0x0000000100000000)
  eden space 32768K, 100% used [0x00000000d5580000,0x00000000d7580000,0x00000000d7580000)
  from space 5120K, 100% used [0x00000000d7a80000,0x00000000d7f80000,0x00000000d7f80000)
  to   space 5120K, 0% used [0x00000000d7580000,0x00000000d7580000,0x00000000d7a80000)
 ParOldGen       total 86016K, used 3994K [0x0000000080000000, 0x0000000085400000, 0x00000000d5580000)
  object space 86016K, 4% used [0x0000000080000000,0x00000000803e6a38,0x0000000085400000)
 Metaspace       used 18098K, capacity 18738K, committed 18816K, reserved 1064960K
  class space    used 2484K, capacity 2673K, committed 2688K, reserved 1048576K

Deoptimization events (10 events):
Event: 1.250 Thread 0x000000001c40a000 Uncommon trap: reason=unstable_if action=reinterpret pc=0x0000000002e5cd28 method=java.util.concurrent.ConcurrentHashMap.putVal(Ljava/lang/Object;Ljava/lang/Object;Z)Ljava/lang/Object; @ 206
Event: 1.259 Thread 0x000000001c40a000 Uncommon trap: reason=unstable_if action=reinterpret pc=0x0000000002d80154 method=java.lang.String.substring(I)Ljava/lang/String; @ 35
Event: 1.279 Thread 0x000000001c382800 Uncommon trap: reason=bimorphic action=maybe_recompile pc=0x0000000002d113d0 method=java.util.HashMap.putVal(ILjava/lang/Object;Ljava/lang/Object;ZZ)Ljava/lang/Object; @ 253
Event: 1.280 Thread 0x000000001c382800 Uncommon trap: reason=bimorphic action=maybe_recompile pc=0x0000000002d113d0 method=java.util.HashMap.putVal(ILjava/lang/Object;Ljava/lang/Object;ZZ)Ljava/lang/Object; @ 253
Event: 1.280 Thread 0x000000001c382800 Uncommon trap: reason=bimorphic action=maybe_recompile pc=0x0000000002d113d0 method=java.util.HashMap.putVal(ILjava/lang/Object;Ljava/lang/Object;ZZ)Ljava/lang/Object; @ 253
Event: 1.397 Thread 0x000000001c382800 Uncommon trap: reason=class_check action=maybe_recompile pc=0x0000000002d8f918 method=java.util.regex.Matcher.match(II)Z @ 86
Event: 1.397 Thread 0x000000001c382800 Uncommon trap: reason=class_check action=maybe_recompile pc=0x0000000002d8f918 method=java.util.regex.Matcher.match(II)Z @ 86
Event: 1.397 Thread 0x000000001c382800 Uncommon trap: reason=class_check action=maybe_recompile pc=0x0000000002d8f918 method=java.util.regex.Matcher.match(II)Z @ 86
Event: 1.397 Thread 0x000000001c382800 Uncommon trap: reason=class_check action=maybe_recompile pc=0x0000000002c1c19c method=java.util.regex.Matcher.match(II)Z @ 86
Event: 1.544 Thread 0x000000001c382800 Uncommon trap: reason=unstable_if action=reinterpret pc=0x0000000002d7595c method=java.io.File.getName()Ljava/lang/String; @ 16

Classes redefined (0 events):
No events

Internal exceptions (10 events):
Event: 1.256 Thread 0x000000001c40a000 Exception <a 'java/lang/NoSuchMethodError': <clinit>> (0x00000000d728aa88) thrown at [C:\src\AOSP-openjdk-git\hotspot\src\share\vm\prims\jni.cpp, line 1615]
Event: 1.257 Thread 0x000000001c40a000 Exception <a 'java/lang/NoSuchMethodError': <clinit>> (0x00000000d7293628) thrown at [C:\src\AOSP-openjdk-git\hotspot\src\share\vm\prims\jni.cpp, line 1615]
Event: 1.257 Thread 0x000000001c40a000 Exception <a 'java/lang/NoSuchMethodError': <clinit>> (0x00000000d72a9a20) thrown at [C:\src\AOSP-openjdk-git\hotspot\src\share\vm\prims\jni.cpp, line 1615]
Event: 1.263 Thread 0x000000001c40a000 Exception <a 'java/lang/NoSuchMethodError': <clinit>> (0x00000000d730daf8) thrown at [C:\src\AOSP-openjdk-git\hotspot\src\share\vm\prims\jni.cpp, line 1615]
Event: 1.265 Thread 0x000000001c40a000 Exception <a 'java/lang/NoSuchMethodError': <clinit>> (0x00000000d733a220) thrown at [C:\src\AOSP-openjdk-git\hotspot\src\share\vm\prims\jni.cpp, line 1615]
Event: 1.267 Thread 0x000000001c40a000 Exception <a 'java/lang/NoSuchMethodError': <clinit>> (0x00000000d73689f0) thrown at [C:\src\AOSP-openjdk-git\hotspot\src\share\vm\prims\jni.cpp, line 1615]
Event: 1.267 Thread 0x000000001c40a000 Exception <a 'java/lang/NoSuchMethodError': <clinit>> (0x00000000d73739c0) thrown at [C:\src\AOSP-openjdk-git\hotspot\src\share\vm\prims\jni.cpp, line 1615]
Event: 1.583 Thread 0x000000001c382800 Exception <a 'java/lang/NoSuchMethodError': java.lang.Object.lambda$and$0(Ljava/util/function/Predicate;Ljava/lang/Object;)Z> (0x00000000d65c85c0) thrown at [C:\src\AOSP-openjdk-git\hotspot\src\share\vm\interpreter\linkResolver.cpp, line 620]
Event: 1.586 Thread 0x000000001c382800 Exception <a 'java/lang/IncompatibleClassChangeError': Found class java.lang.Object, but interface was expected> (0x00000000d65d8db0) thrown at [C:\src\AOSP-openjdk-git\hotspot\src\share\vm\interpreter\linkResolver.cpp, line 653]
Event: 1.588 Thread 0x000000001c382800 Exception <a 'java/lang/NoSuchMethodError': java.lang.Object.lambda$or$2(Ljava/util/function/Predicate;Ljava/lang/Object;)Z> (0x00000000d65ddcd0) thrown at [C:\src\AOSP-openjdk-git\hotspot\src\share\vm\interpreter\linkResolver.cpp, line 620]

Events (10 events):
Event: 1.709 loading class org/gradle/internal/resource/transport/http/DefaultSslContextFactory$SslContextCacheLoader done
Event: 1.709 loading class org/apache/http/ssl/SSLInitializationException
Event: 1.709 loading class org/apache/http/ssl/SSLInitializationException done
Event: 1.710 loading class org/gradle/internal/resource/transport/http/HttpConnectorFactory
Event: 1.710 loading class org/gradle/internal/resource/transport/http/HttpConnectorFactory done
Event: 1.710 loading class org/gradle/internal/resource/transfer/ExternalResourceUploader
Event: 1.710 loading class org/gradle/internal/resource/transfer/ExternalResourceUploader done
Event: 1.710 loading class org/gradle/internal/resource/transfer/ExternalResourceLister
Event: 1.710 loading class org/gradle/internal/resource/transfer/ExternalResourceLister done
Event: 1.710 Executing VM operation: ParallelGCFailedAllocation


Dynamic libraries:
0x00007ff6e3710000 - 0x00007ff6e3741000 	C:\Program Files\Android\Android Studio\jre\bin\java.exe
0x00007ffec4280000 - 0x00007ffec4470000 	C:\windows\SYSTEM32\ntdll.dll
0x00007ffec3990000 - 0x00007ffec3a42000 	C:\windows\System32\KERNEL32.DLL
0x00007ffec1630000 - 0x00007ffec18d5000 	C:\windows\System32\KERNELBASE.dll
0x00007ffec4130000 - 0x00007ffec41d3000 	C:\windows\System32\ADVAPI32.dll
0x00007ffec3a50000 - 0x00007ffec3aee000 	C:\windows\System32\msvcrt.dll
0x00007ffec4010000 - 0x00007ffec40a7000 	C:\windows\System32\sechost.dll
0x00007ffec2f50000 - 0x00007ffec3070000 	C:\windows\System32\RPCRT4.dll
0x00007ffec3cc0000 - 0x00007ffec3e55000 	C:\windows\System32\USER32.dll
0x00007ffec1360000 - 0x00007ffec1381000 	C:\windows\System32\win32u.dll
0x00007ffec28c0000 - 0x00007ffec28e6000 	C:\windows\System32\GDI32.dll
0x00007ffec1490000 - 0x00007ffec1626000 	C:\windows\System32\gdi32full.dll
0x00007ffec1ac0000 - 0x00007ffec1b5e000 	C:\windows\System32\msvcp_win.dll
0x00007ffec18e0000 - 0x00007ffec19da000 	C:\windows\System32\ucrtbase.dll
0x00007ffea5370000 - 0x00007ffea55f4000 	C:\windows\WinSxS\amd64_microsoft.windows.common-controls_6595b64144ccf1df_6.0.18362.1082_none_9e8193e1e45b25c1\COMCTL32.dll
0x00007ffec28f0000 - 0x00007ffec2c25000 	C:\windows\System32\combase.dll
0x00007ffec19e0000 - 0x00007ffec1a60000 	C:\windows\System32\bcryptPrimitives.dll
0x00007ffec3b00000 - 0x00007ffec3b2e000 	C:\windows\System32\IMM32.DLL
0x0000000065280000 - 0x0000000065352000 	C:\Program Files\Android\Android Studio\jre\jre\bin\msvcr100.dll
0x0000000065dd0000 - 0x000000006661b000 	C:\Program Files\Android\Android Studio\jre\jre\bin\server\jvm.dll
0x00007ffec3af0000 - 0x00007ffec3af8000 	C:\windows\System32\PSAPI.DLL
0x00007ffeb9d10000 - 0x00007ffeb9d1a000 	C:\windows\SYSTEM32\VERSION.dll
0x00007ffebc900000 - 0x00007ffebc924000 	C:\windows\SYSTEM32\WINMM.dll
0x00007ffebc690000 - 0x00007ffebc699000 	C:\windows\SYSTEM32\WSOCK32.dll
0x00007ffec3b30000 - 0x00007ffec3b9f000 	C:\windows\System32\WS2_32.dll
0x00007ffebc8a0000 - 0x00007ffebc8cd000 	C:\windows\SYSTEM32\WINMMBASE.dll
0x00007ffec1440000 - 0x00007ffec148a000 	C:\windows\System32\cfgmgr32.dll
0x00007ffebc680000 - 0x00007ffebc68f000 	C:\Program Files\Android\Android Studio\jre\jre\bin\verify.dll
0x00007ffebc650000 - 0x00007ffebc679000 	C:\Program Files\Android\Android Studio\jre\jre\bin\java.dll
0x00007ffea4530000 - 0x00007ffea4546000 	C:\Program Files\Android\Android Studio\jre\jre\bin\zip.dll
0x00007ffec3140000 - 0x00007ffec3827000 	C:\windows\System32\SHELL32.dll
0x00007ffec3ba0000 - 0x00007ffec3c49000 	C:\windows\System32\shcore.dll
0x00007ffec1bb0000 - 0x00007ffec2330000 	C:\windows\System32\windows.storage.dll
0x00007ffec1190000 - 0x00007ffec11b3000 	C:\windows\System32\profapi.dll
0x00007ffec11c0000 - 0x00007ffec120a000 	C:\windows\System32\powrprof.dll
0x00007ffec1140000 - 0x00007ffec1150000 	C:\windows\System32\UMPDC.dll
0x00007ffec2340000 - 0x00007ffec2392000 	C:\windows\System32\shlwapi.dll
0x00007ffec1150000 - 0x00007ffec1161000 	C:\windows\System32\kernel.appcore.dll
0x00007ffec1b60000 - 0x00007ffec1b77000 	C:\windows\System32\cryptsp.dll
0x00007ffea4510000 - 0x00007ffea452a000 	C:\Program Files\Android\Android Studio\jre\jre\bin\net.dll
0x00007ffec0990000 - 0x00007ffec09f7000 	C:\windows\system32\mswsock.dll
0x00007ffea3e40000 - 0x00007ffea3e53000 	C:\Program Files\Android\Android Studio\jre\jre\bin\nio.dll
0x00007ffeae250000 - 0x00007ffeae276000 	C:\Users\juana\.gradle\native\31\windows-amd64\native-platform.dll
0x00007ffea4a40000 - 0x00007ffea4a4d000 	C:\Program Files\Android\Android Studio\jre\jre\bin\management.dll
0x00007ffec0500000 - 0x00007ffec0533000 	C:\windows\system32\rsaenh.dll
0x00007ffec1b80000 - 0x00007ffec1ba6000 	C:\windows\System32\bcrypt.dll
0x00007ffec1060000 - 0x00007ffec1085000 	C:\windows\SYSTEM32\USERENV.dll
0x00007ffec0b60000 - 0x00007ffec0b6c000 	C:\windows\SYSTEM32\CRYPTBASE.dll
0x00007ffec06a0000 - 0x00007ffec06da000 	C:\windows\SYSTEM32\IPHLPAPI.DLL
0x00007ffec3980000 - 0x00007ffec3988000 	C:\windows\System32\NSI.dll
0x00007ffeb8ff0000 - 0x00007ffeb9006000 	C:\windows\SYSTEM32\dhcpcsvc6.DLL
0x00007ffeba010000 - 0x00007ffeba02c000 	C:\windows\SYSTEM32\dhcpcsvc.DLL
0x00007ffec06e0000 - 0x00007ffec07ab000 	C:\windows\SYSTEM32\DNSAPI.dll

VM Arguments:
jvm_args: -Xmx2048m -Dfile.encoding=windows-1252 -Duser.country=GT -Duser.language=es -Duser.variant 
java_command: org.gradle.launcher.daemon.bootstrap.GradleDaemon 6.1.1
java_class_path (initial): C:\Users\juana\.gradle\wrapper\dists\gradle-6.1.1-all\cfmwm155h49vnt3hynmlrsdst\gradle-6.1.1\lib\gradle-launcher-6.1.1.jar
Launcher Type: SUN_STANDARD

Environment Variables:
PATH=C:\Program Files (x86)\Razer\ChromaBroadcast\bin;C:\Program Files\Razer\ChromaBroadcast\bin;C:\Program Files\Java\jdk-14.0.1\bin;C:\windows\system32;C:\windows\System32\Wbem;C:\windows\System32\WindowsPowerShell\v1.0\;C:\windows\System32\OpenSSH\;C:\Program Files (x86)\NVIDIA Corporation\PhysX\Common;C:\Program Files\NVIDIA Corporation\NVIDIA NvDLISR;C:\Program Files\dotnet\;C:\Program Files\Microsoft SQL Server\130\Tools\Binn\;C:\Program Files\Microsoft SQL Server\Client SDK\ODBC\170\Tools\Binn\;C:\Users\juana\AppData\Local\Microsoft\WindowsApps;C:\Users\juana\.dotnet\tools;C:\Program Files\Git\cmd;C:\Program Files\MySQL\MySQL Shell 8.0\bin\;C:\Users\juana\AppData\Local\Microsoft\WindowsApps;C:\Program Files\FlutterFolder\flutter\bin;C:\Users\juana\AppData\Local\Programs\Microsoft VS Code\bin;C:\Users\juana\AppData\Local\GitHubDesktop\bin
USERNAME=juana
OS=Windows_NT
PROCESSOR_IDENTIFIER=Intel64 Family 6 Model 158 Stepping 13, GenuineIntel



---------------  S Y S T E M  ---------------

OS: Windows 10.0 , 64 bit Build 18362 (10.0.18362.1082)

CPU:total 8 (initial active 8) (4 cores per cpu, 2 threads per core) family 6 model 158 stepping 13, cmov, cx8, fxsr, mmx, sse, sse2, sse3, ssse3, sse4.1, sse4.2, popcnt, avx, avx2, aes, clmul, erms, 3dnowpref, lzcnt, ht, tsc, tscinvbit, bmi1, bmi2, adx

Memory: 4k page, physical 8192024k(1269344k free), swap 10133528k(5284k free)

vm_info: OpenJDK 64-Bit Server VM (25.242-b01) for windows-amd64 JRE (1.8.0_242-release-1644-b01), built by "builder" with MS VC++ 10.0 (VS2010)

time: Wed Sep 23 13:35:57 2020
timezone: Hora estándar, América Central
elapsed time: 1 seconds (0d 0h 0m 1s)

