#
# There is insufficient memory for the Java Runtime Environment to continue.
# Native memory allocation (malloc) failed to allocate 1074544 bytes for Chunk::new
# Possible reasons:
#   The system is out of physical RAM or swap space
#   The process is running with CompressedOops enabled, and the Java Heap may be blocking the growth of the native heap
# Possible solutions:
#   Reduce memory load on the system
#   Increase physical memory or swap space
#   Check if swap backing store is full
#   Decrease Java heap size (-Xmx/-Xms)
#   Decrease number of Java threads
#   Decrease Java thread stack sizes (-Xss)
#   Set larger code cache with -XX:ReservedCodeCacheSize=
#   JVM is running with Unscaled Compressed Oops mode in which the Java heap is
#     placed in the first 4GB address space. The Java Heap base address is the
#     maximum limit for the native heap growth. Please use -XX:HeapBaseMinAddress
#     to set the Java Heap base and to place the Java Heap above 4GB virtual address.
# This output file may be truncated or incomplete.
#
#  Out of Memory Error (allocation.cpp:389), pid=1784, tid=0x0000000000003984
#
# JRE version: OpenJDK Runtime Environment (8.0_242-b01) (build 1.8.0_242-release-1644-b01)
# Java VM: OpenJDK 64-Bit Server VM (25.242-b01 mixed mode windows-amd64 compressed oops)
# Failed to write core dump. Minidumps are not enabled by default on client versions of Windows
#

---------------  T H R E A D  ---------------

Current thread (0x0000000017bd9000):  JavaThread "C2 CompilerThread0" daemon [_thread_in_native, id=14724, stack(0x000000001a2c0000,0x000000001a3c0000)]

Stack: [0x000000001a2c0000,0x000000001a3c0000]
[error occurred during error reporting (printing stack bounds), id 0xc0000005]

Native frames: (J=compiled Java code, j=interpreted, Vv=VM code, C=native code)


Current CompileTask:
C2:   3978 2618       4       groovy.lang.MetaClassImpl$1MOPIter::methodNameAction (325 bytes)


---------------  P R O C E S S  ---------------

Java Threads: ( => current thread )
  0x000000001c978000 JavaThread "Cache worker for execution history cache (C:\Users\juana\.gradle\caches\6.1.1\executionHistory)" [_thread_blocked, id=12236, stack(0x0000000020d00000,0x0000000020e00000)]
  0x000000001c976800 JavaThread "Cache worker for cache directory md-rule (C:\Users\juana\.gradle\caches\6.1.1\md-rule)" [_thread_blocked, id=1224, stack(0x0000000020c00000,0x0000000020d00000)]
  0x000000001c975000 JavaThread "Cache worker for cache directory md-supplier (C:\Users\juana\.gradle\caches\6.1.1\md-supplier)" [_thread_blocked, id=17148, stack(0x0000000020b00000,0x0000000020c00000)]
  0x000000001c973800 JavaThread "Cache worker for file hash cache (C:\Users\juana\Documents\POOProject\AplicacionMovil\.gradle\6.1.1\fileHashes)" [_thread_blocked, id=16488, stack(0x0000000020ea0000,0x0000000020fa0000)]
  0x000000001c977000 JavaThread "Cache worker for checksums cache (C:\Users\juana\Documents\POOProject\AplicacionMovil\.gradle\checksums)" [_thread_blocked, id=16664, stack(0x000000001e810000,0x000000001e910000)]
  0x000000001c972800 JavaThread "Cache worker for file hash cache (C:\Users\juana\.gradle\caches\6.1.1\fileHashes)" [_thread_blocked, id=8792, stack(0x000000001e710000,0x000000001e810000)]
  0x000000001c975800 JavaThread "File lock request listener" [_thread_in_native, id=9608, stack(0x000000001e610000,0x000000001e710000)]
  0x000000001c7c9800 JavaThread "Cache worker for journal cache (C:\Users\juana\.gradle\caches\journal-1)" [_thread_blocked, id=3456, stack(0x000000001e510000,0x000000001e610000)]
  0x000000001c631000 JavaThread "Thread-9" [_thread_blocked, id=12356, stack(0x000000001e210000,0x000000001e310000)]
  0x000000001c630000 JavaThread "Stdin handler" [_thread_blocked, id=12184, stack(0x000000001e110000,0x000000001e210000)]
  0x000000001c60b000 JavaThread "Asynchronous log dispatcher for DefaultDaemonConnection: socket connection from /127.0.0.1:50584 to /127.0.0.1:50585" [_thread_blocked, id=11944, stack(0x000000001e010000,0x000000001e110000)]
  0x000000001c608800 JavaThread "Daemon worker" [_thread_in_vm, id=14104, stack(0x000000001df10000,0x000000001e010000)]
  0x000000001c607000 JavaThread "Cancel handler" [_thread_blocked, id=16604, stack(0x000000001de10000,0x000000001df10000)]
  0x000000001c5e9000 JavaThread "Handler for socket connection from /127.0.0.1:50584 to /127.0.0.1:50585" [_thread_in_native, id=16500, stack(0x000000001db10000,0x000000001dc10000)]
  0x000000001c5db000 JavaThread "Daemon" [_thread_blocked, id=17060, stack(0x000000001da10000,0x000000001db10000)]
  0x000000001c596800 JavaThread "Daemon periodic checks" [_thread_blocked, id=14156, stack(0x000000001d910000,0x000000001da10000)]
  0x000000001c542000 JavaThread "Incoming local TCP Connector on port 50584" [_thread_in_native, id=8896, stack(0x000000001d6a0000,0x000000001d7a0000)]
  0x000000001c492800 JavaThread "Daemon health stats" [_thread_blocked, id=4492, stack(0x000000001d060000,0x000000001d160000)]
  0x0000000019a60000 JavaThread "Service Thread" daemon [_thread_blocked, id=1668, stack(0x000000001a6c0000,0x000000001a7c0000)]
  0x00000000199dc800 JavaThread "C1 CompilerThread3" daemon [_thread_blocked, id=6400, stack(0x000000001a5c0000,0x000000001a6c0000)]
  0x0000000017bde800 JavaThread "C2 CompilerThread2" daemon [_thread_in_native, id=2568, stack(0x000000001a4c0000,0x000000001a5c0000)]
  0x0000000017bdc000 JavaThread "C2 CompilerThread1" daemon [_thread_in_native, id=17012, stack(0x000000001a3c0000,0x000000001a4c0000)]
=>0x0000000017bd9000 JavaThread "C2 CompilerThread0" daemon [_thread_in_native, id=14724, stack(0x000000001a2c0000,0x000000001a3c0000)]
  0x00000000199d2800 JavaThread "Attach Listener" daemon [_thread_blocked, id=14056, stack(0x000000001a1c0000,0x000000001a2c0000)]
  0x00000000199d6000 JavaThread "Signal Dispatcher" daemon [_thread_blocked, id=12100, stack(0x000000001a0c0000,0x000000001a1c0000)]
  0x0000000002b5c800 JavaThread "Finalizer" daemon [_thread_blocked, id=17172, stack(0x0000000019ea0000,0x0000000019fa0000)]
  0x00000000199c0800 JavaThread "Reference Handler" daemon [_thread_blocked, id=4236, stack(0x0000000019da0000,0x0000000019ea0000)]
  0x0000000002a5e000 JavaThread "main" [_thread_blocked, id=12372, stack(0x0000000002890000,0x0000000002990000)]

Other Threads:
  0x0000000017bc8000 VMThread [stack: 0x00000000198a0000,0x00000000199a0000] [id=13592]
  0x0000000019a60800 WatcherThread [stack: 0x000000001a7c0000,0x000000001a8c0000] [id=13764]

VM state:not at safepoint (normal execution)

VM Mutex/Monitor currently owned by a thread: None

heap address: 0x0000000080000000, size: 2048 MB, Compressed Oops mode: 32-bit
Narrow klass base: 0x0000000000000000, Narrow klass shift: 3
Compressed class space size: 1073741824 Address: 0x0000000100000000

Heap:
 PSYoungGen      total 112640K, used 43394K [0x00000000d5580000, 0x00000000df280000, 0x0000000100000000)
  eden space 100864K, 43% used [0x00000000d5580000,0x00000000d7fe0850,0x00000000db800000)
  from space 11776K, 0% used [0x00000000db800000,0x00000000db800000,0x00000000dc380000)
  to   space 12288K, 0% used [0x00000000de680000,0x00000000de680000,0x00000000df280000)
 ParOldGen       total 94208K, used 17112K [0x0000000080000000, 0x0000000085c00000, 0x00000000d5580000)
  object space 94208K, 18% used [0x0000000080000000,0x00000000810b61f0,0x0000000085c00000)
 Metaspace       used 35858K, capacity 37082K, committed 37288K, reserved 1081344K
  class space    used 4944K, capacity 5236K, committed 5296K, reserved 1048576K

Card table byte_map: [0x0000000011f20000,0x0000000012330000] byte_map_base: 0x0000000011b20000

Marking Bits: (ParMarkBitMap*) 0x000000006659f030
 Begin Bits: [0x0000000012de0000, 0x0000000014de0000)
 End Bits:   [0x0000000014de0000, 0x0000000016de0000)

Polling page: 0x00000000007f0000

CodeCache: size=245760Kb used=11543Kb max_used=11543Kb free=234216Kb
 bounds [0x0000000002b60000, 0x00000000036b0000, 0x0000000011b60000]
 total_blobs=3668 nmethods=2972 adapters=609
 compilation: enabled

Compilation events (10 events):
Event: 3.888 Thread 0x00000000199dc800 2976 %     3       groovy.lang.MetaClassImpl::inheritInterfaceNewMetaMethods @ 104 (199 bytes)
Event: 3.890 Thread 0x00000000199dc800 nmethod 2976% 0x00000000036a71d0 code [0x00000000036a74e0, 0x00000000036a8ec8]
Event: 3.892 Thread 0x00000000199dc800 2977       3       java.net.URI::match (56 bytes)
Event: 3.893 Thread 0x00000000199dc800 nmethod 2977 0x00000000036a9c90 code [0x00000000036a9e00, 0x00000000036aa110]
Event: 3.907 Thread 0x00000000199dc800 2978       3       java.lang.System::getProperty (25 bytes)
Event: 3.908 Thread 0x00000000199dc800 nmethod 2978 0x00000000036aa190 code [0x00000000036aa360, 0x00000000036aa9c8]
Event: 3.928 Thread 0x00000000199dc800 2980       1       org.slf4j.impl.StaticLoggerBinder::getLoggerFactory (5 bytes)
Event: 3.928 Thread 0x00000000199dc800 nmethod 2980 0x00000000036ab050 code [0x00000000036ab1a0, 0x00000000036ab2b0]
Event: 3.961 Thread 0x00000000199dc800 2981       1       java.util.Collections$1::hasNext (5 bytes)
Event: 3.961 Thread 0x00000000199dc800 nmethod 2981 0x00000000036ab5d0 code [0x00000000036ab720, 0x00000000036ab830]

GC Heap History (10 events):
Event: 2.132 GC heap before
{Heap before GC invocations=7 (full 1):
 PSYoungGen      total 74752K, used 8767K [0x00000000d5580000, 0x00000000dab80000, 0x0000000100000000)
  eden space 64512K, 0% used [0x00000000d5580000,0x00000000d5580000,0x00000000d9480000)
  from space 10240K, 85% used [0x00000000d9f80000,0x00000000da80fd20,0x00000000da980000)
  to   space 11264K, 0% used [0x00000000d9480000,0x00000000d9480000,0x00000000d9f80000)
 ParOldGen       total 86016K, used 7214K [0x0000000080000000, 0x0000000085400000, 0x00000000d5580000)
  object space 86016K, 8% used [0x0000000080000000,0x000000008070b848,0x0000000085400000)
 Metaspace       used 20504K, capacity 21242K, committed 21296K, reserved 1067008K
  class space    used 2886K, capacity 3099K, committed 3120K, reserved 1048576K
Event: 2.160 GC heap after
Heap after GC invocations=7 (full 1):
 PSYoungGen      total 74752K, used 0K [0x00000000d5580000, 0x00000000dab80000, 0x0000000100000000)
  eden space 64512K, 0% used [0x00000000d5580000,0x00000000d5580000,0x00000000d9480000)
  from space 10240K, 0% used [0x00000000d9f80000,0x00000000d9f80000,0x00000000da980000)
  to   space 11264K, 0% used [0x00000000d9480000,0x00000000d9480000,0x00000000d9f80000)
 ParOldGen       total 60928K, used 9302K [0x0000000080000000, 0x0000000083b80000, 0x00000000d5580000)
  object space 60928K, 15% used [0x0000000080000000,0x0000000080915ac0,0x0000000083b80000)
 Metaspace       used 20504K, capacity 21242K, committed 21296K, reserved 1067008K
  class space    used 2886K, capacity 3099K, committed 3120K, reserved 1048576K
}
Event: 2.603 GC heap before
{Heap before GC invocations=8 (full 1):
 PSYoungGen      total 74752K, used 64512K [0x00000000d5580000, 0x00000000dab80000, 0x0000000100000000)
  eden space 64512K, 100% used [0x00000000d5580000,0x00000000d9480000,0x00000000d9480000)
  from space 10240K, 0% used [0x00000000d9f80000,0x00000000d9f80000,0x00000000da980000)
  to   space 11264K, 0% used [0x00000000d9480000,0x00000000d9480000,0x00000000d9f80000)
 ParOldGen       total 60928K, used 9302K [0x0000000080000000, 0x0000000083b80000, 0x00000000d5580000)
  object space 60928K, 15% used [0x0000000080000000,0x0000000080915ac0,0x0000000083b80000)
 Metaspace       used 27958K, capacity 28700K, committed 28976K, reserved 1075200K
  class space    used 3864K, capacity 4109K, committed 4144K, reserved 1048576K
Event: 2.612 GC heap after
Heap after GC invocations=8 (full 1):
 PSYoungGen      total 75776K, used 7960K [0x00000000d5580000, 0x00000000dce80000, 0x0000000100000000)
  eden space 64512K, 0% used [0x00000000d5580000,0x00000000d5580000,0x00000000d9480000)
  from space 11264K, 70% used [0x00000000d9480000,0x00000000d9c46190,0x00000000d9f80000)
  to   space 11264K, 0% used [0x00000000dc380000,0x00000000dc380000,0x00000000dce80000)
 ParOldGen       total 60928K, used 9310K [0x0000000080000000, 0x0000000083b80000, 0x00000000d5580000)
  object space 60928K, 15% used [0x0000000080000000,0x0000000080917ac0,0x0000000083b80000)
 Metaspace       used 27958K, capacity 28700K, committed 28976K, reserved 1075200K
  class space    used 3864K, capacity 4109K, committed 4144K, reserved 1048576K
}
Event: 3.127 GC heap before
{Heap before GC invocations=9 (full 1):
 PSYoungGen      total 75776K, used 72472K [0x00000000d5580000, 0x00000000dce80000, 0x0000000100000000)
  eden space 64512K, 100% used [0x00000000d5580000,0x00000000d9480000,0x00000000d9480000)
  from space 11264K, 70% used [0x00000000d9480000,0x00000000d9c46190,0x00000000d9f80000)
  to   space 11264K, 0% used [0x00000000dc380000,0x00000000dc380000,0x00000000dce80000)
 ParOldGen       total 60928K, used 9310K [0x0000000080000000, 0x0000000083b80000, 0x00000000d5580000)
  object space 60928K, 15% used [0x0000000080000000,0x0000000080917ac0,0x0000000083b80000)
 Metaspace       used 32113K, capacity 33142K, committed 33456K, reserved 1077248K
  class space    used 4360K, capacity 4670K, committed 4784K, reserved 1048576K
Event: 3.137 GC heap after
Heap after GC invocations=9 (full 1):
 PSYoungGen      total 112128K, used 8633K [0x00000000d5580000, 0x00000000dd000000, 0x0000000100000000)
  eden space 100864K, 0% used [0x00000000d5580000,0x00000000d5580000,0x00000000db800000)
  from space 11264K, 76% used [0x00000000dc380000,0x00000000dcbee6d0,0x00000000dce80000)
  to   space 11776K, 0% used [0x00000000db800000,0x00000000db800000,0x00000000dc380000)
 ParOldGen       total 60928K, used 9318K [0x0000000080000000, 0x0000000083b80000, 0x00000000d5580000)
  object space 60928K, 15% used [0x0000000080000000,0x0000000080919ac0,0x0000000083b80000)
 Metaspace       used 32113K, capacity 33142K, committed 33456K, reserved 1077248K
  class space    used 4360K, capacity 4670K, committed 4784K, reserved 1048576K
}
Event: 3.555 GC heap before
{Heap before GC invocations=10 (full 1):
 PSYoungGen      total 112128K, used 51941K [0x00000000d5580000, 0x00000000dd000000, 0x0000000100000000)
  eden space 100864K, 42% used [0x00000000d5580000,0x00000000d7fcb118,0x00000000db800000)
  from space 11264K, 76% used [0x00000000dc380000,0x00000000dcbee6d0,0x00000000dce80000)
  to   space 11776K, 0% used [0x00000000db800000,0x00000000db800000,0x00000000dc380000)
 ParOldGen       total 60928K, used 9318K [0x0000000080000000, 0x0000000083b80000, 0x00000000d5580000)
  object space 60928K, 15% used [0x0000000080000000,0x0000000080919ac0,0x0000000083b80000)
 Metaspace       used 34371K, capacity 35342K, committed 35496K, reserved 1079296K
  class space    used 4683K, capacity 4948K, committed 5040K, reserved 1048576K
Event: 3.563 GC heap after
Heap after GC invocations=10 (full 1):
 PSYoungGen      total 112640K, used 10119K [0x00000000d5580000, 0x00000000df280000, 0x0000000100000000)
  eden space 100864K, 0% used [0x00000000d5580000,0x00000000d5580000,0x00000000db800000)
  from space 11776K, 85% used [0x00000000db800000,0x00000000dc1e1c28,0x00000000dc380000)
  to   space 12288K, 0% used [0x00000000de680000,0x00000000de680000,0x00000000df280000)
 ParOldGen       total 60928K, used 9326K [0x0000000080000000, 0x0000000083b80000, 0x00000000d5580000)
  object space 60928K, 15% used [0x0000000080000000,0x000000008091bac0,0x0000000083b80000)
 Metaspace       used 34371K, capacity 35342K, committed 35496K, reserved 1079296K
  class space    used 4683K, capacity 4948K, committed 5040K, reserved 1048576K
}
Event: 3.563 GC heap before
{Heap before GC invocations=11 (full 2):
 PSYoungGen      total 112640K, used 10119K [0x00000000d5580000, 0x00000000df280000, 0x0000000100000000)
  eden space 100864K, 0% used [0x00000000d5580000,0x00000000d5580000,0x00000000db800000)
  from space 11776K, 85% used [0x00000000db800000,0x00000000dc1e1c28,0x00000000dc380000)
  to   space 12288K, 0% used [0x00000000de680000,0x00000000de680000,0x00000000df280000)
 ParOldGen       total 60928K, used 9326K [0x0000000080000000, 0x0000000083b80000, 0x00000000d5580000)
  object space 60928K, 15% used [0x0000000080000000,0x000000008091bac0,0x0000000083b80000)
 Metaspace       used 34371K, capacity 35342K, committed 35496K, reserved 1079296K
  class space    used 4683K, capacity 4948K, committed 5040K, reserved 1048576K
Event: 3.603 GC heap after
Heap after GC invocations=11 (full 2):
 PSYoungGen      total 112640K, used 0K [0x00000000d5580000, 0x00000000df280000, 0x0000000100000000)
  eden space 100864K, 0% used [0x00000000d5580000,0x00000000d5580000,0x00000000db800000)
  from space 11776K, 0% used [0x00000000db800000,0x00000000db800000,0x00000000dc380000)
  to   space 12288K, 0% used [0x00000000de680000,0x00000000de680000,0x00000000df280000)
 ParOldGen       total 94208K, used 17112K [0x0000000080000000, 0x0000000085c00000, 0x00000000d5580000)
  object space 94208K, 18% used [0x0000000080000000,0x00000000810b61f0,0x0000000085c00000)
 Metaspace       used 34371K, capacity 35342K, committed 35496K, reserved 1079296K
  class space    used 4683K, capacity 4948K, committed 5040K, reserved 1048576K
}

Deoptimization events (10 events):
Event: 3.278 Thread 0x000000001c608800 Uncommon trap: reason=range_check action=make_not_entrant pc=0x00000000034b31f8 method=java.lang.String.charAt(I)C @ 27
Event: 3.485 Thread 0x000000001c608800 Uncommon trap: reason=unstable_if action=reinterpret pc=0x0000000002dc128c method=java.util.HashMap.getNode(ILjava/lang/Object;)Ljava/util/HashMap$Node; @ 53
Event: 3.485 Thread 0x000000001c608800 Uncommon trap: reason=unstable_if action=reinterpret pc=0x0000000003003940 method=java.util.HashMap.hash(Ljava/lang/Object;)I @ 1
Event: 3.609 Thread 0x000000001c608800 Uncommon trap: reason=unstable_if action=reinterpret pc=0x0000000003424800 method=org.objectweb.asm.ByteVector.putShort(I)Lorg/objectweb/asm/ByteVector; @ 13
Event: 3.611 Thread 0x000000001c608800 Uncommon trap: reason=unstable_if action=reinterpret pc=0x00000000032330a8 method=java.net.URLStreamHandler.sameFile(Ljava/net/URL;Ljava/net/URL;)Z @ 63
Event: 3.641 Thread 0x000000001c608800 Uncommon trap: reason=unstable_if action=reinterpret pc=0x00000000035f40e8 method=org.codehaus.groovy.runtime.metaclass.MetaMethodIndex.isNonRealMethod(Lgroovy/lang/MetaMethod;)Z @ 4
Event: 3.664 Thread 0x000000001c608800 Uncommon trap: reason=unstable_if action=reinterpret pc=0x0000000003633b28 method=java.lang.ClassLoader.checkCerts(Ljava/lang/String;Ljava/security/CodeSource;)V @ 29
Event: 3.711 Thread 0x000000001c608800 Uncommon trap: reason=unstable_if action=reinterpret pc=0x0000000003431e78 method=org.gradle.internal.reflect.PropertyAccessorType.isGetGetterName(Ljava/lang/String;)Z @ 14
Event: 3.809 Thread 0x000000001c608800 Uncommon trap: reason=unstable_if action=reinterpret pc=0x00000000032cdfc4 method=java.util.WeakHashMap.put(Ljava/lang/Object;Ljava/lang/Object;)Ljava/lang/Object; @ 59
Event: 3.892 Thread 0x000000001c608800 Uncommon trap: reason=unstable_if action=reinterpret pc=0x00000000034a53e0 method=java.net.URI.match(CJJ)Z @ 45

Classes redefined (0 events):
No events

Internal exceptions (10 events):
Event: 3.811 Thread 0x000000001c608800 Exception <a 'java/lang/ClassNotFoundException': org/gradle/api/internal/DefaultNamedDomainObjectListCustomizer> (0x00000000d6b2ecf0) thrown at [C:\src\AOSP-openjdk-git\hotspot\src\share\vm\classfile\systemDictionary.cpp, line 210]
Event: 3.814 Thread 0x000000001c608800 Exception <a 'java/lang/ClassNotFoundException': org/gradle/api/internal/artifacts/DefaultArtifactRepositoryContainerCustomizer> (0x00000000d6ba5c00) thrown at [C:\src\AOSP-openjdk-git\hotspot\src\share\vm\classfile\systemDictionary.cpp, line 210]
Event: 3.816 Thread 0x000000001c608800 Exception <a 'java/lang/ClassNotFoundException': org/gradle/api/internal/artifacts/dsl/DefaultRepositoryHandlerCustomizer> (0x00000000d6c0d958) thrown at [C:\src\AOSP-openjdk-git\hotspot\src\share\vm\classfile\systemDictionary.cpp, line 210]
Event: 3.818 Thread 0x000000001c608800 Exception <a 'java/lang/ClassNotFoundException': org/gradle/api/internal/artifacts/dsl/DefaultRepositoryHandler_DecoratedCustomizer> (0x00000000d6c8be88) thrown at [C:\src\AOSP-openjdk-git\hotspot\src\share\vm\classfile\systemDictionary.cpp, line 210]
Event: 3.884 Thread 0x000000001c608800 Exception <a 'java/lang/ClassNotFoundException': groovy/lang/GString$1BeanInfo> (0x00000000d73a7e88) thrown at [C:\src\AOSP-openjdk-git\hotspot\src\share\vm\classfile\systemDictionary.cpp, line 210]
Event: 3.885 Thread 0x000000001c608800 Exception <a 'java/lang/ClassNotFoundException': groovy/lang/GStringBeanInfo> (0x00000000d73c9e88) thrown at [C:\src\AOSP-openjdk-git\hotspot\src\share\vm\classfile\systemDictionary.cpp, line 210]
Event: 3.885 Thread 0x000000001c608800 Exception <a 'java/lang/ClassNotFoundException': groovy/lang/GStringCustomizer> (0x00000000d73eca20) thrown at [C:\src\AOSP-openjdk-git\hotspot\src\share\vm\classfile\systemDictionary.cpp, line 210]
Event: 3.886 Thread 0x000000001c608800 Exception <a 'java/lang/ClassNotFoundException': groovy/lang/GString$1Customizer> (0x00000000d741b9d8) thrown at [C:\src\AOSP-openjdk-git\hotspot\src\share\vm\classfile\systemDictionary.cpp, line 210]
Event: 3.890 Thread 0x000000001c608800 Exception <a 'java/lang/ClassNotFoundException': org/codehaus/groovy/runtime/GStringImplBeanInfo> (0x00000000d74ce700) thrown at [C:\src\AOSP-openjdk-git\hotspot\src\share\vm\classfile\systemDictionary.cpp, line 210]
Event: 3.891 Thread 0x000000001c608800 Exception <a 'java/lang/ClassNotFoundException': org/codehaus/groovy/runtime/GStringImplCustomizer> (0x00000000d74fb7e8) thrown at [C:\src\AOSP-openjdk-git\hotspot\src\share\vm\classfile\systemDictionary.cpp, line 210]

Events (10 events):
Event: 3.969 loading class org/gradle/internal/component/local/model/DslOriginDependencyMetadata
Event: 3.969 loading class org/gradle/internal/component/local/model/DslOriginDependencyMetadata done
Event: 3.970 loading class org/gradle/internal/component/model/DependencyMetadata
Event: 3.970 loading class org/gradle/internal/component/model/DependencyMetadata done
Event: 3.970 loading class org/gradle/api/internal/artifacts/ivyservice/resolveengine/graph/builder/DependencyState
Event: 3.970 loading class org/gradle/api/internal/artifacts/ivyservice/resolveengine/graph/builder/DependencyState done
Event: 3.971 loading class org/gradle/internal/component/model/DependencyMetadata
Event: 3.971 loading class org/gradle/internal/component/model/DependencyMetadata done
Event: 3.971 loading class org/gradle/api/internal/artifacts/ivyservice/resolveengine/graph/builder/NodeState
Event: 3.971 loading class org/gradle/api/internal/artifacts/ivyservice/resolveengine/graph/builder/NodeState done


Dynamic libraries:
0x00007ff6e3710000 - 0x00007ff6e3741000 	C:\Program Files\Android\Android Studio\jre\bin\java.exe
0x00007ffec4280000 - 0x00007ffec4470000 	C:\windows\SYSTEM32\ntdll.dll
0x00007ffec3990000 - 0x00007ffec3a42000 	C:\windows\System32\KERNEL32.DLL
0x00007ffec1630000 - 0x00007ffec18d5000 	C:\windows\System32\KERNELBASE.dll
0x00007ffec4130000 - 0x00007ffec41d3000 	C:\windows\System32\ADVAPI32.dll
0x00007ffec3a50000 - 0x00007ffec3aee000 	C:\windows\System32\msvcrt.dll
0x00007ffec4010000 - 0x00007ffec40a7000 	C:\windows\System32\sechost.dll
0x00007ffec2f50000 - 0x00007ffec3070000 	C:\windows\System32\RPCRT4.dll
0x00007ffec3cc0000 - 0x00007ffec3e55000 	C:\windows\System32\USER32.dll
0x00007ffec1360000 - 0x00007ffec1381000 	C:\windows\System32\win32u.dll
0x00007ffec28c0000 - 0x00007ffec28e6000 	C:\windows\System32\GDI32.dll
0x00007ffec1490000 - 0x00007ffec1626000 	C:\windows\System32\gdi32full.dll
0x00007ffec1ac0000 - 0x00007ffec1b5e000 	C:\windows\System32\msvcp_win.dll
0x00007ffec18e0000 - 0x00007ffec19da000 	C:\windows\System32\ucrtbase.dll
0x00007ffea5370000 - 0x00007ffea55f4000 	C:\windows\WinSxS\amd64_microsoft.windows.common-controls_6595b64144ccf1df_6.0.18362.1082_none_9e8193e1e45b25c1\COMCTL32.dll
0x00007ffec28f0000 - 0x00007ffec2c25000 	C:\windows\System32\combase.dll
0x00007ffec19e0000 - 0x00007ffec1a60000 	C:\windows\System32\bcryptPrimitives.dll
0x00007ffec3b00000 - 0x00007ffec3b2e000 	C:\windows\System32\IMM32.DLL
0x0000000065280000 - 0x0000000065352000 	C:\Program Files\Android\Android Studio\jre\jre\bin\msvcr100.dll
0x0000000065dd0000 - 0x000000006661b000 	C:\Program Files\Android\Android Studio\jre\jre\bin\server\jvm.dll
0x00007ffec3af0000 - 0x00007ffec3af8000 	C:\windows\System32\PSAPI.DLL
0x00007ffebc690000 - 0x00007ffebc699000 	C:\windows\SYSTEM32\WSOCK32.dll
0x00007ffebc900000 - 0x00007ffebc924000 	C:\windows\SYSTEM32\WINMM.dll
0x00007ffeb9d10000 - 0x00007ffeb9d1a000 	C:\windows\SYSTEM32\VERSION.dll
0x00007ffec3b30000 - 0x00007ffec3b9f000 	C:\windows\System32\WS2_32.dll
0x00007ffebc8a0000 - 0x00007ffebc8cd000 	C:\windows\SYSTEM32\WINMMBASE.dll
0x00007ffec1440000 - 0x00007ffec148a000 	C:\windows\System32\cfgmgr32.dll
0x00007ffebc680000 - 0x00007ffebc68f000 	C:\Program Files\Android\Android Studio\jre\jre\bin\verify.dll
0x00007ffebc650000 - 0x00007ffebc679000 	C:\Program Files\Android\Android Studio\jre\jre\bin\java.dll
0x00007ffea4530000 - 0x00007ffea4546000 	C:\Program Files\Android\Android Studio\jre\jre\bin\zip.dll
0x00007ffec3140000 - 0x00007ffec3827000 	C:\windows\System32\SHELL32.dll
0x00007ffec3ba0000 - 0x00007ffec3c49000 	C:\windows\System32\shcore.dll
0x00007ffec1bb0000 - 0x00007ffec2330000 	C:\windows\System32\windows.storage.dll
0x00007ffec1190000 - 0x00007ffec11b3000 	C:\windows\System32\profapi.dll
0x00007ffec11c0000 - 0x00007ffec120a000 	C:\windows\System32\powrprof.dll
0x00007ffec1140000 - 0x00007ffec1150000 	C:\windows\System32\UMPDC.dll
0x00007ffec2340000 - 0x00007ffec2392000 	C:\windows\System32\shlwapi.dll
0x00007ffec1150000 - 0x00007ffec1161000 	C:\windows\System32\kernel.appcore.dll
0x00007ffec1b60000 - 0x00007ffec1b77000 	C:\windows\System32\cryptsp.dll
0x00007ffea4510000 - 0x00007ffea452a000 	C:\Program Files\Android\Android Studio\jre\jre\bin\net.dll
0x00007ffec0990000 - 0x00007ffec09f7000 	C:\windows\system32\mswsock.dll
0x00007ffea3e40000 - 0x00007ffea3e53000 	C:\Program Files\Android\Android Studio\jre\jre\bin\nio.dll
0x00007ffeae250000 - 0x00007ffeae276000 	C:\Users\juana\.gradle\native\31\windows-amd64\native-platform.dll
0x00007ffea4a40000 - 0x00007ffea4a4d000 	C:\Program Files\Android\Android Studio\jre\jre\bin\management.dll
0x00007ffec0500000 - 0x00007ffec0533000 	C:\windows\system32\rsaenh.dll
0x00007ffec1b80000 - 0x00007ffec1ba6000 	C:\windows\System32\bcrypt.dll
0x00007ffec1060000 - 0x00007ffec1085000 	C:\windows\SYSTEM32\USERENV.dll
0x00007ffec0b60000 - 0x00007ffec0b6c000 	C:\windows\SYSTEM32\CRYPTBASE.dll
0x00007ffec06a0000 - 0x00007ffec06da000 	C:\windows\SYSTEM32\IPHLPAPI.DLL
0x00007ffec3980000 - 0x00007ffec3988000 	C:\windows\System32\NSI.dll
0x00007ffeb8ff0000 - 0x00007ffeb9006000 	C:\windows\SYSTEM32\dhcpcsvc6.DLL
0x00007ffeba010000 - 0x00007ffeba02c000 	C:\windows\SYSTEM32\dhcpcsvc.DLL
0x00007ffec06e0000 - 0x00007ffec07ab000 	C:\windows\SYSTEM32\DNSAPI.dll

VM Arguments:
jvm_args: -Xmx2048m -Dfile.encoding=windows-1252 -Duser.country=GT -Duser.language=es -Duser.variant 
java_command: org.gradle.launcher.daemon.bootstrap.GradleDaemon 6.1.1
java_class_path (initial): C:\Users\juana\.gradle\wrapper\dists\gradle-6.1.1-all\cfmwm155h49vnt3hynmlrsdst\gradle-6.1.1\lib\gradle-launcher-6.1.1.jar
Launcher Type: SUN_STANDARD

Environment Variables:
PATH=C:\Program Files (x86)\Razer\ChromaBroadcast\bin;C:\Program Files\Razer\ChromaBroadcast\bin;C:\Program Files\Java\jdk-14.0.1\bin;C:\windows\system32;C:\windows\System32\Wbem;C:\windows\System32\WindowsPowerShell\v1.0\;C:\windows\System32\OpenSSH\;C:\Program Files (x86)\NVIDIA Corporation\PhysX\Common;C:\Program Files\NVIDIA Corporation\NVIDIA NvDLISR;C:\Program Files\dotnet\;C:\Program Files\Microsoft SQL Server\130\Tools\Binn\;C:\Program Files\Microsoft SQL Server\Client SDK\ODBC\170\Tools\Binn\;C:\Users\juana\AppData\Local\Microsoft\WindowsApps;C:\Users\juana\.dotnet\tools;C:\Program Files\Git\cmd;C:\Program Files\MySQL\MySQL Shell 8.0\bin\;C:\Users\juana\AppData\Local\Microsoft\WindowsApps;C:\Program Files\FlutterFolder\flutter\bin;C:\Users\juana\AppData\Local\Programs\Microsoft VS Code\bin;C:\Users\juana\AppData\Local\GitHubDesktop\bin
USERNAME=juana
OS=Windows_NT
PROCESSOR_IDENTIFIER=Intel64 Family 6 Model 158 Stepping 13, GenuineIntel



---------------  S Y S T E M  ---------------

OS: Windows 10.0 , 64 bit Build 18362 (10.0.18362.1082)

CPU:total 8 (initial active 8) (4 cores per cpu, 2 threads per core) family 6 model 158 stepping 13, cmov, cx8, fxsr, mmx, sse, sse2, sse3, ssse3, sse4.1, sse4.2, popcnt, avx, avx2, aes, clmul, erms, 3dnowpref, lzcnt, ht, tsc, tscinvbit, bmi1, bmi2, adx

Memory: 4k page, physical 8192024k(1296472k free), swap 10133528k(5152k free)

vm_info: OpenJDK 64-Bit Server VM (25.242-b01) for windows-amd64 JRE (1.8.0_242-release-1644-b01), built by "builder" with MS VC++ 10.0 (VS2010)

time: Wed Sep 23 13:33:06 2020
timezone: Hora estándar, América Central
elapsed time: 3 seconds (0d 0h 0m 3s)

